#-----------------------------------------------------------
# Vivado v2020.1 (64-bit)
# SW Build 2902540 on Wed May 27 19:54:49 MDT 2020
# IP Build 2902112 on Wed May 27 22:43:36 MDT 2020
# Start of session at: Thu May  9 23:47:11 2024
# Process ID: 9564
# Current directory: C:/Users/gusta/Documents/SEP_projects/Comparer
# Command line: vivado.exe -gui_launcher_event rodinguilauncherevent17872 C:\Users\gusta\Documents\SEP_projects\Comparer\Comparer.xpr
# Log file: C:/Users/gusta/Documents/SEP_projects/Comparer/vivado.log
# Journal file: C:/Users/gusta/Documents/SEP_projects/Comparer\vivado.jou
#-----------------------------------------------------------
start_gui
open_project C:/Users/gusta/Documents/SEP_projects/Comparer/Comparer.xpr
INFO: [Project 1-313] Project file moved from 'C:/DATA/2024/7mo semestre/SEP/Proyectos/Comparer' since last save.
Scanning sources...
Finished scanning sources
WARNING: [Project 1-509] GeneratedRun file for 'synth_1' not found
WARNING: [Project 1-509] GeneratedRun file for 'impl_1' not found
CRITICAL WARNING: [Board 49-67] The board_part definition was not found for digilentinc.com:zybo-z7-10:part0:1.2. This can happen sometimes when you use custom board part. You can resolve this issue by setting 'board.repoPaths' parameter, pointing to the location of custom board files. Valid board_part values can be retrieved with the 'get_board_parts' Tcl command.
INFO: [IP_Flow 19-234] Refreshing IP repositories
INFO: [IP_Flow 19-1700] Loaded user IP repository 'c:/Users/gusta/Documents/SEP_projects/Comparer/Comparer.srcs'.
INFO: [IP_Flow 19-2313] Loaded Vivado IP repository 'C:/Xilinx/Vivado/2020.1/data/ip'.
open_project: Time (s): cpu = 00:00:11 ; elapsed = 00:00:06 . Memory (MB): peak = 1048.945 ; gain = 0.000
update_compile_order -fileset sources_1
reset_run impl_1
launch_runs impl_1 -jobs 4
ERROR: [Common 17-70] Application Exception: Design checkpoint not set for synth run 'synth_1'
exit
INFO: [Common 17-206] Exiting Vivado at Fri May 10 08:46:45 2024...
