#-----------------------------------------------------------
# Vivado v2020.1 (64-bit)
# SW Build 2902540 on Wed May 27 19:54:49 MDT 2020
# IP Build 2902112 on Wed May 27 22:43:36 MDT 2020
# Start of session at: Thu Jun 20 20:18:59 2024
# Process ID: 21572
# Current directory: C:/Users/gusta/Documents/SEP_projects/HW_SW/SEPmonG3/SEPmon
# Command line: vivado.exe -gui_launcher_event rodinguilauncherevent4356 C:\Users\gusta\Documents\SEP_projects\HW_SW\SEPmonG3\SEPmon\SEPmon.xpr
# Log file: C:/Users/gusta/Documents/SEP_projects/HW_SW/SEPmonG3/SEPmon/vivado.log
# Journal file: C:/Users/gusta/Documents/SEP_projects/HW_SW/SEPmonG3/SEPmon\vivado.jou
#-----------------------------------------------------------
start_gui
open_project C:/Users/gusta/Documents/SEP_projects/HW_SW/SEPmonG3/SEPmon/SEPmon.xpr
INFO: [Project 1-313] Project file moved from 'C:/Users/gusta/OneDrive/Documents/universidad/4to/1r/SEP/Proyectos/pr2/SEPmonG3/SEPmon' since last save.
Scanning sources...
Finished scanning sources
WARNING: [filemgmt 56-2] IP Repository Path: Could not find the directory 'C:/Users/gusta/Documents/SEP_projects/HW_SW/SEP/Proyecto_Base_Booster_v2/DEMODEFINITIVA/ip_repo/BUZZER_1.0', nor could it be found using path 'C:/Users/gusta/OneDrive/Documents/universidad/4to/1r/SEP/Proyectos/pr2/SEP/Proyecto_Base_Booster_v2/DEMODEFINITIVA/ip_repo/BUZZER_1.0'.
INFO: [filemgmt 56-1] IP Repository Path: Directory not found as 'C:/Users/gusta/Documents/SEP_projects/pr2'; using path 'C:/Users/gusta/OneDrive/Documents/universidad/4to/1r/SEP/Proyectos/pr2' instead.
WARNING: [filemgmt 56-2] IP Repository Path: Could not find the directory 'C:/Users/gusta/Documents/SEP_projects/HW_SW/SEP/Proyecto_Base_Booster_v2/DEMODEFINITIVA/ip_repo/My_PWM_1.0', nor could it be found using path 'C:/Users/gusta/OneDrive/Documents/universidad/4to/1r/SEP/Proyectos/pr2/SEP/Proyecto_Base_Booster_v2/DEMODEFINITIVA/ip_repo/My_PWM_1.0'.
INFO: [IP_Flow 19-234] Refreshing IP repositories
WARNING: [IP_Flow 19-2248] Failed to load user IP repository 'c:/Users/gusta/Documents/SEP_projects/HW_SW/SEP/Proyecto_Base_Booster_v2/DEMODEFINITIVA/ip_repo/BUZZER_1.0'; Can't find the specified path.
If this directory should no longer be in your list of user repositories, go to the IP Settings dialog and remove it.
CRITICAL WARNING: [IP_Flow 19-4648] Error loading IP definition Reproductor_v1_0 (xilinx.com:user:Reproductor:1.0): This component is not valid; it has a subcoreRef defined to be the same as its parent.
INFO: [IP_Flow 19-1700] Loaded user IP repository 'c:/Users/gusta/OneDrive/Documents/universidad/4to/1r/SEP/Proyectos/pr2'.
WARNING: [IP_Flow 19-2248] Failed to load user IP repository 'c:/Users/gusta/Documents/SEP_projects/HW_SW/SEP/Proyecto_Base_Booster_v2/DEMODEFINITIVA/ip_repo/My_PWM_1.0'; Can't find the specified path.
If this directory should no longer be in your list of user repositories, go to the IP Settings dialog and remove it.
INFO: [IP_Flow 19-2313] Loaded Vivado IP repository 'C:/Xilinx/Vivado/2020.1/data/ip'.
WARNING: [IP_Flow 19-1663] Duplicate IP found for 'xilinx.com:user:Reproductor:1.0'. The one found in IP location 'c:/Users/gusta/OneDrive/Documents/universidad/4to/1r/SEP/Proyectos/pr2/Musica/Musica.srcs' will take precedence over the same IP in location c:/Users/gusta/OneDrive/Documents/universidad/4to/1r/SEP/Proyectos/pr2/Musica/Musica.srcs/sources_1/new
WARNING: [IP_Flow 19-1663] Duplicate IP found for 'xilinx.com:module_ref:BUZZER:1.0'. The one found in IP location 'c:/Users/gusta/OneDrive/Documents/universidad/4to/1r/SEP/Proyectos/pr2/SEPmonG3/SEPmon/SEPmon.srcs/sources_1/bd/mref/BUZZER' will take precedence over the same IP in location c:/Users/gusta/Documents/SEP_projects/HW_SW/SEPmonG3/SEPmon/SEPmon.srcs/sources_1/bd/mref/BUZZER
open_project: Time (s): cpu = 00:00:23 ; elapsed = 00:00:25 . Memory (MB): peak = 1050.035 ; gain = 0.000
