#-----------------------------------------------------------
# Vivado v2020.1 (64-bit)
# SW Build 2902540 on Wed May 27 19:54:49 MDT 2020
# IP Build 2902112 on Wed May 27 22:43:36 MDT 2020
# Start of session at: Sat May 11 18:05:40 2024
# Process ID: 12176
# Current directory: C:/Users/gusta/Documents/SEP_projects/Game
# Command line: vivado.exe -gui_launcher_event rodinguilauncherevent5212 C:\Users\gusta\Documents\SEP_projects\Game\Game.xpr
# Log file: C:/Users/gusta/Documents/SEP_projects/Game/vivado.log
# Journal file: C:/Users/gusta/Documents/SEP_projects/Game\vivado.jou
#-----------------------------------------------------------
start_gui
open_project C:/Users/gusta/Documents/SEP_projects/Game/Game.xpr
Scanning sources...
Finished scanning sources
WARNING: [Project 1-509] GeneratedRun file for 'synth_1' not found
WARNING: [Project 1-509] GeneratedRun file for 'impl_1' not found
WARNING: [filemgmt 56-3] IPUserFilesDir: Could not find the directory 'C:/Users/gusta/Documents/SEP_projects/Game/Game.ip_user_files'.
INFO: [IP_Flow 19-234] Refreshing IP repositories
INFO: [IP_Flow 19-1700] Loaded user IP repository 'c:/Users/gusta/Documents/SEP_projects/Game/Game.srcs'.
INFO: [IP_Flow 19-2313] Loaded Vivado IP repository 'C:/Xilinx/Vivado/2020.1/data/ip'.
open_project: Time (s): cpu = 00:00:12 ; elapsed = 00:00:06 . Memory (MB): peak = 1061.812 ; gain = 0.000
update_compile_order -fileset sources_1
exit
INFO: [Common 17-206] Exiting Vivado at Sat May 11 19:06:16 2024...
