#-----------------------------------------------------------
# Vivado v2020.1 (64-bit)
# SW Build 2902540 on Wed May 27 19:54:49 MDT 2020
# IP Build 2902112 on Wed May 27 22:43:36 MDT 2020
# Start of session at: Sat May 11 09:22:53 2024
# Process ID: 15584
# Current directory: C:/Users/gusta/Documents/SEP_projects/Game
# Command line: vivado.exe -gui_launcher_event rodinguilauncherevent14920 C:\Users\gusta\Documents\SEP_projects\Game\Game.xpr
# Log file: C:/Users/gusta/Documents/SEP_projects/Game/vivado.log
# Journal file: C:/Users/gusta/Documents/SEP_projects/Game\vivado.jou
#-----------------------------------------------------------
start_gui
open_project C:/Users/gusta/Documents/SEP_projects/Game/Game.xpr
Scanning sources...
Finished scanning sources
INFO: [IP_Flow 19-234] Refreshing IP repositories
INFO: [IP_Flow 19-1700] Loaded user IP repository 'c:/Users/gusta/Documents/SEP_projects/Game/Game.srcs'.
INFO: [IP_Flow 19-2313] Loaded Vivado IP repository 'C:/Xilinx/Vivado/2020.1/data/ip'.
update_compile_order -fileset sources_1
ipx::package_project -root_dir c:/users/gusta/documents/sep_projects/game/game.srcs -vendor xilinx.com -library user -taxonomy /UserIP -force
INFO: [IP_Flow 19-2181] Payment Required is not set for this core.
INFO: [IP_Flow 19-2187] The Product Guide file is missing.
set_property core_revision 2 [ipx::current_core]
ipx::create_xgui_files [ipx::current_core]
ipx::update_checksums [ipx::current_core]
ipx::save_core [ipx::current_core]
update_ip_catalog -rebuild -repo_path c:/Users/gusta/Documents/SEP_projects/Game/Game.srcs
INFO: [IP_Flow 19-725] Reloaded user IP repository 'c:/Users/gusta/Documents/SEP_projects/Game/Game.srcs'
