#-----------------------------------------------------------
# Vivado v2020.1 (64-bit)
# SW Build 2902540 on Wed May 27 19:54:49 MDT 2020
# IP Build 2902112 on Wed May 27 22:43:36 MDT 2020
# Start of session at: Fri May 10 09:26:45 2024
# Process ID: 11208
# Current directory: C:/Users/gusta/OneDrive/Documents/universidad/4to/1r/SEP/Proyectos/pr1/Game
# Command line: vivado.exe -gui_launcher_event rodinguilauncherevent20996 C:\Users\gusta\OneDrive\Documents\universidad\4to\1r\SEP\Proyectos\pr1\Game\Game.xpr
# Log file: C:/Users/gusta/OneDrive/Documents/universidad/4to/1r/SEP/Proyectos/pr1/Game/vivado.log
# Journal file: C:/Users/gusta/OneDrive/Documents/universidad/4to/1r/SEP/Proyectos/pr1/Game\vivado.jou
#-----------------------------------------------------------
start_gui
open_project C:/Users/gusta/OneDrive/Documents/universidad/4to/1r/SEP/Proyectos/pr1/Game/Game.xpr
Scanning sources...
Finished scanning sources
INFO: [IP_Flow 19-234] Refreshing IP repositories
INFO: [IP_Flow 19-1704] No user IP repositories specified
INFO: [IP_Flow 19-2313] Loaded Vivado IP repository 'C:/Xilinx/Vivado/2020.1/data/ip'.
open_project: Time (s): cpu = 00:00:18 ; elapsed = 00:00:09 . Memory (MB): peak = 1049.840 ; gain = 0.000
update_compile_order -fileset sources_1
ipx::package_project -root_dir c:/users/gusta/onedrive/documents/universidad/4to/1r/sep/proyectos/pr1/game/game.srcs -vendor xilinx.com -library user -taxonomy /UserIP -force
INFO: [IP_Flow 19-2181] Payment Required is not set for this core.
INFO: [IP_Flow 19-2187] The Product Guide file is missing.
set_property core_revision 2 [ipx::current_core]
ipx::create_xgui_files [ipx::current_core]
ipx::update_checksums [ipx::current_core]
ipx::save_core [ipx::current_core]
set_property  ip_repo_paths  c:/users/gusta/onedrive/documents/universidad/4to/1r/sep/proyectos/pr1/game/game.srcs [current_project]
update_ip_catalog
INFO: [IP_Flow 19-234] Refreshing IP repositories
INFO: [IP_Flow 19-1700] Loaded user IP repository 'c:/users/gusta/onedrive/documents/universidad/4to/1r/sep/proyectos/pr1/game/game.srcs'.
exit
INFO: [Common 17-206] Exiting Vivado at Fri May 10 09:35:14 2024...
