Vivado Simulator 2020.1
Copyright 1986-1999, 2001-2020 Xilinx, Inc. All Rights Reserved.
Running: C:/Xilinx/Vivado/2020.1/bin/unwrapped/win64.o/xelab.exe -wto f020ef262bce4024aaac958fee6c3504 --incr --debug typical --relax --mt 2 --maxdelay -L xil_defaultlib -L simprims_ver -L secureip --snapshot design_1_wrapper_time_impl -transport_int_delays -pulse_r 0 -pulse_int_r 0 -pulse_e 0 -pulse_int_e 0 xil_defaultlib.design_1_wrapper xil_defaultlib.glbl -log elaborate.log 
Using 2 slave threads.
Starting static elaboration
Pass Through NonSizing Optimizer
Completed static elaboration
Starting simulation data flow analysis
Completed simulation data flow analysis
INFO: [XSIM 43-3451] SDF backannotation process started with SDF file "design_1_wrapper_time_impl.sdf", for root module "design_1_wrapper".
INFO: [XSIM 43-3452] SDF backannotation was successful for SDF file "design_1_wrapper_time_impl.sdf", for root module "design_1_wrapper".
Time Resolution for simulation is 1ps
Compiling module simprims_ver.IBUF
Compiling module simprims_ver.BUFG
Compiling module simprims_ver.x_lut2_mux4
Compiling module simprims_ver.LUT2
Compiling module simprims_ver.FDRE(XON="FALSE")
Compiling module simprims_ver.x_lut1_mux2
Compiling module simprims_ver.LUT1
Compiling module simprims_ver.FDRE_default
Compiling module xil_defaultlib.xsdbm_v3_0_0_ctl_reg
Compiling module simprims_ver.LUT4
Compiling module simprims_ver.x_lut3_mux8
Compiling module simprims_ver.LUT3
Compiling module xil_defaultlib.xsdbm_v3_0_0_stat_reg
Compiling module simprims_ver.LUT6
Compiling module xil_defaultlib.xsdbm_v3_0_0_stat_reg__parameter...
Compiling module simprims_ver.LUT5
Compiling module xil_defaultlib.xsdbm_v3_0_0_ctl_reg__parameteri...
Compiling module xil_defaultlib.xsdbm_v3_0_0_ctl_reg__parameteri...
Compiling module simprims_ver.GND
Compiling module simprims_ver.VCC
Compiling module simprims_ver.FDCE(XON="FALSE")
Compiling module xil_defaultlib.synchronizer_ff__parameterized0_...
Compiling module xil_defaultlib.synchronizer_ff__parameterized0_...
Compiling module xil_defaultlib.synchronizer_ff__parameterized0_...
Compiling module xil_defaultlib.synchronizer_ff__parameterized0_...
Compiling module simprims_ver.FDCE_default
Compiling module xil_defaultlib.clk_x_pntrs_7
Compiling module simprims_ver.FDPE_default
Compiling module xil_defaultlib.rd_fwft
Compiling module xil_defaultlib.rd_status_flags_as_17
Compiling module xil_defaultlib.rd_handshaking_flags__parameteri...
Compiling module xil_defaultlib.rd_bin_cntr_18
Compiling module xil_defaultlib.rd_logic__parameterized0
Compiling module xil_defaultlib.wr_status_flags_as_14
Compiling module xil_defaultlib.wr_handshaking_flags_15
Compiling module xil_defaultlib.wr_bin_cntr_16
Compiling module xil_defaultlib.wr_logic__parameterized0
Compiling module simprims_ver.RAMD32
Compiling module simprims_ver.RAMS32
Compiling module xil_defaultlib.RAM32M_UNIQ_BASE_
Compiling module xil_defaultlib.RAM32M_HD340
Compiling module xil_defaultlib.RAM32M_HD341
Compiling module xil_defaultlib.dmem_13
Compiling module xil_defaultlib.memory__parameterized0
Compiling module xil_defaultlib.synchronizer_ff_9
Compiling module xil_defaultlib.synchronizer_ff_10
Compiling module xil_defaultlib.synchronizer_ff_11
Compiling module xil_defaultlib.synchronizer_ff_12
Compiling module simprims_ver.FDPE(XON="FALSE",INIT=1'b0)
Compiling module xil_defaultlib.reset_blk_ramfifo_8
Compiling module xil_defaultlib.fifo_generator_ramfifo__paramete...
Compiling module xil_defaultlib.fifo_generator_top__parameterize...
Compiling module xil_defaultlib.fifo_generator_v13_1_4_synth__pa...
Compiling module xil_defaultlib.fifo_generator_v13_1_4__paramete...
Compiling module xil_defaultlib.xsdbm_v3_0_0_rdfifo
Compiling module xil_defaultlib.xsdbm_v3_0_0_rdreg
Compiling module xil_defaultlib.synchronizer_ff__parameterized0
Compiling module xil_defaultlib.synchronizer_ff__parameterized0_...
Compiling module xil_defaultlib.synchronizer_ff__parameterized0_...
Compiling module xil_defaultlib.synchronizer_ff__parameterized0_...
Compiling module xil_defaultlib.clk_x_pntrs
Compiling module xil_defaultlib.rd_status_flags_as
Compiling module xil_defaultlib.rd_handshaking_flags
Compiling module xil_defaultlib.rd_bin_cntr
Compiling module xil_defaultlib.rd_logic
Compiling module xil_defaultlib.wr_status_flags_as
Compiling module xil_defaultlib.wr_handshaking_flags
Compiling module xil_defaultlib.wr_bin_cntr
Compiling module xil_defaultlib.wr_logic
Compiling module xil_defaultlib.RAM32M_HD342
Compiling module xil_defaultlib.RAM32M_HD343
Compiling module xil_defaultlib.RAM32M_HD344
Compiling module xil_defaultlib.dmem
Compiling module xil_defaultlib.memory
Compiling module xil_defaultlib.synchronizer_ff
Compiling module xil_defaultlib.synchronizer_ff_1
Compiling module xil_defaultlib.synchronizer_ff_2
Compiling module xil_defaultlib.synchronizer_ff_3
Compiling module xil_defaultlib.reset_blk_ramfifo
Compiling module xil_defaultlib.fifo_generator_ramfifo
Compiling module xil_defaultlib.fifo_generator_top
Compiling module xil_defaultlib.fifo_generator_v13_1_4_synth
Compiling module xil_defaultlib.fifo_generator_v13_1_4
Compiling module xil_defaultlib.xsdbm_v3_0_0_wrfifo
Compiling module xil_defaultlib.xsdbm_v3_0_0_wrreg
Compiling module xil_defaultlib.xsdbm_v3_0_0_ctl_reg__parameteri...
Compiling module xil_defaultlib.xsdbm_v3_0_0_stat_reg__parameter...
Compiling module xil_defaultlib.xsdbm_v3_0_0_if_static_status
Compiling module xil_defaultlib.xsdbm_v3_0_0_if
Compiling module simprims_ver.CARRY4
Compiling module xil_defaultlib.xsdbm_v3_0_0_addr_ctl
Compiling module xil_defaultlib.xsdbm_v3_0_0_burst_wdlen_ctl
Compiling module xil_defaultlib.xsdbm_v3_0_0_bus_ctl_flg__parame...
Compiling module xil_defaultlib.xsdbm_v3_0_0_bus_ctl_flg
Compiling module xil_defaultlib.xsdbm_v3_0_0_bus_ctl_cnt
Compiling module xil_defaultlib.xsdbm_v3_0_0_bus_ctl
Compiling module xil_defaultlib.xsdbm_v3_0_0_bus_mstr2sl_if
Compiling module xil_defaultlib.xsdbm_v3_0_0_icon2xsdb
Compiling module xil_defaultlib.xsdbm_v3_0_0_cmd_decode
Compiling module xil_defaultlib.xsdbm_v3_0_0_stat
Compiling module xil_defaultlib.xsdbm_v3_0_0_sync
Compiling module xil_defaultlib.xsdbm_v3_0_0_icon
Compiling module simprims_ver.BSCANE2
Compiling module xil_defaultlib.ltlib_v1_0_0_bscan
Compiling module simprims_ver.FDSE_default
Compiling module xil_defaultlib.xsdbm_v3_0_0_bscan_switch
Compiling module xil_defaultlib.xsdbm_v3_0_0_xsdbm_id
Compiling module xil_defaultlib.xsdbm_v3_0_0_xsdbm
Compiling module xil_defaultlib.dbg_hub
Compiling module simprims_ver.MUXF7
Compiling module xil_defaultlib.design_1_Game_0_0_Comparer
Compiling module xil_defaultlib.design_1_Game_0_0_DFF_Debouncing...
Compiling module xil_defaultlib.design_1_Game_0_0_DFF_Debouncing...
Compiling module xil_defaultlib.design_1_Game_0_0_DFF_Debouncing...
Compiling module xil_defaultlib.design_1_Game_0_0_clock_enable_d...
Compiling module xil_defaultlib.design_1_Game_0_0_Debouncer
Compiling module xil_defaultlib.design_1_Game_0_0_DFF_Debouncing...
Compiling module xil_defaultlib.design_1_Game_0_0_DFF_Debouncing...
Compiling module xil_defaultlib.design_1_Game_0_0_DFF_Debouncing...
Compiling module xil_defaultlib.design_1_Game_0_0_clock_enable_d...
Compiling module xil_defaultlib.design_1_Game_0_0_Debouncer_0
Compiling module xil_defaultlib.design_1_Game_0_0_DFF_Debouncing...
Compiling module xil_defaultlib.design_1_Game_0_0_DFF_Debouncing...
Compiling module xil_defaultlib.design_1_Game_0_0_DFF_Debouncing...
Compiling module xil_defaultlib.design_1_Game_0_0_clock_enable_d...
Compiling module xil_defaultlib.design_1_Game_0_0_Debouncer_1
Compiling module xil_defaultlib.design_1_Game_0_0_DFF_Debouncing...
Compiling module xil_defaultlib.design_1_Game_0_0_DFF_Debouncing...
Compiling module xil_defaultlib.design_1_Game_0_0_DFF_Debouncing...
Compiling module xil_defaultlib.design_1_Game_0_0_clock_enable_d...
Compiling module xil_defaultlib.design_1_Game_0_0_Debouncer_2
Compiling module xil_defaultlib.design_1_Game_0_0_GDebouncer
Compiling module xil_defaultlib.design_1_Game_0_0_LedShow
Compiling module xil_defaultlib.design_1_Game_0_0_Game
Compiling module xil_defaultlib.design_1_Game_0_0
Compiling module simprims_ver.latchsre_ldce
Compiling module simprims_ver.LDCE
Compiling module xil_defaultlib.design_1_ID_selector_0_0_ID_sele...
Compiling module xil_defaultlib.design_1_ID_selector_0_0
Compiling module xil_defaultlib.design_1_Init_0_0_Init_v1_0_S00_...
Compiling module xil_defaultlib.design_1_Init_0_0_Init_v1_0
Compiling module xil_defaultlib.design_1_Init_0_0
Compiling module xil_defaultlib.design_1_LightController_0_0_Lig...
Compiling module xil_defaultlib.design_1_LightController_0_0
Compiling module xil_defaultlib.RAM32X1S_UNIQ_BASE_
Compiling module xil_defaultlib.RAM32X1S_HD345
Compiling module xil_defaultlib.RAM32X1S_HD346
Compiling module xil_defaultlib.RAM32X1S_HD347
Compiling module xil_defaultlib.RAM32X1S_HD348
Compiling module xil_defaultlib.RAM32X1S_HD349
Compiling module xil_defaultlib.RAM32X1S_HD350
Compiling module xil_defaultlib.RAM32X1S_HD351
Compiling module xil_defaultlib.RAM32X1S_HD352
Compiling module xil_defaultlib.RAM32X1S_HD353
Compiling module xil_defaultlib.RAM32X1S_HD354
Compiling module xil_defaultlib.RAM32X1S_HD355
Compiling module xil_defaultlib.RAM32X1S_HD356
Compiling module xil_defaultlib.design_1_axi_traffic_gen_0_0_xpm...
Compiling module xil_defaultlib.design_1_axi_traffic_gen_0_0_xpm...
Compiling module xil_defaultlib.design_1_axi_traffic_gen_0_0_axi...
Compiling module xil_defaultlib.RAM32X1S_HD357
Compiling module xil_defaultlib.RAM32X1S_HD358
Compiling module xil_defaultlib.RAM32X1S_HD359
Compiling module xil_defaultlib.RAM32X1S_HD360
Compiling module xil_defaultlib.RAM32X1S_HD361
Compiling module xil_defaultlib.RAM32X1S_HD362
Compiling module xil_defaultlib.RAM32X1S_HD363
Compiling module xil_defaultlib.RAM32X1S_HD364
Compiling module xil_defaultlib.RAM32X1S_HD365
Compiling module xil_defaultlib.RAM32X1S_HD366
Compiling module xil_defaultlib.RAM32X1S_HD367
Compiling module xil_defaultlib.RAM32X1S_HD368
Compiling module xil_defaultlib.RAM32X1S_HD369
Compiling module xil_defaultlib.RAM32X1S_HD370
Compiling module xil_defaultlib.RAM32X1S_HD371
Compiling module xil_defaultlib.RAM32X1S_HD372
Compiling module xil_defaultlib.RAM32X1S_HD373
Compiling module xil_defaultlib.RAM32X1S_HD374
Compiling module xil_defaultlib.RAM32X1S_HD375
Compiling module xil_defaultlib.RAM32X1S_HD376
Compiling module xil_defaultlib.RAM32X1S_HD377
Compiling module xil_defaultlib.RAM32X1S_HD378
Compiling module xil_defaultlib.RAM32X1S_HD379
Compiling module xil_defaultlib.RAM32X1S_HD380
Compiling module xil_defaultlib.RAM32X1S_HD381
Compiling module xil_defaultlib.RAM32X1S_HD382
Compiling module xil_defaultlib.RAM32X1S_HD383
Compiling module xil_defaultlib.RAM32X1S_HD384
Compiling module xil_defaultlib.RAM32X1S_HD385
Compiling module xil_defaultlib.RAM32X1S_HD386
Compiling module xil_defaultlib.RAM32X1S_HD387
Compiling module xil_defaultlib.RAM32X1S_HD388
Compiling module xil_defaultlib.design_1_axi_traffic_gen_0_0_xpm...
Compiling module xil_defaultlib.design_1_axi_traffic_gen_0_0_xpm...
Compiling module xil_defaultlib.design_1_axi_traffic_gen_0_0_axi...
Compiling module xil_defaultlib.design_1_axi_traffic_gen_0_0_axi...
Compiling module xil_defaultlib.RAM32X1S_HD389
Compiling module xil_defaultlib.RAM32X1S_HD390
Compiling module xil_defaultlib.RAM32X1S_HD391
Compiling module xil_defaultlib.RAM32X1S_HD392
Compiling module xil_defaultlib.RAM32X1S_HD393
Compiling module xil_defaultlib.RAM32X1S_HD394
Compiling module xil_defaultlib.RAM32X1S_HD395
Compiling module xil_defaultlib.RAM32X1S_HD396
Compiling module xil_defaultlib.RAM32X1S_HD397
Compiling module xil_defaultlib.RAM32X1S_HD398
Compiling module xil_defaultlib.RAM32X1S_HD399
Compiling module xil_defaultlib.RAM32X1S_HD400
Compiling module xil_defaultlib.RAM32X1S_HD401
Compiling module xil_defaultlib.RAM32X1S_HD402
Compiling module xil_defaultlib.RAM32X1S_HD403
Compiling module xil_defaultlib.RAM32X1S_HD404
Compiling module xil_defaultlib.RAM32X1S_HD405
Compiling module xil_defaultlib.RAM32X1S_HD406
Compiling module xil_defaultlib.RAM32X1S_HD407
Compiling module xil_defaultlib.RAM32X1S_HD408
Compiling module xil_defaultlib.RAM32X1S_HD409
Compiling module xil_defaultlib.RAM32X1S_HD410
Compiling module xil_defaultlib.RAM32X1S_HD411
Compiling module xil_defaultlib.RAM32X1S_HD412
Compiling module xil_defaultlib.RAM32X1S_HD413
Compiling module xil_defaultlib.RAM32X1S_HD414
Compiling module xil_defaultlib.RAM32X1S_HD415
Compiling module xil_defaultlib.RAM32X1S_HD416
Compiling module xil_defaultlib.RAM32X1S_HD417
Compiling module xil_defaultlib.RAM32X1S_HD418
Compiling module xil_defaultlib.RAM32X1S_HD419
Compiling module xil_defaultlib.RAM32X1S_HD420
Compiling module xil_defaultlib.design_1_axi_traffic_gen_0_0_xpm...
Compiling module xil_defaultlib.design_1_axi_traffic_gen_0_0_xpm...
Compiling module xil_defaultlib.design_1_axi_traffic_gen_0_0_axi...
Compiling module xil_defaultlib.RAM32X1S_HD421
Compiling module xil_defaultlib.RAM32X1S_HD422
Compiling module xil_defaultlib.RAM32X1S_HD423
Compiling module xil_defaultlib.RAM32X1S_HD424
Compiling module xil_defaultlib.RAM32X1S_HD425
Compiling module xil_defaultlib.RAM32X1S_HD426
Compiling module xil_defaultlib.RAM32X1S_HD427
Compiling module xil_defaultlib.RAM32X1S_HD428
Compiling module xil_defaultlib.RAM32X1S_HD429
Compiling module xil_defaultlib.RAM32X1S_HD430
Compiling module xil_defaultlib.RAM32X1S_HD431
Compiling module xil_defaultlib.RAM32X1S_HD432
Compiling module xil_defaultlib.RAM32X1S_HD433
Compiling module xil_defaultlib.RAM32X1S_HD434
Compiling module xil_defaultlib.RAM32X1S_HD435
Compiling module xil_defaultlib.RAM32X1S_HD436
Compiling module xil_defaultlib.RAM32X1S_HD437
Compiling module xil_defaultlib.RAM32X1S_HD438
Compiling module xil_defaultlib.RAM32X1S_HD439
Compiling module xil_defaultlib.RAM32X1S_HD440
Compiling module xil_defaultlib.RAM32X1S_HD441
Compiling module xil_defaultlib.RAM32X1S_HD442
Compiling module xil_defaultlib.RAM32X1S_HD443
Compiling module xil_defaultlib.RAM32X1S_HD444
Compiling module xil_defaultlib.RAM32X1S_HD445
Compiling module xil_defaultlib.RAM32X1S_HD446
Compiling module xil_defaultlib.RAM32X1S_HD447
Compiling module xil_defaultlib.RAM32X1S_HD448
Compiling module xil_defaultlib.RAM32X1S_HD449
Compiling module xil_defaultlib.RAM32X1S_HD450
Compiling module xil_defaultlib.RAM32X1S_HD451
Compiling module xil_defaultlib.RAM32X1S_HD452
Compiling module xil_defaultlib.design_1_axi_traffic_gen_0_0_xpm...
Compiling module xil_defaultlib.design_1_axi_traffic_gen_0_0_xpm...
Compiling module xil_defaultlib.design_1_axi_traffic_gen_0_0_axi...
Compiling module xil_defaultlib.design_1_axi_traffic_gen_0_0_axi...
Compiling module xil_defaultlib.design_1_axi_traffic_gen_0_0_axi...
Compiling module xil_defaultlib.design_1_axi_traffic_gen_0_0_axi...
Compiling module xil_defaultlib.design_1_axi_traffic_gen_0_0_axi...
Compiling module xil_defaultlib.design_1_axi_traffic_gen_0_0_axi...
Compiling module xil_defaultlib.design_1_axi_traffic_gen_0_0_axi...
Compiling module xil_defaultlib.design_1_axi_traffic_gen_0_0
Compiling module simprims_ver.MMCME2_ADV(CLKFBOUT_MULT_F=10.0,...
Compiling module xil_defaultlib.design_1_clk_wiz_0_0_design_1_cl...
Compiling module xil_defaultlib.design_1_clk_wiz_0_0
Compiling module xil_defaultlib.design_1_proc_sys_reset_0_0_cdc_...
Compiling module xil_defaultlib.design_1_proc_sys_reset_0_0_cdc_...
Compiling module simprims_ver.SRL16E_default
Compiling module xil_defaultlib.design_1_proc_sys_reset_0_0_lpf
Compiling module xil_defaultlib.design_1_proc_sys_reset_0_0_upcn...
Compiling module simprims_ver.FDSE(INIT=1'b0)
Compiling module xil_defaultlib.design_1_proc_sys_reset_0_0_sequ...
Compiling module xil_defaultlib.design_1_proc_sys_reset_0_0_proc...
Compiling module xil_defaultlib.design_1_proc_sys_reset_0_0
Compiling module xil_defaultlib.design_1_ram_reader_0_0_rom
Compiling module xil_defaultlib.design_1_ram_reader_0_0_dist_mem...
Compiling module xil_defaultlib.design_1_ram_reader_0_0_dist_mem...
Compiling module xil_defaultlib.design_1_ram_reader_0_0_levels
Compiling module xil_defaultlib.design_1_ram_reader_0_0_ram_read...
Compiling module xil_defaultlib.design_1_ram_reader_0_0
Compiling module xil_defaultlib.design_1_state_machine_0_0_state...
Compiling module xil_defaultlib.design_1_state_machine_0_0
Compiling module xil_defaultlib.design_1_state_results_0_0_state...
Compiling module xil_defaultlib.design_1_state_results_0_0
Compiling module simprims_ver.LDCE(IS_G_INVERTED=1'b1)
Compiling module xil_defaultlib.design_1_state_wait_0_0_state_wa...
Compiling module xil_defaultlib.design_1_state_wait_0_0
Compiling module xil_defaultlib.design_1_vio_0_1_vio_v3_0_19_dec...
Compiling module xil_defaultlib.design_1_vio_0_1_vio_v3_0_19_pro...
Compiling module xil_defaultlib.design_1_vio_0_1_vio_v3_0_19_pro...
Compiling module xil_defaultlib.design_1_vio_0_1_xsdbs_v1_0_2_xs...
Compiling module xil_defaultlib.design_1_vio_0_1_vio_v3_0_19_vio
Compiling module xil_defaultlib.design_1_vio_0_1
Compiling module xil_defaultlib.design_1
Compiling module simprims_ver.OBUF
Compiling module xil_defaultlib.design_1_wrapper
Compiling module xil_defaultlib.glbl
Built simulation snapshot design_1_wrapper_time_impl
