INFO: [VRFC 10-2263] Analyzing Verilog file "C:/DATA/2024/sem07/SEP/SEP_projects/memorice/memorice.sim/sim_1/impl/timing/xsim/design_1_wrapper_time_impl.v" into library xil_defaultlib
INFO: [VRFC 10-311] analyzing module RAM32M_UNIQ_BASE_
INFO: [VRFC 10-311] analyzing module RAM32M_HD340
INFO: [VRFC 10-311] analyzing module RAM32M_HD341
INFO: [VRFC 10-311] analyzing module RAM32M_HD342
INFO: [VRFC 10-311] analyzing module RAM32M_HD343
INFO: [VRFC 10-311] analyzing module RAM32M_HD344
INFO: [VRFC 10-311] analyzing module RAM32X1S_UNIQ_BASE_
INFO: [VRFC 10-311] analyzing module RAM32X1S_HD345
INFO: [VRFC 10-311] analyzing module RAM32X1S_HD346
INFO: [VRFC 10-311] analyzing module RAM32X1S_HD347
INFO: [VRFC 10-311] analyzing module RAM32X1S_HD348
INFO: [VRFC 10-311] analyzing module RAM32X1S_HD349
INFO: [VRFC 10-311] analyzing module RAM32X1S_HD350
INFO: [VRFC 10-311] analyzing module RAM32X1S_HD351
INFO: [VRFC 10-311] analyzing module RAM32X1S_HD352
INFO: [VRFC 10-311] analyzing module RAM32X1S_HD353
INFO: [VRFC 10-311] analyzing module RAM32X1S_HD354
INFO: [VRFC 10-311] analyzing module RAM32X1S_HD355
INFO: [VRFC 10-311] analyzing module RAM32X1S_HD356
INFO: [VRFC 10-311] analyzing module RAM32X1S_HD357
INFO: [VRFC 10-311] analyzing module RAM32X1S_HD358
INFO: [VRFC 10-311] analyzing module RAM32X1S_HD359
INFO: [VRFC 10-311] analyzing module RAM32X1S_HD360
INFO: [VRFC 10-311] analyzing module RAM32X1S_HD361
INFO: [VRFC 10-311] analyzing module RAM32X1S_HD362
INFO: [VRFC 10-311] analyzing module RAM32X1S_HD363
INFO: [VRFC 10-311] analyzing module RAM32X1S_HD364
INFO: [VRFC 10-311] analyzing module RAM32X1S_HD365
INFO: [VRFC 10-311] analyzing module RAM32X1S_HD366
INFO: [VRFC 10-311] analyzing module RAM32X1S_HD367
INFO: [VRFC 10-311] analyzing module RAM32X1S_HD368
INFO: [VRFC 10-311] analyzing module RAM32X1S_HD369
INFO: [VRFC 10-311] analyzing module RAM32X1S_HD370
INFO: [VRFC 10-311] analyzing module RAM32X1S_HD371
INFO: [VRFC 10-311] analyzing module RAM32X1S_HD372
INFO: [VRFC 10-311] analyzing module RAM32X1S_HD373
INFO: [VRFC 10-311] analyzing module RAM32X1S_HD374
INFO: [VRFC 10-311] analyzing module RAM32X1S_HD375
INFO: [VRFC 10-311] analyzing module RAM32X1S_HD376
INFO: [VRFC 10-311] analyzing module RAM32X1S_HD377
INFO: [VRFC 10-311] analyzing module RAM32X1S_HD378
INFO: [VRFC 10-311] analyzing module RAM32X1S_HD379
INFO: [VRFC 10-311] analyzing module RAM32X1S_HD380
INFO: [VRFC 10-311] analyzing module RAM32X1S_HD381
INFO: [VRFC 10-311] analyzing module RAM32X1S_HD382
INFO: [VRFC 10-311] analyzing module RAM32X1S_HD383
INFO: [VRFC 10-311] analyzing module RAM32X1S_HD384
INFO: [VRFC 10-311] analyzing module RAM32X1S_HD385
INFO: [VRFC 10-311] analyzing module RAM32X1S_HD386
INFO: [VRFC 10-311] analyzing module RAM32X1S_HD387
INFO: [VRFC 10-311] analyzing module RAM32X1S_HD388
INFO: [VRFC 10-311] analyzing module RAM32X1S_HD389
INFO: [VRFC 10-311] analyzing module RAM32X1S_HD390
INFO: [VRFC 10-311] analyzing module RAM32X1S_HD391
INFO: [VRFC 10-311] analyzing module RAM32X1S_HD392
INFO: [VRFC 10-311] analyzing module RAM32X1S_HD393
INFO: [VRFC 10-311] analyzing module RAM32X1S_HD394
INFO: [VRFC 10-311] analyzing module RAM32X1S_HD395
INFO: [VRFC 10-311] analyzing module RAM32X1S_HD396
INFO: [VRFC 10-311] analyzing module RAM32X1S_HD397
INFO: [VRFC 10-311] analyzing module RAM32X1S_HD398
INFO: [VRFC 10-311] analyzing module RAM32X1S_HD399
INFO: [VRFC 10-311] analyzing module RAM32X1S_HD400
INFO: [VRFC 10-311] analyzing module RAM32X1S_HD401
INFO: [VRFC 10-311] analyzing module RAM32X1S_HD402
INFO: [VRFC 10-311] analyzing module RAM32X1S_HD403
INFO: [VRFC 10-311] analyzing module RAM32X1S_HD404
INFO: [VRFC 10-311] analyzing module RAM32X1S_HD405
INFO: [VRFC 10-311] analyzing module RAM32X1S_HD406
INFO: [VRFC 10-311] analyzing module RAM32X1S_HD407
INFO: [VRFC 10-311] analyzing module RAM32X1S_HD408
INFO: [VRFC 10-311] analyzing module RAM32X1S_HD409
INFO: [VRFC 10-311] analyzing module RAM32X1S_HD410
INFO: [VRFC 10-311] analyzing module RAM32X1S_HD411
INFO: [VRFC 10-311] analyzing module RAM32X1S_HD412
INFO: [VRFC 10-311] analyzing module RAM32X1S_HD413
INFO: [VRFC 10-311] analyzing module RAM32X1S_HD414
INFO: [VRFC 10-311] analyzing module RAM32X1S_HD415
INFO: [VRFC 10-311] analyzing module RAM32X1S_HD416
INFO: [VRFC 10-311] analyzing module RAM32X1S_HD417
INFO: [VRFC 10-311] analyzing module RAM32X1S_HD418
INFO: [VRFC 10-311] analyzing module RAM32X1S_HD419
INFO: [VRFC 10-311] analyzing module RAM32X1S_HD420
INFO: [VRFC 10-311] analyzing module RAM32X1S_HD421
INFO: [VRFC 10-311] analyzing module RAM32X1S_HD422
INFO: [VRFC 10-311] analyzing module RAM32X1S_HD423
INFO: [VRFC 10-311] analyzing module RAM32X1S_HD424
INFO: [VRFC 10-311] analyzing module RAM32X1S_HD425
INFO: [VRFC 10-311] analyzing module RAM32X1S_HD426
INFO: [VRFC 10-311] analyzing module RAM32X1S_HD427
INFO: [VRFC 10-311] analyzing module RAM32X1S_HD428
INFO: [VRFC 10-311] analyzing module RAM32X1S_HD429
INFO: [VRFC 10-311] analyzing module RAM32X1S_HD430
INFO: [VRFC 10-311] analyzing module RAM32X1S_HD431
INFO: [VRFC 10-311] analyzing module RAM32X1S_HD432
INFO: [VRFC 10-311] analyzing module RAM32X1S_HD433
INFO: [VRFC 10-311] analyzing module RAM32X1S_HD434
INFO: [VRFC 10-311] analyzing module RAM32X1S_HD435
INFO: [VRFC 10-311] analyzing module RAM32X1S_HD436
INFO: [VRFC 10-311] analyzing module RAM32X1S_HD437
INFO: [VRFC 10-311] analyzing module RAM32X1S_HD438
INFO: [VRFC 10-311] analyzing module RAM32X1S_HD439
INFO: [VRFC 10-311] analyzing module RAM32X1S_HD440
INFO: [VRFC 10-311] analyzing module RAM32X1S_HD441
INFO: [VRFC 10-311] analyzing module RAM32X1S_HD442
INFO: [VRFC 10-311] analyzing module RAM32X1S_HD443
INFO: [VRFC 10-311] analyzing module RAM32X1S_HD444
INFO: [VRFC 10-311] analyzing module RAM32X1S_HD445
INFO: [VRFC 10-311] analyzing module RAM32X1S_HD446
INFO: [VRFC 10-311] analyzing module RAM32X1S_HD447
INFO: [VRFC 10-311] analyzing module RAM32X1S_HD448
INFO: [VRFC 10-311] analyzing module RAM32X1S_HD449
INFO: [VRFC 10-311] analyzing module RAM32X1S_HD450
INFO: [VRFC 10-311] analyzing module RAM32X1S_HD451
INFO: [VRFC 10-311] analyzing module RAM32X1S_HD452
INFO: [VRFC 10-311] analyzing module clk_x_pntrs
INFO: [VRFC 10-311] analyzing module clk_x_pntrs_7
INFO: [VRFC 10-311] analyzing module dbg_hub
INFO: [VRFC 10-311] analyzing module dmem
INFO: [VRFC 10-311] analyzing module dmem_13
INFO: [VRFC 10-311] analyzing module fifo_generator_ramfifo
INFO: [VRFC 10-311] analyzing module fifo_generator_ramfifo__parameterized0
INFO: [VRFC 10-311] analyzing module fifo_generator_top
INFO: [VRFC 10-311] analyzing module fifo_generator_top__parameterized0
INFO: [VRFC 10-311] analyzing module fifo_generator_v13_1_4
INFO: [VRFC 10-311] analyzing module fifo_generator_v13_1_4__parameterized0
INFO: [VRFC 10-311] analyzing module fifo_generator_v13_1_4_synth
INFO: [VRFC 10-311] analyzing module fifo_generator_v13_1_4_synth__parameterized0
INFO: [VRFC 10-311] analyzing module ltlib_v1_0_0_bscan
INFO: [VRFC 10-311] analyzing module memory
INFO: [VRFC 10-311] analyzing module memory__parameterized0
INFO: [VRFC 10-311] analyzing module rd_bin_cntr
INFO: [VRFC 10-311] analyzing module rd_bin_cntr_18
INFO: [VRFC 10-311] analyzing module rd_fwft
INFO: [VRFC 10-311] analyzing module rd_handshaking_flags
INFO: [VRFC 10-311] analyzing module rd_handshaking_flags__parameterized0
INFO: [VRFC 10-311] analyzing module rd_logic
INFO: [VRFC 10-311] analyzing module rd_logic__parameterized0
INFO: [VRFC 10-311] analyzing module rd_status_flags_as
INFO: [VRFC 10-311] analyzing module rd_status_flags_as_17
INFO: [VRFC 10-311] analyzing module reset_blk_ramfifo
INFO: [VRFC 10-311] analyzing module reset_blk_ramfifo_8
INFO: [VRFC 10-311] analyzing module synchronizer_ff
INFO: [VRFC 10-311] analyzing module synchronizer_ff_1
INFO: [VRFC 10-311] analyzing module synchronizer_ff_10
INFO: [VRFC 10-311] analyzing module synchronizer_ff_11
INFO: [VRFC 10-311] analyzing module synchronizer_ff_12
INFO: [VRFC 10-311] analyzing module synchronizer_ff_2
INFO: [VRFC 10-311] analyzing module synchronizer_ff_3
INFO: [VRFC 10-311] analyzing module synchronizer_ff_9
INFO: [VRFC 10-311] analyzing module synchronizer_ff__parameterized0
INFO: [VRFC 10-311] analyzing module synchronizer_ff__parameterized0_19
INFO: [VRFC 10-311] analyzing module synchronizer_ff__parameterized0_20
INFO: [VRFC 10-311] analyzing module synchronizer_ff__parameterized0_21
INFO: [VRFC 10-311] analyzing module synchronizer_ff__parameterized0_22
INFO: [VRFC 10-311] analyzing module synchronizer_ff__parameterized0_4
INFO: [VRFC 10-311] analyzing module synchronizer_ff__parameterized0_5
INFO: [VRFC 10-311] analyzing module synchronizer_ff__parameterized0_6
INFO: [VRFC 10-311] analyzing module wr_bin_cntr
INFO: [VRFC 10-311] analyzing module wr_bin_cntr_16
INFO: [VRFC 10-311] analyzing module wr_handshaking_flags
INFO: [VRFC 10-311] analyzing module wr_handshaking_flags_15
INFO: [VRFC 10-311] analyzing module wr_logic
INFO: [VRFC 10-311] analyzing module wr_logic__parameterized0
INFO: [VRFC 10-311] analyzing module wr_status_flags_as
INFO: [VRFC 10-311] analyzing module wr_status_flags_as_14
INFO: [VRFC 10-311] analyzing module xsdbm_v3_0_0_addr_ctl
INFO: [VRFC 10-311] analyzing module xsdbm_v3_0_0_bscan_switch
INFO: [VRFC 10-311] analyzing module xsdbm_v3_0_0_burst_wdlen_ctl
INFO: [VRFC 10-311] analyzing module xsdbm_v3_0_0_bus_ctl
INFO: [VRFC 10-311] analyzing module xsdbm_v3_0_0_bus_ctl_cnt
INFO: [VRFC 10-311] analyzing module xsdbm_v3_0_0_bus_ctl_flg
INFO: [VRFC 10-311] analyzing module xsdbm_v3_0_0_bus_ctl_flg__parameterized0
INFO: [VRFC 10-311] analyzing module xsdbm_v3_0_0_bus_mstr2sl_if
INFO: [VRFC 10-311] analyzing module xsdbm_v3_0_0_cmd_decode
INFO: [VRFC 10-311] analyzing module xsdbm_v3_0_0_ctl_reg
INFO: [VRFC 10-311] analyzing module xsdbm_v3_0_0_ctl_reg__parameterized0
INFO: [VRFC 10-311] analyzing module xsdbm_v3_0_0_ctl_reg__parameterized1
INFO: [VRFC 10-311] analyzing module xsdbm_v3_0_0_ctl_reg__parameterized2
INFO: [VRFC 10-311] analyzing module xsdbm_v3_0_0_icon
INFO: [VRFC 10-311] analyzing module xsdbm_v3_0_0_icon2xsdb
INFO: [VRFC 10-311] analyzing module xsdbm_v3_0_0_if
INFO: [VRFC 10-311] analyzing module xsdbm_v3_0_0_if_static_status
INFO: [VRFC 10-311] analyzing module xsdbm_v3_0_0_rdfifo
INFO: [VRFC 10-311] analyzing module xsdbm_v3_0_0_rdreg
INFO: [VRFC 10-311] analyzing module xsdbm_v3_0_0_stat
INFO: [VRFC 10-311] analyzing module xsdbm_v3_0_0_stat_reg
INFO: [VRFC 10-311] analyzing module xsdbm_v3_0_0_stat_reg__parameterized0
INFO: [VRFC 10-311] analyzing module xsdbm_v3_0_0_stat_reg__parameterized0_0
INFO: [VRFC 10-311] analyzing module xsdbm_v3_0_0_sync
INFO: [VRFC 10-311] analyzing module xsdbm_v3_0_0_wrfifo
INFO: [VRFC 10-311] analyzing module xsdbm_v3_0_0_wrreg
INFO: [VRFC 10-311] analyzing module xsdbm_v3_0_0_xsdbm
INFO: [VRFC 10-311] analyzing module xsdbm_v3_0_0_xsdbm_id
INFO: [VRFC 10-311] analyzing module design_1
INFO: [VRFC 10-311] analyzing module design_1_Game_0_0
INFO: [VRFC 10-311] analyzing module design_1_Game_0_0_Comparer
INFO: [VRFC 10-311] analyzing module design_1_Game_0_0_DFF_Debouncing_Button
INFO: [VRFC 10-311] analyzing module design_1_Game_0_0_DFF_Debouncing_Button_10
INFO: [VRFC 10-311] analyzing module design_1_Game_0_0_DFF_Debouncing_Button_11
INFO: [VRFC 10-311] analyzing module design_1_Game_0_0_DFF_Debouncing_Button_13
INFO: [VRFC 10-311] analyzing module design_1_Game_0_0_DFF_Debouncing_Button_14
INFO: [VRFC 10-311] analyzing module design_1_Game_0_0_DFF_Debouncing_Button_15
INFO: [VRFC 10-311] analyzing module design_1_Game_0_0_DFF_Debouncing_Button_3
INFO: [VRFC 10-311] analyzing module design_1_Game_0_0_DFF_Debouncing_Button_4
INFO: [VRFC 10-311] analyzing module design_1_Game_0_0_DFF_Debouncing_Button_5
INFO: [VRFC 10-311] analyzing module design_1_Game_0_0_DFF_Debouncing_Button_6
INFO: [VRFC 10-311] analyzing module design_1_Game_0_0_DFF_Debouncing_Button_7
INFO: [VRFC 10-311] analyzing module design_1_Game_0_0_DFF_Debouncing_Button_9
INFO: [VRFC 10-311] analyzing module design_1_Game_0_0_Debouncer
INFO: [VRFC 10-311] analyzing module design_1_Game_0_0_Debouncer_0
INFO: [VRFC 10-311] analyzing module design_1_Game_0_0_Debouncer_1
INFO: [VRFC 10-311] analyzing module design_1_Game_0_0_Debouncer_2
INFO: [VRFC 10-311] analyzing module design_1_Game_0_0_GDebouncer
INFO: [VRFC 10-311] analyzing module design_1_Game_0_0_Game
INFO: [VRFC 10-311] analyzing module design_1_Game_0_0_LedShow
INFO: [VRFC 10-311] analyzing module design_1_Game_0_0_clock_enable_debouncing_button
INFO: [VRFC 10-311] analyzing module design_1_Game_0_0_clock_enable_debouncing_button_12
INFO: [VRFC 10-311] analyzing module design_1_Game_0_0_clock_enable_debouncing_button_16
INFO: [VRFC 10-311] analyzing module design_1_Game_0_0_clock_enable_debouncing_button_8
INFO: [VRFC 10-311] analyzing module design_1_ID_selector_0_0
INFO: [VRFC 10-311] analyzing module design_1_ID_selector_0_0_ID_selector
INFO: [VRFC 10-311] analyzing module design_1_Init_0_0
INFO: [VRFC 10-311] analyzing module design_1_Init_0_0_Init_v1_0
INFO: [VRFC 10-311] analyzing module design_1_Init_0_0_Init_v1_0_S00_AXI
INFO: [VRFC 10-311] analyzing module design_1_LightController_0_0
INFO: [VRFC 10-311] analyzing module design_1_LightController_0_0_LightController
INFO: [VRFC 10-311] analyzing module design_1_axi_traffic_gen_0_0
INFO: [VRFC 10-311] analyzing module design_1_axi_traffic_gen_0_0_axi_traffic_gen_v3_0_7_asynch_rst_ff
INFO: [VRFC 10-311] analyzing module design_1_axi_traffic_gen_0_0_axi_traffic_gen_v3_0_7_asynch_rst_ff__1
INFO: [VRFC 10-311] analyzing module design_1_axi_traffic_gen_0_0_axi_traffic_gen_v3_0_7_asynch_rst_ff__2
INFO: [VRFC 10-311] analyzing module design_1_axi_traffic_gen_0_0_axi_traffic_gen_v3_0_7_asynch_rst_ff__3
INFO: [VRFC 10-311] analyzing module design_1_axi_traffic_gen_0_0_axi_traffic_gen_v3_0_7_systeminit_dmg
INFO: [VRFC 10-311] analyzing module design_1_axi_traffic_gen_0_0_axi_traffic_gen_v3_0_7_systeminit_dmg__parameterized0
INFO: [VRFC 10-311] analyzing module design_1_axi_traffic_gen_0_0_axi_traffic_gen_v3_0_7_systeminit_dmg__parameterized1
INFO: [VRFC 10-311] analyzing module design_1_axi_traffic_gen_0_0_axi_traffic_gen_v3_0_7_systeminit_dmg__parameterized2
INFO: [VRFC 10-311] analyzing module design_1_axi_traffic_gen_0_0_axi_traffic_gen_v3_0_7_systeminit_mrdwr
INFO: [VRFC 10-311] analyzing module design_1_axi_traffic_gen_0_0_axi_traffic_gen_v3_0_7_systeminit_top
INFO: [VRFC 10-311] analyzing module design_1_axi_traffic_gen_0_0_axi_traffic_gen_v3_0_7_top
INFO: [VRFC 10-311] analyzing module design_1_axi_traffic_gen_0_0_xpm_memory_base
INFO: [VRFC 10-311] analyzing module design_1_axi_traffic_gen_0_0_xpm_memory_base__parameterized0
INFO: [VRFC 10-311] analyzing module design_1_axi_traffic_gen_0_0_xpm_memory_base__parameterized1
INFO: [VRFC 10-311] analyzing module design_1_axi_traffic_gen_0_0_xpm_memory_base__parameterized2
INFO: [VRFC 10-311] analyzing module design_1_axi_traffic_gen_0_0_xpm_memory_spram
INFO: [VRFC 10-311] analyzing module design_1_axi_traffic_gen_0_0_xpm_memory_spram__parameterized0
INFO: [VRFC 10-311] analyzing module design_1_axi_traffic_gen_0_0_xpm_memory_spram__parameterized1
INFO: [VRFC 10-311] analyzing module design_1_axi_traffic_gen_0_0_xpm_memory_spram__parameterized2
INFO: [VRFC 10-311] analyzing module design_1_clk_wiz_0_0
INFO: [VRFC 10-311] analyzing module design_1_clk_wiz_0_0_design_1_clk_wiz_0_0_clk_wiz
INFO: [VRFC 10-311] analyzing module design_1_proc_sys_reset_0_0
INFO: [VRFC 10-311] analyzing module design_1_proc_sys_reset_0_0_cdc_sync
INFO: [VRFC 10-311] analyzing module design_1_proc_sys_reset_0_0_cdc_sync_0
INFO: [VRFC 10-311] analyzing module design_1_proc_sys_reset_0_0_lpf
INFO: [VRFC 10-311] analyzing module design_1_proc_sys_reset_0_0_proc_sys_reset
INFO: [VRFC 10-311] analyzing module design_1_proc_sys_reset_0_0_sequence_psr
INFO: [VRFC 10-311] analyzing module design_1_proc_sys_reset_0_0_upcnt_n
INFO: [VRFC 10-311] analyzing module design_1_ram_reader_0_0
INFO: [VRFC 10-311] analyzing module design_1_ram_reader_0_0_levels
INFO: [VRFC 10-311] analyzing module design_1_ram_reader_0_0_ram_reader
INFO: [VRFC 10-311] analyzing module design_1_state_machine_0_0
INFO: [VRFC 10-311] analyzing module design_1_state_machine_0_0_state_machine
INFO: [VRFC 10-311] analyzing module design_1_state_results_0_0
INFO: [VRFC 10-311] analyzing module design_1_state_results_0_0_state_results
INFO: [VRFC 10-311] analyzing module design_1_state_wait_0_0
INFO: [VRFC 10-311] analyzing module design_1_state_wait_0_0_state_wait
INFO: [VRFC 10-311] analyzing module design_1_vio_0_1
INFO: [VRFC 10-311] analyzing module design_1_wrapper
INFO: [VRFC 10-311] analyzing module design_1_ram_reader_0_0_dist_mem_gen_v8_0_13
INFO: [VRFC 10-311] analyzing module design_1_ram_reader_0_0_dist_mem_gen_v8_0_13_synth
INFO: [VRFC 10-311] analyzing module design_1_ram_reader_0_0_rom
INFO: [VRFC 10-311] analyzing module design_1_vio_0_1_vio_v3_0_19_decoder
INFO: [VRFC 10-311] analyzing module design_1_vio_0_1_vio_v3_0_19_probe_out_all
INFO: [VRFC 10-311] analyzing module design_1_vio_0_1_vio_v3_0_19_probe_out_one
INFO: [VRFC 10-311] analyzing module design_1_vio_0_1_vio_v3_0_19_vio
INFO: [VRFC 10-311] analyzing module design_1_vio_0_1_xsdbs_v1_0_2_xsdbs
INFO: [VRFC 10-311] analyzing module glbl
