#-----------------------------------------------------------
# Vivado v2020.1 (64-bit)
# SW Build 2902540 on Wed May 27 19:54:49 MDT 2020
# IP Build 2902112 on Wed May 27 22:43:36 MDT 2020
# Start of session at: Sat May 11 17:30:48 2024
# Process ID: 4336
# Current directory: C:/Users/gusta/OneDrive/Documents/universidad/4to/1r/SEP/Proyectos/pr1/LightController
# Command line: vivado.exe -gui_launcher_event rodinguilauncherevent16212 C:\Users\gusta\OneDrive\Documents\universidad\4to\1r\SEP\Proyectos\pr1\LightController\LightController.xpr
# Log file: C:/Users/gusta/OneDrive/Documents/universidad/4to/1r/SEP/Proyectos/pr1/LightController/vivado.log
# Journal file: C:/Users/gusta/OneDrive/Documents/universidad/4to/1r/SEP/Proyectos/pr1/LightController\vivado.jou
#-----------------------------------------------------------
start_gui
open_project C:/Users/gusta/OneDrive/Documents/universidad/4to/1r/SEP/Proyectos/pr1/LightController/LightController.xpr
INFO: [ProjectBase 1-489] The host OS only allows 260 characters in a normal path. The project is stored in a path with more than 80 characters. If you experience issues with IP, Block Designs, or files not being found, please consider moving the project to a location with a shorter path. Alternately consider using the OS subst command to map part of the path to a drive letter.
Current project path is 'C:/Users/gusta/OneDrive/Documents/universidad/4to/1r/SEP/Proyectos/pr1/LightController'
Scanning sources...
Finished scanning sources
INFO: [IP_Flow 19-234] Refreshing IP repositories
INFO: [IP_Flow 19-1700] Loaded user IP repository 'c:/Users/gusta/OneDrive/Documents/universidad/4to/1r/SEP/Proyectos/pr1/LightController/LightController.srcs'.
INFO: [IP_Flow 19-2313] Loaded Vivado IP repository 'C:/Xilinx/Vivado/2020.1/data/ip'.
open_project: Time (s): cpu = 00:00:15 ; elapsed = 00:00:06 . Memory (MB): peak = 1063.145 ; gain = 0.000
update_compile_order -fileset sources_1
