
*** Running vivado
    with args -log DEMO_processing_system7_0_0.vds -m64 -product Vivado -mode batch -messageDb vivado.pb -notrace -source DEMO_processing_system7_0_0.tcl



****** Vivado v2020.1 (64-bit)
  **** SW Build 2902540 on Wed May 27 19:54:49 MDT 2020
  **** IP Build 2902112 on Wed May 27 22:43:36 MDT 2020
    ** Copyright 1986-2020 Xilinx, Inc. All Rights Reserved.

source DEMO_processing_system7_0_0.tcl -notrace
INFO: [IP_Flow 19-234] Refreshing IP repositories
WARNING: [IP_Flow 19-3685] Ignored loading user repository 'c:/Users/gusta/OneDrive/Documents/universidad/4to/1r/SEP/Proyectos/pr2/SEP/Proyecto_Base_Booster_v2/DEMODEFINITIVA/ip_repo/BUZZER_1.0'. The path is contained within another repository.
CRITICAL WARNING: [IP_Flow 19-4648] Error loading IP definition Reproductor_v1_0 (xilinx.com:user:Reproductor:1.0): This component is not valid; it has a subcoreRef defined to be the same as its parent.
INFO: [IP_Flow 19-1700] Loaded user IP repository 'c:/Users/gusta/OneDrive/Documents/universidad/4to/1r/SEP/Proyectos/pr2'.
WARNING: [IP_Flow 19-3656] If you move the project, the path for repository 'c:/Users/gusta/OneDrive/Documents/universidad/4to/1r/SEP/Proyectos/pr2' may become invalid. A better location for the repository would be in a path adjacent to the project. (Current project location is 'c:/Users/gusta/OneDrive/Documents/universidad/4to/1r/SEP/Proyectos/pr2/SEPmonG3/SEPmon/SEPmon.runs/DEMO_processing_system7_0_0_synth_1'.)
WARNING: [IP_Flow 19-3685] Ignored loading user repository 'c:/Users/gusta/OneDrive/Documents/universidad/4to/1r/SEP/Proyectos/pr2/SEP/Proyecto_Base_Booster_v2/DEMODEFINITIVA/ip_repo/My_PWM_1.0'. The path is contained within another repository.
INFO: [IP_Flow 19-2313] Loaded Vivado IP repository 'C:/Xilinx/Vivado/2020.1/data/ip'.
WARNING: [IP_Flow 19-1663] Duplicate IP found for 'xilinx.com:user:Reproductor:1.0'. The one found in IP location 'c:/Users/gusta/OneDrive/Documents/universidad/4to/1r/SEP/Proyectos/pr2/Musica/Musica.srcs' will take precedence over the same IP in location c:/Users/gusta/OneDrive/Documents/universidad/4to/1r/SEP/Proyectos/pr2/Musica/Musica.srcs/sources_1/new
update_ip_catalog: Time (s): cpu = 00:00:01 ; elapsed = 00:00:08 . Memory (MB): peak = 1068.051 ; gain = 0.000
WARNING: [IP_Flow 19-4995] The host OS only allows 260 characters in a normal path. The IP cache path is more than 80 characters. If you experience issues with IP caching, please consider changing the IP cache to a location with a shorter path. Alternately consider using the OS subst command to map part of the path to a drive letter. 
Current IP cache path is c:/Users/gusta/OneDrive/Documents/universidad/4to/1r/SEP/Proyectos/pr2/SEPmonG3/SEPmon/SEPmon.cache/ip 
Command: synth_design -top DEMO_processing_system7_0_0 -part xc7z010clg400-1 -mode out_of_context
Starting synth_design
Attempting to get a license for feature 'Synthesis' and/or device 'xc7z010'
INFO: [Common 17-349] Got license for feature 'Synthesis' and/or device 'xc7z010'
INFO: [Device 21-403] Loading part xc7z010clg400-1
INFO: [Synth 8-7079] Multithreading enabled for synth_design using a maximum of 2 processes.
INFO: [Synth 8-7078] Launching helper process for spawning children vivado processes
INFO: [Synth 8-7075] Helper process launched with PID 8796
---------------------------------------------------------------------------------
Starting RTL Elaboration : Time (s): cpu = 00:00:06 ; elapsed = 00:00:10 . Memory (MB): peak = 1068.051 ; gain = 0.000
---------------------------------------------------------------------------------
INFO: [Synth 8-6157] synthesizing module 'DEMO_processing_system7_0_0' [c:/Users/gusta/OneDrive/Documents/universidad/4to/1r/SEP/Proyectos/pr2/SEPmonG3/SEPmon/SEPmon.srcs/sources_1/bd/DEMO/ip/DEMO_processing_system7_0_0/synth/DEMO_processing_system7_0_0.v:60]
INFO: [Synth 8-6157] synthesizing module 'processing_system7_v5_5_processing_system7' [c:/Users/gusta/OneDrive/Documents/universidad/4to/1r/SEP/Proyectos/pr2/SEPmonG3/SEPmon/SEPmon.srcs/sources_1/bd/DEMO/ip/DEMO_processing_system7_0_0/hdl/verilog/processing_system7_v5_5_processing_system7.v:161]
	Parameter C_USE_DEFAULT_ACP_USER_VAL bound to: 0 - type: integer 
	Parameter C_S_AXI_ACP_ARUSER_VAL bound to: 31 - type: integer 
	Parameter C_S_AXI_ACP_AWUSER_VAL bound to: 31 - type: integer 
	Parameter C_M_AXI_GP0_THREAD_ID_WIDTH bound to: 12 - type: integer 
	Parameter C_M_AXI_GP1_THREAD_ID_WIDTH bound to: 12 - type: integer 
	Parameter C_M_AXI_GP0_ENABLE_STATIC_REMAP bound to: 0 - type: integer 
	Parameter C_M_AXI_GP1_ENABLE_STATIC_REMAP bound to: 0 - type: integer 
	Parameter C_M_AXI_GP0_ID_WIDTH bound to: 12 - type: integer 
	Parameter C_M_AXI_GP1_ID_WIDTH bound to: 12 - type: integer 
	Parameter C_S_AXI_GP0_ID_WIDTH bound to: 6 - type: integer 
	Parameter C_S_AXI_GP1_ID_WIDTH bound to: 6 - type: integer 
	Parameter C_S_AXI_HP0_ID_WIDTH bound to: 6 - type: integer 
	Parameter C_S_AXI_HP1_ID_WIDTH bound to: 6 - type: integer 
	Parameter C_S_AXI_HP2_ID_WIDTH bound to: 6 - type: integer 
	Parameter C_S_AXI_HP3_ID_WIDTH bound to: 6 - type: integer 
	Parameter C_S_AXI_ACP_ID_WIDTH bound to: 3 - type: integer 
	Parameter C_S_AXI_HP0_DATA_WIDTH bound to: 64 - type: integer 
	Parameter C_S_AXI_HP1_DATA_WIDTH bound to: 64 - type: integer 
	Parameter C_S_AXI_HP2_DATA_WIDTH bound to: 64 - type: integer 
	Parameter C_S_AXI_HP3_DATA_WIDTH bound to: 64 - type: integer 
	Parameter C_INCLUDE_ACP_TRANS_CHECK bound to: 0 - type: integer 
	Parameter C_NUM_F2P_INTR_INPUTS bound to: 1 - type: integer 
	Parameter C_FCLK_CLK0_BUF bound to: TRUE - type: string 
	Parameter C_FCLK_CLK1_BUF bound to: FALSE - type: string 
	Parameter C_FCLK_CLK2_BUF bound to: FALSE - type: string 
	Parameter C_FCLK_CLK3_BUF bound to: FALSE - type: string 
	Parameter C_EMIO_GPIO_WIDTH bound to: 64 - type: integer 
	Parameter C_INCLUDE_TRACE_BUFFER bound to: 0 - type: integer 
	Parameter C_TRACE_BUFFER_FIFO_SIZE bound to: 128 - type: integer 
	Parameter C_TRACE_BUFFER_CLOCK_DELAY bound to: 12 - type: integer 
	Parameter USE_TRACE_DATA_EDGE_DETECTOR bound to: 0 - type: integer 
	Parameter C_TRACE_PIPELINE_WIDTH bound to: 8 - type: integer 
	Parameter C_PS7_SI_REV bound to: PRODUCTION - type: string 
	Parameter C_EN_EMIO_ENET0 bound to: 0 - type: integer 
	Parameter C_EN_EMIO_ENET1 bound to: 0 - type: integer 
	Parameter C_EN_EMIO_TRACE bound to: 0 - type: integer 
	Parameter C_DQ_WIDTH bound to: 32 - type: integer 
	Parameter C_DQS_WIDTH bound to: 4 - type: integer 
	Parameter C_DM_WIDTH bound to: 4 - type: integer 
	Parameter C_MIO_PRIMITIVE bound to: 54 - type: integer 
	Parameter C_PACKAGE_NAME bound to: clg400 - type: string 
	Parameter C_IRQ_F2P_MODE bound to: DIRECT - type: string 
	Parameter C_TRACE_INTERNAL_WIDTH bound to: 2 - type: integer 
	Parameter C_EN_EMIO_PJTAG bound to: 0 - type: integer 
	Parameter C_USE_AXI_NONSECURE bound to: 0 - type: integer 
	Parameter C_USE_S_AXI_HP0 bound to: 0 - type: integer 
	Parameter C_USE_S_AXI_HP1 bound to: 0 - type: integer 
	Parameter C_USE_S_AXI_HP2 bound to: 0 - type: integer 
	Parameter C_USE_S_AXI_HP3 bound to: 0 - type: integer 
	Parameter C_USE_M_AXI_GP0 bound to: 1 - type: integer 
	Parameter C_USE_M_AXI_GP1 bound to: 0 - type: integer 
	Parameter C_USE_S_AXI_GP0 bound to: 0 - type: integer 
	Parameter C_USE_S_AXI_GP1 bound to: 0 - type: integer 
	Parameter C_USE_S_AXI_ACP bound to: 0 - type: integer 
	Parameter C_GP0_EN_MODIFIABLE_TXN bound to: 1 - type: integer 
	Parameter C_GP1_EN_MODIFIABLE_TXN bound to: 1 - type: integer 
INFO: [Synth 8-6157] synthesizing module 'BUFG' [C:/Xilinx/Vivado/2020.1/scripts/rt/data/unisim_comp.v:1083]
INFO: [Synth 8-6155] done synthesizing module 'BUFG' (1#1) [C:/Xilinx/Vivado/2020.1/scripts/rt/data/unisim_comp.v:1083]
INFO: [Synth 8-6157] synthesizing module 'BIBUF' [C:/Xilinx/Vivado/2020.1/scripts/rt/data/unisim_comp.v:730]
INFO: [Synth 8-6155] done synthesizing module 'BIBUF' (2#1) [C:/Xilinx/Vivado/2020.1/scripts/rt/data/unisim_comp.v:730]
INFO: [Synth 8-6157] synthesizing module 'PS7' [C:/Xilinx/Vivado/2020.1/scripts/rt/data/unisim_comp.v:62027]
INFO: [Synth 8-6155] done synthesizing module 'PS7' (3#1) [C:/Xilinx/Vivado/2020.1/scripts/rt/data/unisim_comp.v:62027]
INFO: [Synth 8-6155] done synthesizing module 'processing_system7_v5_5_processing_system7' (4#1) [c:/Users/gusta/OneDrive/Documents/universidad/4to/1r/SEP/Proyectos/pr2/SEPmonG3/SEPmon/SEPmon.srcs/sources_1/bd/DEMO/ip/DEMO_processing_system7_0_0/hdl/verilog/processing_system7_v5_5_processing_system7.v:161]
WARNING: [Synth 8-7071] port 'M_AXI_GP0_ARESETN' of module 'processing_system7_v5_5_processing_system7' is unconnected for instance 'inst' [c:/Users/gusta/OneDrive/Documents/universidad/4to/1r/SEP/Proyectos/pr2/SEPmonG3/SEPmon/SEPmon.srcs/sources_1/bd/DEMO/ip/DEMO_processing_system7_0_0/synth/DEMO_processing_system7_0_0.v:327]
WARNING: [Synth 8-7071] port 'M_AXI_GP1_ARESETN' of module 'processing_system7_v5_5_processing_system7' is unconnected for instance 'inst' [c:/Users/gusta/OneDrive/Documents/universidad/4to/1r/SEP/Proyectos/pr2/SEPmonG3/SEPmon/SEPmon.srcs/sources_1/bd/DEMO/ip/DEMO_processing_system7_0_0/synth/DEMO_processing_system7_0_0.v:327]
WARNING: [Synth 8-7071] port 'S_AXI_GP0_ARESETN' of module 'processing_system7_v5_5_processing_system7' is unconnected for instance 'inst' [c:/Users/gusta/OneDrive/Documents/universidad/4to/1r/SEP/Proyectos/pr2/SEPmonG3/SEPmon/SEPmon.srcs/sources_1/bd/DEMO/ip/DEMO_processing_system7_0_0/synth/DEMO_processing_system7_0_0.v:327]
WARNING: [Synth 8-7071] port 'S_AXI_GP1_ARESETN' of module 'processing_system7_v5_5_processing_system7' is unconnected for instance 'inst' [c:/Users/gusta/OneDrive/Documents/universidad/4to/1r/SEP/Proyectos/pr2/SEPmonG3/SEPmon/SEPmon.srcs/sources_1/bd/DEMO/ip/DEMO_processing_system7_0_0/synth/DEMO_processing_system7_0_0.v:327]
WARNING: [Synth 8-7071] port 'S_AXI_ACP_ARESETN' of module 'processing_system7_v5_5_processing_system7' is unconnected for instance 'inst' [c:/Users/gusta/OneDrive/Documents/universidad/4to/1r/SEP/Proyectos/pr2/SEPmonG3/SEPmon/SEPmon.srcs/sources_1/bd/DEMO/ip/DEMO_processing_system7_0_0/synth/DEMO_processing_system7_0_0.v:327]
WARNING: [Synth 8-7071] port 'S_AXI_HP0_ARESETN' of module 'processing_system7_v5_5_processing_system7' is unconnected for instance 'inst' [c:/Users/gusta/OneDrive/Documents/universidad/4to/1r/SEP/Proyectos/pr2/SEPmonG3/SEPmon/SEPmon.srcs/sources_1/bd/DEMO/ip/DEMO_processing_system7_0_0/synth/DEMO_processing_system7_0_0.v:327]
WARNING: [Synth 8-7071] port 'S_AXI_HP1_ARESETN' of module 'processing_system7_v5_5_processing_system7' is unconnected for instance 'inst' [c:/Users/gusta/OneDrive/Documents/universidad/4to/1r/SEP/Proyectos/pr2/SEPmonG3/SEPmon/SEPmon.srcs/sources_1/bd/DEMO/ip/DEMO_processing_system7_0_0/synth/DEMO_processing_system7_0_0.v:327]
WARNING: [Synth 8-7071] port 'S_AXI_HP2_ARESETN' of module 'processing_system7_v5_5_processing_system7' is unconnected for instance 'inst' [c:/Users/gusta/OneDrive/Documents/universidad/4to/1r/SEP/Proyectos/pr2/SEPmonG3/SEPmon/SEPmon.srcs/sources_1/bd/DEMO/ip/DEMO_processing_system7_0_0/synth/DEMO_processing_system7_0_0.v:327]
WARNING: [Synth 8-7071] port 'S_AXI_HP3_ARESETN' of module 'processing_system7_v5_5_processing_system7' is unconnected for instance 'inst' [c:/Users/gusta/OneDrive/Documents/universidad/4to/1r/SEP/Proyectos/pr2/SEPmonG3/SEPmon/SEPmon.srcs/sources_1/bd/DEMO/ip/DEMO_processing_system7_0_0/synth/DEMO_processing_system7_0_0.v:327]
WARNING: [Synth 8-7071] port 'DMA0_RSTN' of module 'processing_system7_v5_5_processing_system7' is unconnected for instance 'inst' [c:/Users/gusta/OneDrive/Documents/universidad/4to/1r/SEP/Proyectos/pr2/SEPmonG3/SEPmon/SEPmon.srcs/sources_1/bd/DEMO/ip/DEMO_processing_system7_0_0/synth/DEMO_processing_system7_0_0.v:327]
WARNING: [Synth 8-7071] port 'DMA1_RSTN' of module 'processing_system7_v5_5_processing_system7' is unconnected for instance 'inst' [c:/Users/gusta/OneDrive/Documents/universidad/4to/1r/SEP/Proyectos/pr2/SEPmonG3/SEPmon/SEPmon.srcs/sources_1/bd/DEMO/ip/DEMO_processing_system7_0_0/synth/DEMO_processing_system7_0_0.v:327]
WARNING: [Synth 8-7071] port 'DMA2_RSTN' of module 'processing_system7_v5_5_processing_system7' is unconnected for instance 'inst' [c:/Users/gusta/OneDrive/Documents/universidad/4to/1r/SEP/Proyectos/pr2/SEPmonG3/SEPmon/SEPmon.srcs/sources_1/bd/DEMO/ip/DEMO_processing_system7_0_0/synth/DEMO_processing_system7_0_0.v:327]
WARNING: [Synth 8-7071] port 'DMA3_RSTN' of module 'processing_system7_v5_5_processing_system7' is unconnected for instance 'inst' [c:/Users/gusta/OneDrive/Documents/universidad/4to/1r/SEP/Proyectos/pr2/SEPmonG3/SEPmon/SEPmon.srcs/sources_1/bd/DEMO/ip/DEMO_processing_system7_0_0/synth/DEMO_processing_system7_0_0.v:327]
WARNING: [Synth 8-7023] instance 'inst' of module 'processing_system7_v5_5_processing_system7' has 685 connections declared, but only 672 given [c:/Users/gusta/OneDrive/Documents/universidad/4to/1r/SEP/Proyectos/pr2/SEPmonG3/SEPmon/SEPmon.srcs/sources_1/bd/DEMO/ip/DEMO_processing_system7_0_0/synth/DEMO_processing_system7_0_0.v:327]
INFO: [Synth 8-6155] done synthesizing module 'DEMO_processing_system7_0_0' (5#1) [c:/Users/gusta/OneDrive/Documents/universidad/4to/1r/SEP/Proyectos/pr2/SEPmonG3/SEPmon/SEPmon.srcs/sources_1/bd/DEMO/ip/DEMO_processing_system7_0_0/synth/DEMO_processing_system7_0_0.v:60]
---------------------------------------------------------------------------------
Finished RTL Elaboration : Time (s): cpu = 00:00:08 ; elapsed = 00:00:12 . Memory (MB): peak = 1068.051 ; gain = 0.000
---------------------------------------------------------------------------------
---------------------------------------------------------------------------------
Start Handling Custom Attributes
---------------------------------------------------------------------------------
---------------------------------------------------------------------------------
Finished Handling Custom Attributes : Time (s): cpu = 00:00:09 ; elapsed = 00:00:12 . Memory (MB): peak = 1068.051 ; gain = 0.000
---------------------------------------------------------------------------------
---------------------------------------------------------------------------------
Finished RTL Optimization Phase 1 : Time (s): cpu = 00:00:09 ; elapsed = 00:00:12 . Memory (MB): peak = 1068.051 ; gain = 0.000
---------------------------------------------------------------------------------
Netlist sorting complete. Time (s): cpu = 00:00:00 ; elapsed = 00:00:00.031 . Memory (MB): peak = 1068.051 ; gain = 0.000
INFO: [Project 1-570] Preparing netlist for logic optimization

Processing XDC Constraints
Initializing timing engine
Parsing XDC File [c:/Users/gusta/OneDrive/Documents/universidad/4to/1r/SEP/Proyectos/pr2/SEPmonG3/SEPmon/SEPmon.srcs/sources_1/bd/DEMO/ip/DEMO_processing_system7_0_0/DEMO_processing_system7_0_0.xdc] for cell 'inst'
Finished Parsing XDC File [c:/Users/gusta/OneDrive/Documents/universidad/4to/1r/SEP/Proyectos/pr2/SEPmonG3/SEPmon/SEPmon.srcs/sources_1/bd/DEMO/ip/DEMO_processing_system7_0_0/DEMO_processing_system7_0_0.xdc] for cell 'inst'
INFO: [Project 1-236] Implementation specific constraints were found while reading constraint file [c:/Users/gusta/OneDrive/Documents/universidad/4to/1r/SEP/Proyectos/pr2/SEPmonG3/SEPmon/SEPmon.srcs/sources_1/bd/DEMO/ip/DEMO_processing_system7_0_0/DEMO_processing_system7_0_0.xdc]. These constraints will be ignored for synthesis but will be used in implementation. Impacted constraints are listed in the file [.Xil/DEMO_processing_system7_0_0_propImpl.xdc].
Resolution: To avoid this warning, move constraints listed in [.Xil/DEMO_processing_system7_0_0_propImpl.xdc] to another XDC file and exclude this new file from synthesis with the used_in_synthesis property (File Properties dialog in GUI) and re-run elaboration/synthesis.
Parsing XDC File [C:/Users/gusta/OneDrive/Documents/universidad/4to/1r/SEP/Proyectos/pr2/SEPmonG3/SEPmon/SEPmon.runs/DEMO_processing_system7_0_0_synth_1/dont_touch.xdc]
Finished Parsing XDC File [C:/Users/gusta/OneDrive/Documents/universidad/4to/1r/SEP/Proyectos/pr2/SEPmonG3/SEPmon/SEPmon.runs/DEMO_processing_system7_0_0_synth_1/dont_touch.xdc]
Completed Processing XDC Constraints

Netlist sorting complete. Time (s): cpu = 00:00:00 ; elapsed = 00:00:00 . Memory (MB): peak = 1084.336 ; gain = 0.000
INFO: [Project 1-111] Unisim Transformation Summary:
No Unisim elements were transformed.

Constraint Validation Runtime : Time (s): cpu = 00:00:00 ; elapsed = 00:00:00.055 . Memory (MB): peak = 1087.383 ; gain = 3.047

*** Running vivado
    with args -log DEMO_processing_system7_0_0.vds -m64 -product Vivado -mode batch -messageDb vivado.pb -notrace -source DEMO_processing_system7_0_0.tcl



****** Vivado v2020.1 (64-bit)
  **** SW Build 2902540 on Wed May 27 19:54:49 MDT 2020
  **** IP Build 2902112 on Wed May 27 22:43:36 MDT 2020
    ** Copyright 1986-2020 Xilinx, Inc. All Rights Reserved.

source DEMO_processing_system7_0_0.tcl -notrace
INFO: [IP_Flow 19-234] Refreshing IP repositories
WARNING: [IP_Flow 19-3685] Ignored loading user repository 'c:/Users/gusta/OneDrive/Documents/universidad/4to/1r/SEP/Proyectos/pr2/SEP/Proyecto_Base_Booster_v2/DEMODEFINITIVA/ip_repo/BUZZER_1.0'. The path is contained within another repository.
CRITICAL WARNING: [IP_Flow 19-4648] Error loading IP definition Reproductor_v1_0 (xilinx.com:user:Reproductor:1.0): This component is not valid; it has a subcoreRef defined to be the same as its parent.
INFO: [IP_Flow 19-1700] Loaded user IP repository 'c:/Users/gusta/OneDrive/Documents/universidad/4to/1r/SEP/Proyectos/pr2'.
WARNING: [IP_Flow 19-3656] If you move the project, the path for repository 'c:/Users/gusta/OneDrive/Documents/universidad/4to/1r/SEP/Proyectos/pr2' may become invalid. A better location for the repository would be in a path adjacent to the project. (Current project location is 'c:/Users/gusta/OneDrive/Documents/universidad/4to/1r/SEP/Proyectos/pr2/SEPmonG3/SEPmon/SEPmon.runs/DEMO_processing_system7_0_0_synth_1'.)
WARNING: [IP_Flow 19-3685] Ignored loading user repository 'c:/Users/gusta/OneDrive/Documents/universidad/4to/1r/SEP/Proyectos/pr2/SEP/Proyecto_Base_Booster_v2/DEMODEFINITIVA/ip_repo/My_PWM_1.0'. The path is contained within another repository.
INFO: [IP_Flow 19-2313] Loaded Vivado IP repository 'C:/Xilinx/Vivado/2020.1/data/ip'.
WARNING: [IP_Flow 19-1663] Duplicate IP found for 'xilinx.com:user:Reproductor:1.0'. The one found in IP location 'c:/Users/gusta/OneDrive/Documents/universidad/4to/1r/SEP/Proyectos/pr2/Musica/Musica.srcs' will take precedence over the same IP in location c:/Users/gusta/OneDrive/Documents/universidad/4to/1r/SEP/Proyectos/pr2/Musica/Musica.srcs/sources_1/new
update_ip_catalog: Time (s): cpu = 00:00:02 ; elapsed = 00:00:12 . Memory (MB): peak = 1048.965 ; gain = 0.000
WARNING: [IP_Flow 19-4995] The host OS only allows 260 characters in a normal path. The IP cache path is more than 80 characters. If you experience issues with IP caching, please consider changing the IP cache to a location with a shorter path. Alternately consider using the OS subst command to map part of the path to a drive letter. 
Current IP cache path is c:/Users/gusta/OneDrive/Documents/universidad/4to/1r/SEP/Proyectos/pr2/SEPmonG3/SEPmon/SEPmon.cache/ip 
Command: synth_design -top DEMO_processing_system7_0_0 -part xc7z010clg400-1 -mode out_of_context
Starting synth_design
Attempting to get a license for feature 'Synthesis' and/or device 'xc7z010'
INFO: [Common 17-349] Got license for feature 'Synthesis' and/or device 'xc7z010'
INFO: [Device 21-403] Loading part xc7z010clg400-1
INFO: [Synth 8-7079] Multithreading enabled for synth_design using a maximum of 2 processes.
INFO: [Synth 8-7078] Launching helper process for spawning children vivado processes
INFO: [Synth 8-7075] Helper process launched with PID 6320
---------------------------------------------------------------------------------
Starting RTL Elaboration : Time (s): cpu = 00:00:06 ; elapsed = 00:00:08 . Memory (MB): peak = 1048.965 ; gain = 0.000
---------------------------------------------------------------------------------
INFO: [Synth 8-6157] synthesizing module 'DEMO_processing_system7_0_0' [c:/Users/gusta/OneDrive/Documents/universidad/4to/1r/SEP/Proyectos/pr2/SEPmonG3/SEPmon/SEPmon.srcs/sources_1/bd/DEMO/ip/DEMO_processing_system7_0_0/synth/DEMO_processing_system7_0_0.v:60]
INFO: [Synth 8-6157] synthesizing module 'processing_system7_v5_5_processing_system7' [c:/Users/gusta/OneDrive/Documents/universidad/4to/1r/SEP/Proyectos/pr2/SEPmonG3/SEPmon/SEPmon.srcs/sources_1/bd/DEMO/ip/DEMO_processing_system7_0_0/hdl/verilog/processing_system7_v5_5_processing_system7.v:161]
	Parameter C_USE_DEFAULT_ACP_USER_VAL bound to: 0 - type: integer 
	Parameter C_S_AXI_ACP_ARUSER_VAL bound to: 31 - type: integer 
	Parameter C_S_AXI_ACP_AWUSER_VAL bound to: 31 - type: integer 
	Parameter C_M_AXI_GP0_THREAD_ID_WIDTH bound to: 12 - type: integer 
	Parameter C_M_AXI_GP1_THREAD_ID_WIDTH bound to: 12 - type: integer 
	Parameter C_M_AXI_GP0_ENABLE_STATIC_REMAP bound to: 0 - type: integer 
	Parameter C_M_AXI_GP1_ENABLE_STATIC_REMAP bound to: 0 - type: integer 
	Parameter C_M_AXI_GP0_ID_WIDTH bound to: 12 - type: integer 
	Parameter C_M_AXI_GP1_ID_WIDTH bound to: 12 - type: integer 
	Parameter C_S_AXI_GP0_ID_WIDTH bound to: 6 - type: integer 
	Parameter C_S_AXI_GP1_ID_WIDTH bound to: 6 - type: integer 
	Parameter C_S_AXI_HP0_ID_WIDTH bound to: 6 - type: integer 
	Parameter C_S_AXI_HP1_ID_WIDTH bound to: 6 - type: integer 
	Parameter C_S_AXI_HP2_ID_WIDTH bound to: 6 - type: integer 
	Parameter C_S_AXI_HP3_ID_WIDTH bound to: 6 - type: integer 
	Parameter C_S_AXI_ACP_ID_WIDTH bound to: 3 - type: integer 
	Parameter C_S_AXI_HP0_DATA_WIDTH bound to: 64 - type: integer 
	Parameter C_S_AXI_HP1_DATA_WIDTH bound to: 64 - type: integer 
	Parameter C_S_AXI_HP2_DATA_WIDTH bound to: 64 - type: integer 
	Parameter C_S_AXI_HP3_DATA_WIDTH bound to: 64 - type: integer 
	Parameter C_INCLUDE_ACP_TRANS_CHECK bound to: 0 - type: integer 
	Parameter C_NUM_F2P_INTR_INPUTS bound to: 3 - type: integer 
	Parameter C_FCLK_CLK0_BUF bound to: TRUE - type: string 
	Parameter C_FCLK_CLK1_BUF bound to: FALSE - type: string 
	Parameter C_FCLK_CLK2_BUF bound to: FALSE - type: string 
	Parameter C_FCLK_CLK3_BUF bound to: FALSE - type: string 
	Parameter C_EMIO_GPIO_WIDTH bound to: 64 - type: integer 
	Parameter C_INCLUDE_TRACE_BUFFER bound to: 0 - type: integer 
	Parameter C_TRACE_BUFFER_FIFO_SIZE bound to: 128 - type: integer 
	Parameter C_TRACE_BUFFER_CLOCK_DELAY bound to: 12 - type: integer 
	Parameter USE_TRACE_DATA_EDGE_DETECTOR bound to: 0 - type: integer 
	Parameter C_TRACE_PIPELINE_WIDTH bound to: 8 - type: integer 
	Parameter C_PS7_SI_REV bound to: PRODUCTION - type: string 
	Parameter C_EN_EMIO_ENET0 bound to: 0 - type: integer 
	Parameter C_EN_EMIO_ENET1 bound to: 0 - type: integer 
	Parameter C_EN_EMIO_TRACE bound to: 0 - type: integer 
	Parameter C_DQ_WIDTH bound to: 32 - type: integer 
	Parameter C_DQS_WIDTH bound to: 4 - type: integer 
	Parameter C_DM_WIDTH bound to: 4 - type: integer 
	Parameter C_MIO_PRIMITIVE bound to: 54 - type: integer 
	Parameter C_PACKAGE_NAME bound to: clg400 - type: string 
	Parameter C_IRQ_F2P_MODE bound to: DIRECT - type: string 
	Parameter C_TRACE_INTERNAL_WIDTH bound to: 2 - type: integer 
	Parameter C_EN_EMIO_PJTAG bound to: 0 - type: integer 
	Parameter C_USE_AXI_NONSECURE bound to: 0 - type: integer 
	Parameter C_USE_S_AXI_HP0 bound to: 0 - type: integer 
	Parameter C_USE_S_AXI_HP1 bound to: 0 - type: integer 
	Parameter C_USE_S_AXI_HP2 bound to: 0 - type: integer 
	Parameter C_USE_S_AXI_HP3 bound to: 0 - type: integer 
	Parameter C_USE_M_AXI_GP0 bound to: 1 - type: integer 
	Parameter C_USE_M_AXI_GP1 bound to: 0 - type: integer 
	Parameter C_USE_S_AXI_GP0 bound to: 0 - type: integer 
	Parameter C_USE_S_AXI_GP1 bound to: 0 - type: integer 
	Parameter C_USE_S_AXI_ACP bound to: 0 - type: integer 
	Parameter C_GP0_EN_MODIFIABLE_TXN bound to: 1 - type: integer 
	Parameter C_GP1_EN_MODIFIABLE_TXN bound to: 1 - type: integer 
INFO: [Synth 8-6157] synthesizing module 'BUFG' [C:/Xilinx/Vivado/2020.1/scripts/rt/data/unisim_comp.v:1083]
INFO: [Synth 8-6155] done synthesizing module 'BUFG' (1#1) [C:/Xilinx/Vivado/2020.1/scripts/rt/data/unisim_comp.v:1083]
INFO: [Synth 8-6157] synthesizing module 'BIBUF' [C:/Xilinx/Vivado/2020.1/scripts/rt/data/unisim_comp.v:730]
INFO: [Synth 8-6155] done synthesizing module 'BIBUF' (2#1) [C:/Xilinx/Vivado/2020.1/scripts/rt/data/unisim_comp.v:730]
INFO: [Synth 8-6157] synthesizing module 'PS7' [C:/Xilinx/Vivado/2020.1/scripts/rt/data/unisim_comp.v:62027]
INFO: [Synth 8-6155] done synthesizing module 'PS7' (3#1) [C:/Xilinx/Vivado/2020.1/scripts/rt/data/unisim_comp.v:62027]
INFO: [Synth 8-6155] done synthesizing module 'processing_system7_v5_5_processing_system7' (4#1) [c:/Users/gusta/OneDrive/Documents/universidad/4to/1r/SEP/Proyectos/pr2/SEPmonG3/SEPmon/SEPmon.srcs/sources_1/bd/DEMO/ip/DEMO_processing_system7_0_0/hdl/verilog/processing_system7_v5_5_processing_system7.v:161]
WARNING: [Synth 8-7071] port 'M_AXI_GP0_ARESETN' of module 'processing_system7_v5_5_processing_system7' is unconnected for instance 'inst' [c:/Users/gusta/OneDrive/Documents/universidad/4to/1r/SEP/Proyectos/pr2/SEPmonG3/SEPmon/SEPmon.srcs/sources_1/bd/DEMO/ip/DEMO_processing_system7_0_0/synth/DEMO_processing_system7_0_0.v:327]
WARNING: [Synth 8-7071] port 'M_AXI_GP1_ARESETN' of module 'processing_system7_v5_5_processing_system7' is unconnected for instance 'inst' [c:/Users/gusta/OneDrive/Documents/universidad/4to/1r/SEP/Proyectos/pr2/SEPmonG3/SEPmon/SEPmon.srcs/sources_1/bd/DEMO/ip/DEMO_processing_system7_0_0/synth/DEMO_processing_system7_0_0.v:327]
WARNING: [Synth 8-7071] port 'S_AXI_GP0_ARESETN' of module 'processing_system7_v5_5_processing_system7' is unconnected for instance 'inst' [c:/Users/gusta/OneDrive/Documents/universidad/4to/1r/SEP/Proyectos/pr2/SEPmonG3/SEPmon/SEPmon.srcs/sources_1/bd/DEMO/ip/DEMO_processing_system7_0_0/synth/DEMO_processing_system7_0_0.v:327]
WARNING: [Synth 8-7071] port 'S_AXI_GP1_ARESETN' of module 'processing_system7_v5_5_processing_system7' is unconnected for instance 'inst' [c:/Users/gusta/OneDrive/Documents/universidad/4to/1r/SEP/Proyectos/pr2/SEPmonG3/SEPmon/SEPmon.srcs/sources_1/bd/DEMO/ip/DEMO_processing_system7_0_0/synth/DEMO_processing_system7_0_0.v:327]
WARNING: [Synth 8-7071] port 'S_AXI_ACP_ARESETN' of module 'processing_system7_v5_5_processing_system7' is unconnected for instance 'inst' [c:/Users/gusta/OneDrive/Documents/universidad/4to/1r/SEP/Proyectos/pr2/SEPmonG3/SEPmon/SEPmon.srcs/sources_1/bd/DEMO/ip/DEMO_processing_system7_0_0/synth/DEMO_processing_system7_0_0.v:327]
WARNING: [Synth 8-7071] port 'S_AXI_HP0_ARESETN' of module 'processing_system7_v5_5_processing_system7' is unconnected for instance 'inst' [c:/Users/gusta/OneDrive/Documents/universidad/4to/1r/SEP/Proyectos/pr2/SEPmonG3/SEPmon/SEPmon.srcs/sources_1/bd/DEMO/ip/DEMO_processing_system7_0_0/synth/DEMO_processing_system7_0_0.v:327]
WARNING: [Synth 8-7071] port 'S_AXI_HP1_ARESETN' of module 'processing_system7_v5_5_processing_system7' is unconnected for instance 'inst' [c:/Users/gusta/OneDrive/Documents/universidad/4to/1r/SEP/Proyectos/pr2/SEPmonG3/SEPmon/SEPmon.srcs/sources_1/bd/DEMO/ip/DEMO_processing_system7_0_0/synth/DEMO_processing_system7_0_0.v:327]
WARNING: [Synth 8-7071] port 'S_AXI_HP2_ARESETN' of module 'processing_system7_v5_5_processing_system7' is unconnected for instance 'inst' [c:/Users/gusta/OneDrive/Documents/universidad/4to/1r/SEP/Proyectos/pr2/SEPmonG3/SEPmon/SEPmon.srcs/sources_1/bd/DEMO/ip/DEMO_processing_system7_0_0/synth/DEMO_processing_system7_0_0.v:327]
WARNING: [Synth 8-7071] port 'S_AXI_HP3_ARESETN' of module 'processing_system7_v5_5_processing_system7' is unconnected for instance 'inst' [c:/Users/gusta/OneDrive/Documents/universidad/4to/1r/SEP/Proyectos/pr2/SEPmonG3/SEPmon/SEPmon.srcs/sources_1/bd/DEMO/ip/DEMO_processing_system7_0_0/synth/DEMO_processing_system7_0_0.v:327]
WARNING: [Synth 8-7071] port 'DMA0_RSTN' of module 'processing_system7_v5_5_processing_system7' is unconnected for instance 'inst' [c:/Users/gusta/OneDrive/Documents/universidad/4to/1r/SEP/Proyectos/pr2/SEPmonG3/SEPmon/SEPmon.srcs/sources_1/bd/DEMO/ip/DEMO_processing_system7_0_0/synth/DEMO_processing_system7_0_0.v:327]
WARNING: [Synth 8-7071] port 'DMA1_RSTN' of module 'processing_system7_v5_5_processing_system7' is unconnected for instance 'inst' [c:/Users/gusta/OneDrive/Documents/universidad/4to/1r/SEP/Proyectos/pr2/SEPmonG3/SEPmon/SEPmon.srcs/sources_1/bd/DEMO/ip/DEMO_processing_system7_0_0/synth/DEMO_processing_system7_0_0.v:327]
WARNING: [Synth 8-7071] port 'DMA2_RSTN' of module 'processing_system7_v5_5_processing_system7' is unconnected for instance 'inst' [c:/Users/gusta/OneDrive/Documents/universidad/4to/1r/SEP/Proyectos/pr2/SEPmonG3/SEPmon/SEPmon.srcs/sources_1/bd/DEMO/ip/DEMO_processing_system7_0_0/synth/DEMO_processing_system7_0_0.v:327]
WARNING: [Synth 8-7071] port 'DMA3_RSTN' of module 'processing_system7_v5_5_processing_system7' is unconnected for instance 'inst' [c:/Users/gusta/OneDrive/Documents/universidad/4to/1r/SEP/Proyectos/pr2/SEPmonG3/SEPmon/SEPmon.srcs/sources_1/bd/DEMO/ip/DEMO_processing_system7_0_0/synth/DEMO_processing_system7_0_0.v:327]
WARNING: [Synth 8-7023] instance 'inst' of module 'processing_system7_v5_5_processing_system7' has 685 connections declared, but only 672 given [c:/Users/gusta/OneDrive/Documents/universidad/4to/1r/SEP/Proyectos/pr2/SEPmonG3/SEPmon/SEPmon.srcs/sources_1/bd/DEMO/ip/DEMO_processing_system7_0_0/synth/DEMO_processing_system7_0_0.v:327]
INFO: [Synth 8-6155] done synthesizing module 'DEMO_processing_system7_0_0' (5#1) [c:/Users/gusta/OneDrive/Documents/universidad/4to/1r/SEP/Proyectos/pr2/SEPmonG3/SEPmon/SEPmon.srcs/sources_1/bd/DEMO/ip/DEMO_processing_system7_0_0/synth/DEMO_processing_system7_0_0.v:60]
---------------------------------------------------------------------------------
Finished RTL Elaboration : Time (s): cpu = 00:00:08 ; elapsed = 00:00:10 . Memory (MB): peak = 1052.805 ; gain = 3.840
---------------------------------------------------------------------------------
---------------------------------------------------------------------------------
Start Handling Custom Attributes
---------------------------------------------------------------------------------
---------------------------------------------------------------------------------
Finished Handling Custom Attributes : Time (s): cpu = 00:00:08 ; elapsed = 00:00:11 . Memory (MB): peak = 1052.805 ; gain = 3.840
---------------------------------------------------------------------------------
---------------------------------------------------------------------------------
Finished RTL Optimization Phase 1 : Time (s): cpu = 00:00:08 ; elapsed = 00:00:11 . Memory (MB): peak = 1052.805 ; gain = 3.840
---------------------------------------------------------------------------------
Netlist sorting complete. Time (s): cpu = 00:00:00 ; elapsed = 00:00:00.025 . Memory (MB): peak = 1052.805 ; gain = 0.000
INFO: [Project 1-570] Preparing netlist for logic optimization

Processing XDC Constraints
Initializing timing engine
Parsing XDC File [c:/Users/gusta/OneDrive/Documents/universidad/4to/1r/SEP/Proyectos/pr2/SEPmonG3/SEPmon/SEPmon.srcs/sources_1/bd/DEMO/ip/DEMO_processing_system7_0_0/DEMO_processing_system7_0_0.xdc] for cell 'inst'
Finished Parsing XDC File [c:/Users/gusta/OneDrive/Documents/universidad/4to/1r/SEP/Proyectos/pr2/SEPmonG3/SEPmon/SEPmon.srcs/sources_1/bd/DEMO/ip/DEMO_processing_system7_0_0/DEMO_processing_system7_0_0.xdc] for cell 'inst'
INFO: [Project 1-236] Implementation specific constraints were found while reading constraint file [c:/Users/gusta/OneDrive/Documents/universidad/4to/1r/SEP/Proyectos/pr2/SEPmonG3/SEPmon/SEPmon.srcs/sources_1/bd/DEMO/ip/DEMO_processing_system7_0_0/DEMO_processing_system7_0_0.xdc]. These constraints will be ignored for synthesis but will be used in implementation. Impacted constraints are listed in the file [.Xil/DEMO_processing_system7_0_0_propImpl.xdc].
Resolution: To avoid this warning, move constraints listed in [.Xil/DEMO_processing_system7_0_0_propImpl.xdc] to another XDC file and exclude this new file from synthesis with the used_in_synthesis property (File Properties dialog in GUI) and re-run elaboration/synthesis.
Parsing XDC File [C:/Users/gusta/OneDrive/Documents/universidad/4to/1r/SEP/Proyectos/pr2/SEPmonG3/SEPmon/SEPmon.runs/DEMO_processing_system7_0_0_synth_1/dont_touch.xdc]
Finished Parsing XDC File [C:/Users/gusta/OneDrive/Documents/universidad/4to/1r/SEP/Proyectos/pr2/SEPmonG3/SEPmon/SEPmon.runs/DEMO_processing_system7_0_0_synth_1/dont_touch.xdc]
Completed Processing XDC Constraints

Netlist sorting complete. Time (s): cpu = 00:00:00 ; elapsed = 00:00:00 . Memory (MB): peak = 1083.887 ; gain = 0.000
INFO: [Project 1-111] Unisim Transformation Summary:
No Unisim elements were transformed.

Constraint Validation Runtime : Time (s): cpu = 00:00:00 ; elapsed = 00:00:00.044 . Memory (MB): peak = 1086.895 ; gain = 3.008
---------------------------------------------------------------------------------
Finished Constraint Validation : Time (s): cpu = 00:00:16 ; elapsed = 00:00:19 . Memory (MB): peak = 1086.895 ; gain = 37.930
---------------------------------------------------------------------------------
---------------------------------------------------------------------------------
Start Loading Part and Timing Information
---------------------------------------------------------------------------------
Loading part: xc7z010clg400-1
---------------------------------------------------------------------------------
Finished Loading Part and Timing Information : Time (s): cpu = 00:00:16 ; elapsed = 00:00:19 . Memory (MB): peak = 1086.895 ; gain = 37.930
---------------------------------------------------------------------------------
---------------------------------------------------------------------------------
Start Applying 'set_property' XDC Constraints
---------------------------------------------------------------------------------
Applied set_property DONT_TOUCH = true for inst. (constraint file  C:/Users/gusta/OneDrive/Documents/universidad/4to/1r/SEP/Proyectos/pr2/SEPmonG3/SEPmon/SEPmon.runs/DEMO_processing_system7_0_0_synth_1/dont_touch.xdc, line 9).
---------------------------------------------------------------------------------
Finished applying 'set_property' XDC Constraints : Time (s): cpu = 00:00:17 ; elapsed = 00:00:20 . Memory (MB): peak = 1086.895 ; gain = 37.930
---------------------------------------------------------------------------------
---------------------------------------------------------------------------------
Finished RTL Optimization Phase 2 : Time (s): cpu = 00:00:18 ; elapsed = 00:00:21 . Memory (MB): peak = 1086.895 ; gain = 37.930
---------------------------------------------------------------------------------
---------------------------------------------------------------------------------
Start RTL Component Statistics 
---------------------------------------------------------------------------------
Detailed RTL Component Info : 
---------------------------------------------------------------------------------
Finished RTL Component Statistics 
---------------------------------------------------------------------------------
---------------------------------------------------------------------------------
Start Part Resource Summary
---------------------------------------------------------------------------------
Part Resources:
DSPs: 80 (col length:40)
BRAMs: 120 (col length: RAMB18 40 RAMB36 20)
---------------------------------------------------------------------------------
Finished Part Resource Summary
---------------------------------------------------------------------------------
---------------------------------------------------------------------------------
Start Cross Boundary and Area Optimization
---------------------------------------------------------------------------------
---------------------------------------------------------------------------------
Finished Cross Boundary and Area Optimization : Time (s): cpu = 00:00:20 ; elapsed = 00:00:23 . Memory (MB): peak = 1086.895 ; gain = 37.930
---------------------------------------------------------------------------------
---------------------------------------------------------------------------------
Start Applying XDC Timing Constraints
---------------------------------------------------------------------------------
---------------------------------------------------------------------------------
Finished Applying XDC Timing Constraints : Time (s): cpu = 00:00:30 ; elapsed = 00:00:33 . Memory (MB): peak = 1270.844 ; gain = 221.879
---------------------------------------------------------------------------------
---------------------------------------------------------------------------------
Start Timing Optimization
---------------------------------------------------------------------------------
---------------------------------------------------------------------------------
Finished Timing Optimization : Time (s): cpu = 00:00:30 ; elapsed = 00:00:33 . Memory (MB): peak = 1290.754 ; gain = 241.789
---------------------------------------------------------------------------------
---------------------------------------------------------------------------------
Start Technology Mapping
---------------------------------------------------------------------------------
---------------------------------------------------------------------------------
Finished Technology Mapping : Time (s): cpu = 00:00:31 ; elapsed = 00:00:34 . Memory (MB): peak = 1305.164 ; gain = 256.199
---------------------------------------------------------------------------------
---------------------------------------------------------------------------------
Start IO Insertion
---------------------------------------------------------------------------------
---------------------------------------------------------------------------------
Start Flattening Before IO Insertion
---------------------------------------------------------------------------------
---------------------------------------------------------------------------------
Finished Flattening Before IO Insertion
---------------------------------------------------------------------------------
---------------------------------------------------------------------------------
Start Final Netlist Cleanup
---------------------------------------------------------------------------------
---------------------------------------------------------------------------------
Finished Final Netlist Cleanup
---------------------------------------------------------------------------------
---------------------------------------------------------------------------------
Finished IO Insertion : Time (s): cpu = 00:00:36 ; elapsed = 00:00:39 . Memory (MB): peak = 1309.988 ; gain = 261.023
---------------------------------------------------------------------------------
---------------------------------------------------------------------------------
Start Renaming Generated Instances
---------------------------------------------------------------------------------
---------------------------------------------------------------------------------
Finished Renaming Generated Instances : Time (s): cpu = 00:00:36 ; elapsed = 00:00:39 . Memory (MB): peak = 1309.988 ; gain = 261.023
---------------------------------------------------------------------------------
---------------------------------------------------------------------------------
Start Rebuilding User Hierarchy
---------------------------------------------------------------------------------
---------------------------------------------------------------------------------
Finished Rebuilding User Hierarchy : Time (s): cpu = 00:00:36 ; elapsed = 00:00:39 . Memory (MB): peak = 1309.988 ; gain = 261.023
---------------------------------------------------------------------------------
---------------------------------------------------------------------------------
Start Renaming Generated Ports
---------------------------------------------------------------------------------
---------------------------------------------------------------------------------
Finished Renaming Generated Ports : Time (s): cpu = 00:00:36 ; elapsed = 00:00:39 . Memory (MB): peak = 1309.988 ; gain = 261.023
---------------------------------------------------------------------------------
---------------------------------------------------------------------------------
Start Handling Custom Attributes
---------------------------------------------------------------------------------
---------------------------------------------------------------------------------
Finished Handling Custom Attributes : Time (s): cpu = 00:00:36 ; elapsed = 00:00:39 . Memory (MB): peak = 1309.988 ; gain = 261.023
---------------------------------------------------------------------------------
---------------------------------------------------------------------------------
Start Renaming Generated Nets
---------------------------------------------------------------------------------
---------------------------------------------------------------------------------
Finished Renaming Generated Nets : Time (s): cpu = 00:00:36 ; elapsed = 00:00:39 . Memory (MB): peak = 1309.988 ; gain = 261.023
---------------------------------------------------------------------------------
---------------------------------------------------------------------------------
Start Writing Synthesis Report
---------------------------------------------------------------------------------

Report BlackBoxes: 
+-+--------------+----------+
| |BlackBox name |Instances |
+-+--------------+----------+
+-+--------------+----------+

Report Cell Usage: 
+------+------+------+
|      |Cell  |Count |
+------+------+------+
|1     |BIBUF |   130|
|2     |BUFG  |     1|
|3     |LUT1  |   112|
|4     |PS7   |     1|
+------+------+------+
---------------------------------------------------------------------------------
Finished Writing Synthesis Report : Time (s): cpu = 00:00:36 ; elapsed = 00:00:39 . Memory (MB): peak = 1309.988 ; gain = 261.023
---------------------------------------------------------------------------------
Synthesis finished with 0 errors, 0 critical warnings and 0 warnings.
Synthesis Optimization Runtime : Time (s): cpu = 00:00:25 ; elapsed = 00:00:36 . Memory (MB): peak = 1309.988 ; gain = 226.934
Synthesis Optimization Complete : Time (s): cpu = 00:00:36 ; elapsed = 00:00:39 . Memory (MB): peak = 1309.988 ; gain = 261.023
INFO: [Project 1-571] Translating synthesized netlist
Netlist sorting complete. Time (s): cpu = 00:00:00 ; elapsed = 00:00:00.034 . Memory (MB): peak = 1309.988 ; gain = 0.000
INFO: [Project 1-570] Preparing netlist for logic optimization
INFO: [Opt 31-138] Pushed 0 inverter(s) to 0 load pin(s).
Netlist sorting complete. Time (s): cpu = 00:00:00 ; elapsed = 00:00:00 . Memory (MB): peak = 1332.355 ; gain = 0.000
INFO: [Project 1-111] Unisim Transformation Summary:
No Unisim elements were transformed.

INFO: [Common 17-83] Releasing license: Synthesis
26 Infos, 19 Warnings, 1 Critical Warnings and 0 Errors encountered.
synth_design completed successfully
synth_design: Time (s): cpu = 00:00:43 ; elapsed = 00:00:56 . Memory (MB): peak = 1332.355 ; gain = 283.391
INFO: [Common 17-1381] The checkpoint 'C:/Users/gusta/OneDrive/Documents/universidad/4to/1r/SEP/Proyectos/pr2/SEPmonG3/SEPmon/SEPmon.runs/DEMO_processing_system7_0_0_synth_1/DEMO_processing_system7_0_0.dcp' has been generated.
WARNING: [Common 17-576] 'use_project_ipc' is deprecated. This option is deprecated and no longer used.
INFO: [Coretcl 2-1648] Added synthesis output to IP cache for IP DEMO_processing_system7_0_0, cache-ID = 8f150d8d82303cec
INFO: [Common 17-1381] The checkpoint 'C:/Users/gusta/OneDrive/Documents/universidad/4to/1r/SEP/Proyectos/pr2/SEPmonG3/SEPmon/SEPmon.runs/DEMO_processing_system7_0_0_synth_1/DEMO_processing_system7_0_0.dcp' has been generated.
INFO: [runtcl-4] Executing : report_utilization -file DEMO_processing_system7_0_0_utilization_synth.rpt -pb DEMO_processing_system7_0_0_utilization_synth.pb
INFO: [Common 17-206] Exiting Vivado at Thu Jun 20 17:58:24 2024...
