#-----------------------------------------------------------
# Vivado v2020.1 (64-bit)
# SW Build 2902540 on Wed May 27 19:54:49 MDT 2020
# IP Build 2902112 on Wed May 27 22:43:36 MDT 2020
# Start of session at: Sat May  4 14:53:40 2024
# Process ID: 10996
# Current directory: C:/Users/gusta/Documents/SEP_projects/state_wait
# Command line: vivado.exe -gui_launcher_event rodinguilauncherevent14144 C:\Users\gusta\Documents\SEP_projects\state_wait\state_wait.xpr
# Log file: C:/Users/gusta/Documents/SEP_projects/state_wait/vivado.log
# Journal file: C:/Users/gusta/Documents/SEP_projects/state_wait\vivado.jou
#-----------------------------------------------------------
start_gui
open_project C:/Users/gusta/Documents/SEP_projects/state_wait/state_wait.xpr
INFO: [Project 1-313] Project file moved from 'C:/DATA/2024/7mo semestre/SEP/Proyectos/state_wait' since last save.
Scanning sources...
Finished scanning sources
WARNING: [filemgmt 56-2] IPUserFilesDir: Could not find the directory 'C:/Users/gusta/Documents/SEP_projects/state_wait/state_wait.ip_user_files', nor could it be found using path 'C:/DATA/2024/7mo semestre/SEP/Proyectos/state_wait/state_wait.ip_user_files'.
CRITICAL WARNING: [Board 49-67] The board_part definition was not found for digilentinc.com:zybo-z7-10:part0:1.2. This can happen sometimes when you use custom board part. You can resolve this issue by setting 'board.repoPaths' parameter, pointing to the location of custom board files. Valid board_part values can be retrieved with the 'get_board_parts' Tcl command.
INFO: [IP_Flow 19-234] Refreshing IP repositories
INFO: [IP_Flow 19-1704] No user IP repositories specified
INFO: [IP_Flow 19-2313] Loaded Vivado IP repository 'C:/Xilinx/Vivado/2020.1/data/ip'.
open_project: Time (s): cpu = 00:00:19 ; elapsed = 00:00:21 . Memory (MB): peak = 1062.914 ; gain = 0.000
update_compile_order -fileset sources_1
exit
INFO: [Common 17-206] Exiting Vivado at Sat May  4 15:25:29 2024...
