Copyright 1986-2020 Xilinx, Inc. All Rights Reserved.
------------------------------------------------------------------------------------
| Tool Version : Vivado v.2020.1 (win64) Build 2902540 Wed May 27 19:54:49 MDT 2020
| Date         : Sat May 11 20:56:59 2024
| Host         : zez running 64-bit major release  (build 9200)
| Command      : upgrade_ip
| Device       : xc7z010clg400-1
------------------------------------------------------------------------------------

Upgrade Log for IP 'design_1_Init_0_0'

1. Summary
----------

SUCCESS in the upgrade of design_1_Init_0_0 (xilinx.com:user:Init:1.0) from (Rev. 11) to (Rev. 12)






Copyright 1986-2020 Xilinx, Inc. All Rights Reserved.
------------------------------------------------------------------------------------
| Tool Version : Vivado v.2020.1 (win64) Build 2902540 Wed May 27 19:54:49 MDT 2020
| Date         : Sat May 11 20:25:13 2024
| Host         : zez running 64-bit major release  (build 9200)
| Command      : upgrade_ip
| Device       : xc7z010clg400-1
------------------------------------------------------------------------------------

Upgrade Log for IP 'design_1_Init_0_0'

1. Summary
----------

CAUTION (success, with warnings) in the upgrade of design_1_Init_0_0 (xilinx.com:user:Init:1.0) from (Rev. 10) to (Rev. 11)

After upgrade, an IP may have parameter and port differences compared to the original customization. Please review the parameters within the IP customization GUI to ensure proper functionality. Also, please review the updated IP instantiation template to ensure proper connectivity, and update your design if required.

2. Connection Warnings
----------------------

Detected external port differences while upgrading 'design_1_Init_0_0'. These changes may impact your design.


-Upgrade has added port 'active'







Copyright 1986-2020 Xilinx, Inc. All Rights Reserved.
------------------------------------------------------------------------------------
| Tool Version : Vivado v.2020.1 (win64) Build 2902540 Wed May 27 19:54:49 MDT 2020
| Date         : Sat May 11 19:59:37 2024
| Host         : zez running 64-bit major release  (build 9200)
| Command      : upgrade_ip
| Device       : xc7z010clg400-1
------------------------------------------------------------------------------------

Upgrade Log for IP 'design_1_state_results_0_0'

1. Summary
----------

SUCCESS in the upgrade of design_1_state_results_0_0 (xilinx.com:user:state_results:1.0) from (Rev. 1) to (Rev. 2)






Copyright 1986-2020 Xilinx, Inc. All Rights Reserved.
------------------------------------------------------------------------------------
| Tool Version : Vivado v.2020.1 (win64) Build 2902540 Wed May 27 19:54:49 MDT 2020
| Date         : Sat May 11 19:57:46 2024
| Host         : zez running 64-bit major release  (build 9200)
| Command      : upgrade_ip
| Device       : xc7z010clg400-1
------------------------------------------------------------------------------------

Upgrade Log for IP 'design_1_Init_0_0'

1. Summary
----------

CAUTION (success, with warnings) in the upgrade of design_1_Init_0_0 (xilinx.com:user:Init:1.0) from (Rev. 9) to (Rev. 10)

After upgrade, an IP may have parameter and port differences compared to the original customization. Please review the parameters within the IP customization GUI to ensure proper functionality. Also, please review the updated IP instantiation template to ensure proper connectivity, and update your design if required.

2. Connection Warnings
----------------------

Detected external port differences while upgrading 'design_1_Init_0_0'. These changes may impact your design.


-Upgrade has removed port 'rgb'


