
*** Running vivado
    with args -log design_1_axi_traffic_gen_0_0.vds -m64 -product Vivado -mode batch -messageDb vivado.pb -notrace -source design_1_axi_traffic_gen_0_0.tcl



****** Vivado v2020.1 (64-bit)
  **** SW Build 2902540 on Wed May 27 19:54:49 MDT 2020
  **** IP Build 2902112 on Wed May 27 22:43:36 MDT 2020
    ** Copyright 1986-2020 Xilinx, Inc. All Rights Reserved.

source design_1_axi_traffic_gen_0_0.tcl -notrace
INFO: [IP_Flow 19-234] Refreshing IP repositories
INFO: [IP_Flow 19-1700] Loaded user IP repository 'c:/DATA/2024/sem07/SEP/SEP_projects'.
WARNING: [IP_Flow 19-3656] If you move the project, the path for repository 'c:/DATA/2024/sem07/SEP/SEP_projects' may become invalid. A better location for the repository would be in a path adjacent to the project. (Current project location is 'c:/DATA/2024/sem07/SEP/SEP_projects/memorice/memorice.runs/design_1_axi_traffic_gen_0_0_synth_1'.)
INFO: [IP_Flow 19-2313] Loaded Vivado IP repository 'C:/Xilinx/Vivado/2020.1/data/ip'.
WARNING: [IP_Flow 19-1663] Duplicate IP found for 'xilinx.com:user:ID_selector:1.0'. The one found in IP location 'c:/DATA/2024/sem07/SEP/SEP_projects/ID_selector' will take precedence over the same IP in location c:/DATA/2024/sem07/SEP/SEP_projects/ID_selector/ID_selector.srcs/sources_1/new
WARNING: [IP_Flow 19-1663] Duplicate IP found for 'xilinx.com:user:ram_reader:1.0'. The one found in IP location 'c:/DATA/2024/sem07/SEP/SEP_projects/ram_reader/ram_reader.srcs/sources_1' will take precedence over the same IP in location c:/DATA/2024/sem07/SEP/SEP_projects/ram_reader
WARNING: [IP_Flow 19-1663] Duplicate IP found for 'xilinx.com:user:state_init:1.0'. The one found in IP location 'c:/DATA/2024/sem07/SEP/SEP_projects/state_init/state_init.srcs/sources_1/new' will take precedence over the same IP in location c:/DATA/2024/sem07/SEP/SEP_projects/state_init/state_init.srcs
WARNING: [IP_Flow 19-1663] Duplicate IP found for 'xilinx.com:user:state_wait:1.0'. The one found in IP location 'c:/DATA/2024/sem07/SEP/SEP_projects/state_wait/state_wait.srcs/sources_1/new' will take precedence over the same IP in location c:/DATA/2024/sem07/SEP/SEP_projects/state_wait/state_wait.srcs
Command: synth_design -top design_1_axi_traffic_gen_0_0 -part xc7z010clg400-1 -mode out_of_context
Starting synth_design
Attempting to get a license for feature 'Synthesis' and/or device 'xc7z010'
INFO: [Common 17-349] Got license for feature 'Synthesis' and/or device 'xc7z010'
INFO: [Device 21-403] Loading part xc7z010clg400-1
INFO: [Synth 8-7079] Multithreading enabled for synth_design using a maximum of 2 processes.
INFO: [Synth 8-7078] Launching helper process for spawning children vivado processes
INFO: [Synth 8-7075] Helper process launched with PID 21128
WARNING: [Synth 8-2507] parameter declaration becomes local in axi_traffic_gen_v3_0_7_systeminit_dmg with formal parameter declaration list [c:/DATA/2024/sem07/SEP/SEP_projects/memorice/memorice.srcs/sources_1/bd/design_1/ipshared/f2df/hdl/axi_traffic_gen_v3_0_rfs.v:13766]
---------------------------------------------------------------------------------
Starting RTL Elaboration : Time (s): cpu = 00:00:05 ; elapsed = 00:00:08 . Memory (MB): peak = 1018.914 ; gain = 0.000
---------------------------------------------------------------------------------
INFO: [Synth 8-6157] synthesizing module 'design_1_axi_traffic_gen_0_0' [c:/DATA/2024/sem07/SEP/SEP_projects/memorice/memorice.srcs/sources_1/bd/design_1/ip/design_1_axi_traffic_gen_0_0/synth/design_1_axi_traffic_gen_0_0.v:62]
INFO: [Synth 8-6157] synthesizing module 'axi_traffic_gen_v3_0_7_top' [c:/DATA/2024/sem07/SEP/SEP_projects/memorice/memorice.srcs/sources_1/bd/design_1/ipshared/f2df/hdl/axi_traffic_gen_v3_0_rfs.v:15238]
	Parameter C_FAMILY bound to: zynq - type: string 
	Parameter C_BASEADDR bound to: 0 - type: integer 
	Parameter C_HIGHADDR bound to: 65535 - type: integer 
	Parameter C_ZERO_INVALID bound to: 1 - type: integer 
	Parameter C_NO_EXCL bound to: 0 - type: integer 
	Parameter C_S_AXI_DATA_WIDTH bound to: 32 - type: integer 
	Parameter C_S_AXI_AWUSER_WIDTH bound to: 8 - type: integer 
	Parameter C_S_AXI_ARUSER_WIDTH bound to: 8 - type: integer 
	Parameter C_S_AXI_ID_WIDTH bound to: 1 - type: integer 
	Parameter C_M_AXI_THREAD_ID_WIDTH bound to: 1 - type: integer 
	Parameter C_M_AXI_DATA_WIDTH bound to: 32 - type: integer 
	Parameter C_M_AXI_ADDR_WIDTH bound to: 32 - type: integer 
	Parameter C_M_AXI_AWUSER_WIDTH bound to: 8 - type: integer 
	Parameter C_M_AXI_ARUSER_WIDTH bound to: 8 - type: integer 
	Parameter C_AXIS1_HAS_TKEEP bound to: 1 - type: integer 
	Parameter C_AXIS1_HAS_TSTRB bound to: 1 - type: integer 
	Parameter C_AXIS2_HAS_TKEEP bound to: 0 - type: integer 
	Parameter C_AXIS2_HAS_TSTRB bound to: 0 - type: integer 
	Parameter C_AXIS_TDATA_WIDTH bound to: 32 - type: integer 
	Parameter C_AXIS_TUSER_WIDTH bound to: 8 - type: integer 
	Parameter C_AXIS_TID_WIDTH bound to: 8 - type: integer 
	Parameter C_AXIS_TDEST_WIDTH bound to: 8 - type: integer 
	Parameter C_ATG_BASIC_AXI4 bound to: 0 - type: integer 
	Parameter C_ATG_REPEAT_TYPE bound to: 0 - type: integer 
	Parameter C_ATG_HLTP_MODE bound to: 0 - type: integer 
	Parameter C_ATG_STATIC bound to: 0 - type: integer 
	Parameter C_ATG_SYSTEM_INIT bound to: 0 - type: integer 
	Parameter C_ATG_SYSTEM_TEST bound to: 1 - type: integer 
	Parameter C_ATG_STREAMING bound to: 0 - type: integer 
	Parameter C_ATG_STREAMING_MST_ONLY bound to: 1 - type: integer 
	Parameter C_ATG_STREAMING_MST_LPBK bound to: 0 - type: integer 
	Parameter C_ATG_STREAMING_SLV_LPBK bound to: 0 - type: integer 
	Parameter C_ATG_STREAMING_MAX_LEN_BITS bound to: 16 - type: integer 
	Parameter C_ATG_STREAMING_MEM_FILE bound to: no_mem_file_loaded - type: string 
	Parameter C_ATG_AXIS_DATA_GEN_TYPE bound to: 0 - type: integer 
	Parameter C_AXIS_SPARSE_EN bound to: 1 - type: integer 
	Parameter C_ATG_SLAVE_ONLY bound to: 0 - type: integer 
	Parameter C_ATG_STATIC_WR_ADDRESS bound to: 64'b0000000000000000000000000000000000010010101000000000000000000000 
	Parameter C_ATG_STATIC_RD_ADDRESS bound to: 64'b0000000000000000000000000000000000010011101000000000000000000000 
	Parameter C_ATG_STATIC_WR_HIGH_ADDRESS bound to: 64'b0000000000000000000000000000000000010010101000000000111111111111 
	Parameter C_ATG_STATIC_RD_HIGH_ADDRESS bound to: 64'b0000000000000000000000000000000000010011101000000000111111111111 
	Parameter C_ATG_STATIC_INCR bound to: 0 - type: integer 
	Parameter C_ATG_STATIC_EN_READ bound to: 1 - type: integer 
	Parameter C_ATG_STATIC_EN_WRITE bound to: 1 - type: integer 
	Parameter C_ATG_STATIC_FREE_RUN bound to: 1 - type: integer 
	Parameter C_ATG_STATIC_RD_PIPELINE bound to: 3 - type: integer 
	Parameter C_ATG_STATIC_WR_PIPELINE bound to: 3 - type: integer 
	Parameter C_ATG_STATIC_TRANGAP bound to: 0 - type: integer 
	Parameter C_ATG_STATIC_LENGTH bound to: 16 - type: integer 
	Parameter C_ATG_SYSTEM_INIT_DATA_MIF bound to: design_1_axi_traffic_gen_0_0_data.mem - type: string 
	Parameter C_ATG_SYSTEM_INIT_ADDR_MIF bound to: design_1_axi_traffic_gen_0_0_addr.mem - type: string 
	Parameter C_ATG_SYSTEM_INIT_CTRL_MIF bound to: design_1_axi_traffic_gen_0_0_ctrl.mem - type: string 
	Parameter C_ATG_SYSTEM_INIT_MASK_MIF bound to: design_1_axi_traffic_gen_0_0_mask.mem - type: string 
	Parameter C_ATG_MIF_DATA_DEPTH bound to: 16 - type: integer 
	Parameter C_ATG_MIF_ADDR_BITS bound to: 4 - type: integer 
	Parameter C_ATG_SYSTEM_CMD_MAX_RETRY bound to: 2147483647 - type: integer 
	Parameter C_ATG_SYSTEM_TEST_MAX_CLKS bound to: 5000 - type: integer 
	Parameter C_ATG_SYSTEM_MAX_CHANNELS bound to: 1 - type: integer 
	Parameter C_ATG_SYSTEM_CH1_LOW bound to: 0 - type: integer 
	Parameter C_ATG_SYSTEM_CH1_HIGH bound to: -1 - type: integer 
	Parameter C_ATG_SYSTEM_CH2_LOW bound to: 256 - type: integer 
	Parameter C_ATG_SYSTEM_CH2_HIGH bound to: 511 - type: integer 
	Parameter C_ATG_SYSTEM_CH3_LOW bound to: 512 - type: integer 
	Parameter C_ATG_SYSTEM_CH3_HIGH bound to: 767 - type: integer 
	Parameter C_ATG_SYSTEM_CH4_LOW bound to: 768 - type: integer 
	Parameter C_ATG_SYSTEM_CH4_HIGH bound to: 1023 - type: integer 
	Parameter C_ATG_SYSTEM_CH5_LOW bound to: 1024 - type: integer 
	Parameter C_ATG_SYSTEM_CH5_HIGH bound to: 1279 - type: integer 
	Parameter C_RAMINIT_CMDRAM0_F bound to: design_1_axi_traffic_gen_0_0_default_cmdram.mem - type: string 
	Parameter C_RAMINIT_CMDRAM1_F bound to: NONE - type: string 
	Parameter C_RAMINIT_CMDRAM2_F bound to: NONE - type: string 
	Parameter C_RAMINIT_CMDRAM3_F bound to: NONE - type: string 
	Parameter C_RAMINIT_SRAM0_F bound to: design_1_axi_traffic_gen_0_0_default_mstram.mem - type: string 
	Parameter C_RAMINIT_PARAMRAM0_F bound to: design_1_axi_traffic_gen_0_0_default_prmram.mem - type: string 
	Parameter C_RAMINIT_ADDRRAM0_F bound to: design_1_axi_traffic_gen_0_0_default_addrram.mem - type: string 
	Parameter C_REPEAT_COUNT bound to: 254 - type: integer 
	Parameter C_STRM_DATA_SEED bound to: 43981 - type: integer 
	Parameter C_AXI_WR_ADDR_SEED bound to: 31899 - type: integer 
	Parameter C_AXI_RD_ADDR_SEED bound to: 23130 - type: integer 
	Parameter C_READ_ONLY bound to: 0 - type: integer 
	Parameter C_WRITE_ONLY bound to: 0 - type: integer 
	Parameter ATG_VERSAL_400 bound to: 0 - type: integer 
	Parameter C_CMDRAM_F bound to: none - type: string 
	Parameter C_SRAM_F bound to: none - type: string 
	Parameter C_PRAM_F bound to: none - type: string 
	Parameter C_ADDR_F bound to: none - type: string 
INFO: [Synth 8-6157] synthesizing module 'axi_traffic_gen_v3_0_7_systeminit_top' [c:/DATA/2024/sem07/SEP/SEP_projects/memorice/memorice.srcs/sources_1/bd/design_1/ipshared/f2df/hdl/axi_traffic_gen_v3_0_rfs.v:14810]
	Parameter C_FAMILY bound to: zynq - type: string 
	Parameter C_M_AXI_THREAD_ID_WIDTH bound to: 1 - type: integer 
	Parameter C_M_AXI_AWUSER_WIDTH bound to: 1 - type: integer 
	Parameter C_M_AXI_DATA_WIDTH bound to: 32 - type: integer 
	Parameter C_ATG_DATA_MIF bound to: design_1_axi_traffic_gen_0_0_data.mem - type: string 
	Parameter C_ATG_ADDR_MIF bound to: design_1_axi_traffic_gen_0_0_addr.mem - type: string 
	Parameter C_ATG_CTRL_MIF bound to: design_1_axi_traffic_gen_0_0_ctrl.mem - type: string 
	Parameter C_ATG_MASK_MIF bound to: design_1_axi_traffic_gen_0_0_mask.mem - type: string 
	Parameter C_ATG_MIF_ADDR_BITS bound to: 4 - type: integer 
	Parameter C_ATG_MIF_DATA_DEPTH bound to: 16 - type: integer 
	Parameter C_ATG_SYSTEM_INIT bound to: 0 - type: integer 
	Parameter C_ATG_SYSTEM_TEST bound to: 1 - type: integer 
	Parameter C_ATG_SYSTEM_CMD_MAX_RETRY bound to: 2147483647 - type: integer 
	Parameter C_ATG_SYSTEM_TEST_MAX_CLKS bound to: 5000 - type: integer 
	Parameter C_ATG_SYSTEM_MAX_CHANNELS bound to: 1 - type: integer 
	Parameter C_ATG_SYSTEM_CH1_LOW bound to: 0 - type: integer 
	Parameter C_ATG_SYSTEM_CH1_HIGH bound to: -1 - type: integer 
	Parameter C_ATG_SYSTEM_CH2_LOW bound to: 256 - type: integer 
	Parameter C_ATG_SYSTEM_CH2_HIGH bound to: 511 - type: integer 
	Parameter C_ATG_SYSTEM_CH3_LOW bound to: 512 - type: integer 
	Parameter C_ATG_SYSTEM_CH3_HIGH bound to: 767 - type: integer 
	Parameter C_ATG_SYSTEM_CH4_LOW bound to: 768 - type: integer 
	Parameter C_ATG_SYSTEM_CH4_HIGH bound to: 1023 - type: integer 
	Parameter C_ATG_SYSTEM_CH5_LOW bound to: 1024 - type: integer 
	Parameter C_ATG_SYSTEM_CH5_HIGH bound to: 1279 - type: integer 
INFO: [Synth 8-6157] synthesizing module 'axi_traffic_gen_v3_0_7_systeminit_dmg' [c:/DATA/2024/sem07/SEP/SEP_projects/memorice/memorice.srcs/sources_1/bd/design_1/ipshared/f2df/hdl/axi_traffic_gen_v3_0_rfs.v:13752]
	Parameter C_FAMILY bound to: zynq - type: string 
	Parameter C_ATG_MIF_ADDR_BITS bound to: 4 - type: integer 
	Parameter C_ATG_MIF_DATA_DEPTH bound to: 16 - type: integer 
	Parameter C_ATG_MIF bound to: design_1_axi_traffic_gen_0_0_mask.mem - type: string 
	Parameter bmg_xpm_sel bound to: 1 - type: integer 
INFO: [Synth 8-6157] synthesizing module 'xpm_memory_spram' [C:/Xilinx/Vivado/2020.1/data/ip/xpm/xpm_memory/hdl/xpm_memory.sv:8571]
	Parameter MEMORY_SIZE bound to: 512 - type: integer 
	Parameter MEMORY_PRIMITIVE bound to: distributed - type: string 
	Parameter ECC_MODE bound to: no_ecc - type: string 
	Parameter MEMORY_INIT_FILE bound to: design_1_axi_traffic_gen_0_0_mask.mem - type: string 
	Parameter MEMORY_INIT_PARAM bound to: (null) - type: string 
	Parameter USE_MEM_INIT bound to: 1 - type: integer 
	Parameter USE_MEM_INIT_MMI bound to: 0 - type: integer 
	Parameter WAKEUP_TIME bound to: disable_sleep - type: string 
	Parameter AUTO_SLEEP_TIME bound to: 0 - type: integer 
	Parameter MESSAGE_CONTROL bound to: 0 - type: integer 
	Parameter MEMORY_OPTIMIZATION bound to: true - type: string 
	Parameter CASCADE_HEIGHT bound to: 0 - type: integer 
	Parameter SIM_ASSERT_CHK bound to: 0 - type: integer 
	Parameter WRITE_PROTECT bound to: 1 - type: integer 
	Parameter WRITE_DATA_WIDTH_A bound to: 32 - type: integer 
	Parameter READ_DATA_WIDTH_A bound to: 32 - type: integer 
	Parameter BYTE_WRITE_WIDTH_A bound to: 8 - type: integer 
	Parameter ADDR_WIDTH_A bound to: 4 - type: integer 
	Parameter READ_RESET_VALUE_A bound to: 0 - type: string 
	Parameter READ_LATENCY_A bound to: 1 - type: integer 
	Parameter WRITE_MODE_A bound to: read_first - type: string 
	Parameter RST_MODE_A bound to: SYNC - type: string 
	Parameter P_MEMORY_PRIMITIVE bound to: 1 - type: integer 
	Parameter P_CLOCKING_MODE bound to: 0 - type: integer 
	Parameter P_ECC_MODE bound to: 0 - type: integer 
	Parameter P_WAKEUP_TIME bound to: 0 - type: integer 
	Parameter P_WRITE_MODE_A bound to: 1 - type: integer 
	Parameter P_MEMORY_OPTIMIZATION bound to: 1 - type: integer 
INFO: [Synth 8-6157] synthesizing module 'xpm_memory_base' [C:/Xilinx/Vivado/2020.1/data/ip/xpm/xpm_memory/hdl/xpm_memory.sv:57]
	Parameter MEMORY_TYPE bound to: 0 - type: integer 
	Parameter MEMORY_SIZE bound to: 512 - type: integer 
	Parameter MEMORY_PRIMITIVE bound to: 1 - type: integer 
	Parameter CLOCKING_MODE bound to: 0 - type: integer 
	Parameter ECC_MODE bound to: 0 - type: integer 
	Parameter MEMORY_INIT_FILE bound to: design_1_axi_traffic_gen_0_0_mask.mem - type: string 
	Parameter MEMORY_INIT_PARAM bound to: (null) - type: string 
	Parameter USE_MEM_INIT_MMI bound to: 0 - type: integer 
	Parameter USE_MEM_INIT bound to: 1 - type: integer 
	Parameter MEMORY_OPTIMIZATION bound to: true - type: string 
	Parameter WAKEUP_TIME bound to: 0 - type: integer 
	Parameter AUTO_SLEEP_TIME bound to: 0 - type: integer 
	Parameter MESSAGE_CONTROL bound to: 0 - type: integer 
	Parameter VERSION bound to: 0 - type: integer 
	Parameter USE_EMBEDDED_CONSTRAINT bound to: 0 - type: integer 
	Parameter CASCADE_HEIGHT bound to: 0 - type: integer 
	Parameter SIM_ASSERT_CHK bound to: 0 - type: integer 
	Parameter WRITE_PROTECT bound to: 1 - type: integer 
	Parameter WRITE_DATA_WIDTH_A bound to: 32 - type: integer 
	Parameter READ_DATA_WIDTH_A bound to: 32 - type: integer 
	Parameter BYTE_WRITE_WIDTH_A bound to: 8 - type: integer 
	Parameter ADDR_WIDTH_A bound to: 4 - type: integer 
	Parameter READ_RESET_VALUE_A bound to: 0 - type: string 
	Parameter READ_LATENCY_A bound to: 1 - type: integer 
	Parameter WRITE_MODE_A bound to: 1 - type: integer 
	Parameter RST_MODE_A bound to: SYNC - type: string 
	Parameter WRITE_DATA_WIDTH_B bound to: 32 - type: integer 
	Parameter READ_DATA_WIDTH_B bound to: 32 - type: integer 
	Parameter BYTE_WRITE_WIDTH_B bound to: 32 - type: integer 
	Parameter ADDR_WIDTH_B bound to: 4 - type: integer 
	Parameter READ_RESET_VALUE_B bound to: 0 - type: string 
	Parameter READ_LATENCY_B bound to: 1 - type: integer 
	Parameter WRITE_MODE_B bound to: 1 - type: integer 
	Parameter RST_MODE_B bound to: SYNC - type: string 
	Parameter P_MEMORY_PRIMITIVE bound to: distributed - type: string 
	Parameter P_MIN_WIDTH_DATA_A bound to: 32 - type: integer 
	Parameter P_MIN_WIDTH_DATA_B bound to: 32 - type: integer 
	Parameter P_MIN_WIDTH_DATA bound to: 32 - type: integer 
	Parameter P_MIN_WIDTH_DATA_ECC bound to: 32 - type: integer 
	Parameter P_MAX_DEPTH_DATA bound to: 16 - type: integer 
	Parameter P_ECC_MODE bound to: no_ecc - type: string 
	Parameter P_MEMORY_OPT bound to: yes - type: string 
	Parameter P_WIDTH_COL_WRITE_A bound to: 8 - type: integer 
	Parameter P_WIDTH_COL_WRITE_B bound to: 32 - type: integer 
	Parameter P_NUM_COLS_WRITE_A bound to: 4 - type: integer 
	Parameter P_NUM_COLS_WRITE_B bound to: 1 - type: integer 
	Parameter P_NUM_ROWS_WRITE_A bound to: 1 - type: integer 
	Parameter P_NUM_ROWS_WRITE_B bound to: 1 - type: integer 
	Parameter P_NUM_ROWS_READ_A bound to: 1 - type: integer 
	Parameter P_NUM_ROWS_READ_B bound to: 1 - type: integer 
	Parameter P_WIDTH_ADDR_WRITE_A bound to: 4 - type: integer 
	Parameter P_WIDTH_ADDR_WRITE_B bound to: 4 - type: integer 
	Parameter P_WIDTH_ADDR_READ_A bound to: 4 - type: integer 
	Parameter P_WIDTH_ADDR_READ_B bound to: 4 - type: integer 
	Parameter P_WIDTH_ADDR_LSB_WRITE_A bound to: 0 - type: integer 
	Parameter P_WIDTH_ADDR_LSB_WRITE_B bound to: 0 - type: integer 
	Parameter P_WIDTH_ADDR_LSB_READ_A bound to: 0 - type: integer 
	Parameter P_WIDTH_ADDR_LSB_READ_B bound to: 0 - type: integer 
	Parameter P_ENABLE_BYTE_WRITE_A bound to: 1 - type: integer 
	Parameter P_ENABLE_BYTE_WRITE_B bound to: 0 - type: integer 
	Parameter P_SDP_WRITE_MODE bound to: yes - type: string 
	Parameter rsta_loop_iter bound to: 32 - type: integer 
	Parameter rstb_loop_iter bound to: 32 - type: integer 
	Parameter NUM_CHAR_LOC bound to: 0 - type: integer 
	Parameter MAX_NUM_CHAR bound to: 0 - type: integer 
	Parameter P_MIN_WIDTH_DATA_SHFT bound to: 32 - type: integer 
	Parameter P_MIN_WIDTH_DATA_LDW bound to: 4 - type: integer 
INFO: [Synth 8-3876] $readmem data file 'design_1_axi_traffic_gen_0_0_mask.mem' is read successfully [C:/Xilinx/Vivado/2020.1/data/ip/xpm/xpm_memory/hdl/xpm_memory.sv:1104]
INFO: [Synth 8-6155] done synthesizing module 'xpm_memory_base' (1#1) [C:/Xilinx/Vivado/2020.1/data/ip/xpm/xpm_memory/hdl/xpm_memory.sv:57]
INFO: [Synth 8-6155] done synthesizing module 'xpm_memory_spram' (2#1) [C:/Xilinx/Vivado/2020.1/data/ip/xpm/xpm_memory/hdl/xpm_memory.sv:8571]
INFO: [Synth 8-6155] done synthesizing module 'axi_traffic_gen_v3_0_7_systeminit_dmg' (3#1) [c:/DATA/2024/sem07/SEP/SEP_projects/memorice/memorice.srcs/sources_1/bd/design_1/ipshared/f2df/hdl/axi_traffic_gen_v3_0_rfs.v:13752]
INFO: [Synth 8-6157] synthesizing module 'axi_traffic_gen_v3_0_7_systeminit_dmg__parameterized0' [c:/DATA/2024/sem07/SEP/SEP_projects/memorice/memorice.srcs/sources_1/bd/design_1/ipshared/f2df/hdl/axi_traffic_gen_v3_0_rfs.v:13752]
	Parameter C_FAMILY bound to: zynq - type: string 
	Parameter C_ATG_MIF_ADDR_BITS bound to: 4 - type: integer 
	Parameter C_ATG_MIF_DATA_DEPTH bound to: 16 - type: integer 
	Parameter C_ATG_MIF bound to: design_1_axi_traffic_gen_0_0_ctrl.mem - type: string 
	Parameter bmg_xpm_sel bound to: 1 - type: integer 
INFO: [Synth 8-6157] synthesizing module 'xpm_memory_spram__parameterized0' [C:/Xilinx/Vivado/2020.1/data/ip/xpm/xpm_memory/hdl/xpm_memory.sv:8571]
	Parameter MEMORY_SIZE bound to: 512 - type: integer 
	Parameter MEMORY_PRIMITIVE bound to: distributed - type: string 
	Parameter ECC_MODE bound to: no_ecc - type: string 
	Parameter MEMORY_INIT_FILE bound to: design_1_axi_traffic_gen_0_0_ctrl.mem - type: string 
	Parameter MEMORY_INIT_PARAM bound to: (null) - type: string 
	Parameter USE_MEM_INIT bound to: 1 - type: integer 
	Parameter USE_MEM_INIT_MMI bound to: 0 - type: integer 
	Parameter WAKEUP_TIME bound to: disable_sleep - type: string 
	Parameter AUTO_SLEEP_TIME bound to: 0 - type: integer 
	Parameter MESSAGE_CONTROL bound to: 0 - type: integer 
	Parameter MEMORY_OPTIMIZATION bound to: true - type: string 
	Parameter CASCADE_HEIGHT bound to: 0 - type: integer 
	Parameter SIM_ASSERT_CHK bound to: 0 - type: integer 
	Parameter WRITE_PROTECT bound to: 1 - type: integer 
	Parameter WRITE_DATA_WIDTH_A bound to: 32 - type: integer 
	Parameter READ_DATA_WIDTH_A bound to: 32 - type: integer 
	Parameter BYTE_WRITE_WIDTH_A bound to: 8 - type: integer 
	Parameter ADDR_WIDTH_A bound to: 4 - type: integer 
	Parameter READ_RESET_VALUE_A bound to: 0 - type: string 
	Parameter READ_LATENCY_A bound to: 1 - type: integer 
	Parameter WRITE_MODE_A bound to: read_first - type: string 
	Parameter RST_MODE_A bound to: SYNC - type: string 
	Parameter P_MEMORY_PRIMITIVE bound to: 1 - type: integer 
	Parameter P_CLOCKING_MODE bound to: 0 - type: integer 
	Parameter P_ECC_MODE bound to: 0 - type: integer 
	Parameter P_WAKEUP_TIME bound to: 0 - type: integer 
	Parameter P_WRITE_MODE_A bound to: 1 - type: integer 
	Parameter P_MEMORY_OPTIMIZATION bound to: 1 - type: integer 
INFO: [Synth 8-6157] synthesizing module 'xpm_memory_base__parameterized0' [C:/Xilinx/Vivado/2020.1/data/ip/xpm/xpm_memory/hdl/xpm_memory.sv:57]
	Parameter MEMORY_TYPE bound to: 0 - type: integer 
	Parameter MEMORY_SIZE bound to: 512 - type: integer 
	Parameter MEMORY_PRIMITIVE bound to: 1 - type: integer 
	Parameter CLOCKING_MODE bound to: 0 - type: integer 
	Parameter ECC_MODE bound to: 0 - type: integer 
	Parameter MEMORY_INIT_FILE bound to: design_1_axi_traffic_gen_0_0_ctrl.mem - type: string 
	Parameter MEMORY_INIT_PARAM bound to: (null) - type: string 
	Parameter USE_MEM_INIT_MMI bound to: 0 - type: integer 
	Parameter USE_MEM_INIT bound to: 1 - type: integer 
	Parameter MEMORY_OPTIMIZATION bound to: true - type: string 
	Parameter WAKEUP_TIME bound to: 0 - type: integer 
	Parameter AUTO_SLEEP_TIME bound to: 0 - type: integer 
	Parameter MESSAGE_CONTROL bound to: 0 - type: integer 
	Parameter VERSION bound to: 0 - type: integer 
	Parameter USE_EMBEDDED_CONSTRAINT bound to: 0 - type: integer 
	Parameter CASCADE_HEIGHT bound to: 0 - type: integer 
	Parameter SIM_ASSERT_CHK bound to: 0 - type: integer 
	Parameter WRITE_PROTECT bound to: 1 - type: integer 
	Parameter WRITE_DATA_WIDTH_A bound to: 32 - type: integer 
	Parameter READ_DATA_WIDTH_A bound to: 32 - type: integer 
	Parameter BYTE_WRITE_WIDTH_A bound to: 8 - type: integer 
	Parameter ADDR_WIDTH_A bound to: 4 - type: integer 
	Parameter READ_RESET_VALUE_A bound to: 0 - type: string 
	Parameter READ_LATENCY_A bound to: 1 - type: integer 
	Parameter WRITE_MODE_A bound to: 1 - type: integer 
	Parameter RST_MODE_A bound to: SYNC - type: string 
	Parameter WRITE_DATA_WIDTH_B bound to: 32 - type: integer 
	Parameter READ_DATA_WIDTH_B bound to: 32 - type: integer 
	Parameter BYTE_WRITE_WIDTH_B bound to: 32 - type: integer 
	Parameter ADDR_WIDTH_B bound to: 4 - type: integer 
	Parameter READ_RESET_VALUE_B bound to: 0 - type: string 
	Parameter READ_LATENCY_B bound to: 1 - type: integer 
	Parameter WRITE_MODE_B bound to: 1 - type: integer 
	Parameter RST_MODE_B bound to: SYNC - type: string 
	Parameter P_MEMORY_PRIMITIVE bound to: distributed - type: string 
	Parameter P_MIN_WIDTH_DATA_A bound to: 32 - type: integer 
	Parameter P_MIN_WIDTH_DATA_B bound to: 32 - type: integer 
	Parameter P_MIN_WIDTH_DATA bound to: 32 - type: integer 
	Parameter P_MIN_WIDTH_DATA_ECC bound to: 32 - type: integer 
	Parameter P_MAX_DEPTH_DATA bound to: 16 - type: integer 
	Parameter P_ECC_MODE bound to: no_ecc - type: string 
	Parameter P_MEMORY_OPT bound to: yes - type: string 
	Parameter P_WIDTH_COL_WRITE_A bound to: 8 - type: integer 
	Parameter P_WIDTH_COL_WRITE_B bound to: 32 - type: integer 
	Parameter P_NUM_COLS_WRITE_A bound to: 4 - type: integer 
	Parameter P_NUM_COLS_WRITE_B bound to: 1 - type: integer 
	Parameter P_NUM_ROWS_WRITE_A bound to: 1 - type: integer 
	Parameter P_NUM_ROWS_WRITE_B bound to: 1 - type: integer 
	Parameter P_NUM_ROWS_READ_A bound to: 1 - type: integer 
	Parameter P_NUM_ROWS_READ_B bound to: 1 - type: integer 
	Parameter P_WIDTH_ADDR_WRITE_A bound to: 4 - type: integer 
	Parameter P_WIDTH_ADDR_WRITE_B bound to: 4 - type: integer 
	Parameter P_WIDTH_ADDR_READ_A bound to: 4 - type: integer 
	Parameter P_WIDTH_ADDR_READ_B bound to: 4 - type: integer 
	Parameter P_WIDTH_ADDR_LSB_WRITE_A bound to: 0 - type: integer 
	Parameter P_WIDTH_ADDR_LSB_WRITE_B bound to: 0 - type: integer 
	Parameter P_WIDTH_ADDR_LSB_READ_A bound to: 0 - type: integer 
	Parameter P_WIDTH_ADDR_LSB_READ_B bound to: 0 - type: integer 
	Parameter P_ENABLE_BYTE_WRITE_A bound to: 1 - type: integer 
	Parameter P_ENABLE_BYTE_WRITE_B bound to: 0 - type: integer 
	Parameter P_SDP_WRITE_MODE bound to: yes - type: string 
	Parameter rsta_loop_iter bound to: 32 - type: integer 
	Parameter rstb_loop_iter bound to: 32 - type: integer 
	Parameter NUM_CHAR_LOC bound to: 0 - type: integer 
	Parameter MAX_NUM_CHAR bound to: 0 - type: integer 
	Parameter P_MIN_WIDTH_DATA_SHFT bound to: 32 - type: integer 
	Parameter P_MIN_WIDTH_DATA_LDW bound to: 4 - type: integer 
INFO: [Synth 8-3876] $readmem data file 'design_1_axi_traffic_gen_0_0_ctrl.mem' is read successfully [C:/Xilinx/Vivado/2020.1/data/ip/xpm/xpm_memory/hdl/xpm_memory.sv:1104]
INFO: [Synth 8-6155] done synthesizing module 'xpm_memory_base__parameterized0' (3#1) [C:/Xilinx/Vivado/2020.1/data/ip/xpm/xpm_memory/hdl/xpm_memory.sv:57]
INFO: [Synth 8-6155] done synthesizing module 'xpm_memory_spram__parameterized0' (3#1) [C:/Xilinx/Vivado/2020.1/data/ip/xpm/xpm_memory/hdl/xpm_memory.sv:8571]
INFO: [Synth 8-6155] done synthesizing module 'axi_traffic_gen_v3_0_7_systeminit_dmg__parameterized0' (3#1) [c:/DATA/2024/sem07/SEP/SEP_projects/memorice/memorice.srcs/sources_1/bd/design_1/ipshared/f2df/hdl/axi_traffic_gen_v3_0_rfs.v:13752]
INFO: [Synth 8-6157] synthesizing module 'axi_traffic_gen_v3_0_7_systeminit_dmg__parameterized1' [c:/DATA/2024/sem07/SEP/SEP_projects/memorice/memorice.srcs/sources_1/bd/design_1/ipshared/f2df/hdl/axi_traffic_gen_v3_0_rfs.v:13752]
	Parameter C_FAMILY bound to: zynq - type: string 
	Parameter C_ATG_MIF_ADDR_BITS bound to: 4 - type: integer 
	Parameter C_ATG_MIF_DATA_DEPTH bound to: 16 - type: integer 
	Parameter C_ATG_MIF bound to: design_1_axi_traffic_gen_0_0_addr.mem - type: string 
	Parameter bmg_xpm_sel bound to: 1 - type: integer 
INFO: [Synth 8-6157] synthesizing module 'xpm_memory_spram__parameterized1' [C:/Xilinx/Vivado/2020.1/data/ip/xpm/xpm_memory/hdl/xpm_memory.sv:8571]
	Parameter MEMORY_SIZE bound to: 512 - type: integer 
	Parameter MEMORY_PRIMITIVE bound to: distributed - type: string 
	Parameter ECC_MODE bound to: no_ecc - type: string 
	Parameter MEMORY_INIT_FILE bound to: design_1_axi_traffic_gen_0_0_addr.mem - type: string 
	Parameter MEMORY_INIT_PARAM bound to: (null) - type: string 
	Parameter USE_MEM_INIT bound to: 1 - type: integer 
	Parameter USE_MEM_INIT_MMI bound to: 0 - type: integer 
	Parameter WAKEUP_TIME bound to: disable_sleep - type: string 
	Parameter AUTO_SLEEP_TIME bound to: 0 - type: integer 
	Parameter MESSAGE_CONTROL bound to: 0 - type: integer 
	Parameter MEMORY_OPTIMIZATION bound to: true - type: string 
	Parameter CASCADE_HEIGHT bound to: 0 - type: integer 
	Parameter SIM_ASSERT_CHK bound to: 0 - type: integer 
	Parameter WRITE_PROTECT bound to: 1 - type: integer 
	Parameter WRITE_DATA_WIDTH_A bound to: 32 - type: integer 
	Parameter READ_DATA_WIDTH_A bound to: 32 - type: integer 
	Parameter BYTE_WRITE_WIDTH_A bound to: 8 - type: integer 
	Parameter ADDR_WIDTH_A bound to: 4 - type: integer 
	Parameter READ_RESET_VALUE_A bound to: 0 - type: string 
	Parameter READ_LATENCY_A bound to: 1 - type: integer 
	Parameter WRITE_MODE_A bound to: read_first - type: string 
	Parameter RST_MODE_A bound to: SYNC - type: string 
	Parameter P_MEMORY_PRIMITIVE bound to: 1 - type: integer 
	Parameter P_CLOCKING_MODE bound to: 0 - type: integer 
	Parameter P_ECC_MODE bound to: 0 - type: integer 
	Parameter P_WAKEUP_TIME bound to: 0 - type: integer 
	Parameter P_WRITE_MODE_A bound to: 1 - type: integer 
	Parameter P_MEMORY_OPTIMIZATION bound to: 1 - type: integer 
INFO: [Synth 8-6157] synthesizing module 'xpm_memory_base__parameterized1' [C:/Xilinx/Vivado/2020.1/data/ip/xpm/xpm_memory/hdl/xpm_memory.sv:57]
	Parameter MEMORY_TYPE bound to: 0 - type: integer 
	Parameter MEMORY_SIZE bound to: 512 - type: integer 
	Parameter MEMORY_PRIMITIVE bound to: 1 - type: integer 
	Parameter CLOCKING_MODE bound to: 0 - type: integer 
	Parameter ECC_MODE bound to: 0 - type: integer 
	Parameter MEMORY_INIT_FILE bound to: design_1_axi_traffic_gen_0_0_addr.mem - type: string 
	Parameter MEMORY_INIT_PARAM bound to: (null) - type: string 
	Parameter USE_MEM_INIT_MMI bound to: 0 - type: integer 
	Parameter USE_MEM_INIT bound to: 1 - type: integer 
	Parameter MEMORY_OPTIMIZATION bound to: true - type: string 
	Parameter WAKEUP_TIME bound to: 0 - type: integer 
	Parameter AUTO_SLEEP_TIME bound to: 0 - type: integer 
	Parameter MESSAGE_CONTROL bound to: 0 - type: integer 
	Parameter VERSION bound to: 0 - type: integer 
	Parameter USE_EMBEDDED_CONSTRAINT bound to: 0 - type: integer 
	Parameter CASCADE_HEIGHT bound to: 0 - type: integer 
	Parameter SIM_ASSERT_CHK bound to: 0 - type: integer 
	Parameter WRITE_PROTECT bound to: 1 - type: integer 
	Parameter WRITE_DATA_WIDTH_A bound to: 32 - type: integer 
	Parameter READ_DATA_WIDTH_A bound to: 32 - type: integer 
	Parameter BYTE_WRITE_WIDTH_A bound to: 8 - type: integer 
	Parameter ADDR_WIDTH_A bound to: 4 - type: integer 
	Parameter READ_RESET_VALUE_A bound to: 0 - type: string 
	Parameter READ_LATENCY_A bound to: 1 - type: integer 
	Parameter WRITE_MODE_A bound to: 1 - type: integer 
	Parameter RST_MODE_A bound to: SYNC - type: string 
	Parameter WRITE_DATA_WIDTH_B bound to: 32 - type: integer 
	Parameter READ_DATA_WIDTH_B bound to: 32 - type: integer 
	Parameter BYTE_WRITE_WIDTH_B bound to: 32 - type: integer 
	Parameter ADDR_WIDTH_B bound to: 4 - type: integer 
	Parameter READ_RESET_VALUE_B bound to: 0 - type: string 
	Parameter READ_LATENCY_B bound to: 1 - type: integer 
	Parameter WRITE_MODE_B bound to: 1 - type: integer 
	Parameter RST_MODE_B bound to: SYNC - type: string 
	Parameter P_MEMORY_PRIMITIVE bound to: distributed - type: string 
	Parameter P_MIN_WIDTH_DATA_A bound to: 32 - type: integer 
	Parameter P_MIN_WIDTH_DATA_B bound to: 32 - type: integer 
	Parameter P_MIN_WIDTH_DATA bound to: 32 - type: integer 
	Parameter P_MIN_WIDTH_DATA_ECC bound to: 32 - type: integer 
	Parameter P_MAX_DEPTH_DATA bound to: 16 - type: integer 
	Parameter P_ECC_MODE bound to: no_ecc - type: string 
	Parameter P_MEMORY_OPT bound to: yes - type: string 
	Parameter P_WIDTH_COL_WRITE_A bound to: 8 - type: integer 
	Parameter P_WIDTH_COL_WRITE_B bound to: 32 - type: integer 
	Parameter P_NUM_COLS_WRITE_A bound to: 4 - type: integer 
	Parameter P_NUM_COLS_WRITE_B bound to: 1 - type: integer 
	Parameter P_NUM_ROWS_WRITE_A bound to: 1 - type: integer 
	Parameter P_NUM_ROWS_WRITE_B bound to: 1 - type: integer 
	Parameter P_NUM_ROWS_READ_A bound to: 1 - type: integer 
	Parameter P_NUM_ROWS_READ_B bound to: 1 - type: integer 
	Parameter P_WIDTH_ADDR_WRITE_A bound to: 4 - type: integer 
	Parameter P_WIDTH_ADDR_WRITE_B bound to: 4 - type: integer 
	Parameter P_WIDTH_ADDR_READ_A bound to: 4 - type: integer 
	Parameter P_WIDTH_ADDR_READ_B bound to: 4 - type: integer 
	Parameter P_WIDTH_ADDR_LSB_WRITE_A bound to: 0 - type: integer 
	Parameter P_WIDTH_ADDR_LSB_WRITE_B bound to: 0 - type: integer 
	Parameter P_WIDTH_ADDR_LSB_READ_A bound to: 0 - type: integer 
	Parameter P_WIDTH_ADDR_LSB_READ_B bound to: 0 - type: integer 
	Parameter P_ENABLE_BYTE_WRITE_A bound to: 1 - type: integer 
	Parameter P_ENABLE_BYTE_WRITE_B bound to: 0 - type: integer 
	Parameter P_SDP_WRITE_MODE bound to: yes - type: string 
	Parameter rsta_loop_iter bound to: 32 - type: integer 
	Parameter rstb_loop_iter bound to: 32 - type: integer 
	Parameter NUM_CHAR_LOC bound to: 0 - type: integer 
	Parameter MAX_NUM_CHAR bound to: 0 - type: integer 
	Parameter P_MIN_WIDTH_DATA_SHFT bound to: 32 - type: integer 
	Parameter P_MIN_WIDTH_DATA_LDW bound to: 4 - type: integer 
INFO: [Synth 8-3876] $readmem data file 'design_1_axi_traffic_gen_0_0_addr.mem' is read successfully [C:/Xilinx/Vivado/2020.1/data/ip/xpm/xpm_memory/hdl/xpm_memory.sv:1104]
INFO: [Synth 8-6155] done synthesizing module 'xpm_memory_base__parameterized1' (3#1) [C:/Xilinx/Vivado/2020.1/data/ip/xpm/xpm_memory/hdl/xpm_memory.sv:57]
INFO: [Synth 8-6155] done synthesizing module 'xpm_memory_spram__parameterized1' (3#1) [C:/Xilinx/Vivado/2020.1/data/ip/xpm/xpm_memory/hdl/xpm_memory.sv:8571]
INFO: [Synth 8-6155] done synthesizing module 'axi_traffic_gen_v3_0_7_systeminit_dmg__parameterized1' (3#1) [c:/DATA/2024/sem07/SEP/SEP_projects/memorice/memorice.srcs/sources_1/bd/design_1/ipshared/f2df/hdl/axi_traffic_gen_v3_0_rfs.v:13752]
INFO: [Synth 8-6157] synthesizing module 'axi_traffic_gen_v3_0_7_systeminit_dmg__parameterized2' [c:/DATA/2024/sem07/SEP/SEP_projects/memorice/memorice.srcs/sources_1/bd/design_1/ipshared/f2df/hdl/axi_traffic_gen_v3_0_rfs.v:13752]
	Parameter C_FAMILY bound to: zynq - type: string 
	Parameter C_ATG_MIF_ADDR_BITS bound to: 4 - type: integer 
	Parameter C_ATG_MIF_DATA_DEPTH bound to: 16 - type: integer 
	Parameter C_ATG_MIF bound to: design_1_axi_traffic_gen_0_0_data.mem - type: string 
	Parameter bmg_xpm_sel bound to: 1 - type: integer 
INFO: [Synth 8-6157] synthesizing module 'xpm_memory_spram__parameterized2' [C:/Xilinx/Vivado/2020.1/data/ip/xpm/xpm_memory/hdl/xpm_memory.sv:8571]
	Parameter MEMORY_SIZE bound to: 512 - type: integer 
	Parameter MEMORY_PRIMITIVE bound to: distributed - type: string 
	Parameter ECC_MODE bound to: no_ecc - type: string 
	Parameter MEMORY_INIT_FILE bound to: design_1_axi_traffic_gen_0_0_data.mem - type: string 
	Parameter MEMORY_INIT_PARAM bound to: (null) - type: string 
	Parameter USE_MEM_INIT bound to: 1 - type: integer 
	Parameter USE_MEM_INIT_MMI bound to: 0 - type: integer 
	Parameter WAKEUP_TIME bound to: disable_sleep - type: string 
	Parameter AUTO_SLEEP_TIME bound to: 0 - type: integer 
	Parameter MESSAGE_CONTROL bound to: 0 - type: integer 
	Parameter MEMORY_OPTIMIZATION bound to: true - type: string 
	Parameter CASCADE_HEIGHT bound to: 0 - type: integer 
	Parameter SIM_ASSERT_CHK bound to: 0 - type: integer 
	Parameter WRITE_PROTECT bound to: 1 - type: integer 
	Parameter WRITE_DATA_WIDTH_A bound to: 32 - type: integer 
	Parameter READ_DATA_WIDTH_A bound to: 32 - type: integer 
	Parameter BYTE_WRITE_WIDTH_A bound to: 8 - type: integer 
	Parameter ADDR_WIDTH_A bound to: 4 - type: integer 
	Parameter READ_RESET_VALUE_A bound to: 0 - type: string 
	Parameter READ_LATENCY_A bound to: 1 - type: integer 
	Parameter WRITE_MODE_A bound to: read_first - type: string 
	Parameter RST_MODE_A bound to: SYNC - type: string 
	Parameter P_MEMORY_PRIMITIVE bound to: 1 - type: integer 
	Parameter P_CLOCKING_MODE bound to: 0 - type: integer 
	Parameter P_ECC_MODE bound to: 0 - type: integer 
	Parameter P_WAKEUP_TIME bound to: 0 - type: integer 
	Parameter P_WRITE_MODE_A bound to: 1 - type: integer 
	Parameter P_MEMORY_OPTIMIZATION bound to: 1 - type: integer 
INFO: [Synth 8-6157] synthesizing module 'xpm_memory_base__parameterized2' [C:/Xilinx/Vivado/2020.1/data/ip/xpm/xpm_memory/hdl/xpm_memory.sv:57]
	Parameter MEMORY_TYPE bound to: 0 - type: integer 
	Parameter MEMORY_SIZE bound to: 512 - type: integer 
	Parameter MEMORY_PRIMITIVE bound to: 1 - type: integer 
	Parameter CLOCKING_MODE bound to: 0 - type: integer 
	Parameter ECC_MODE bound to: 0 - type: integer 
	Parameter MEMORY_INIT_FILE bound to: design_1_axi_traffic_gen_0_0_data.mem - type: string 
	Parameter MEMORY_INIT_PARAM bound to: (null) - type: string 
	Parameter USE_MEM_INIT_MMI bound to: 0 - type: integer 
	Parameter USE_MEM_INIT bound to: 1 - type: integer 
	Parameter MEMORY_OPTIMIZATION bound to: true - type: string 
	Parameter WAKEUP_TIME bound to: 0 - type: integer 
	Parameter AUTO_SLEEP_TIME bound to: 0 - type: integer 
	Parameter MESSAGE_CONTROL bound to: 0 - type: integer 
	Parameter VERSION bound to: 0 - type: integer 
	Parameter USE_EMBEDDED_CONSTRAINT bound to: 0 - type: integer 
	Parameter CASCADE_HEIGHT bound to: 0 - type: integer 
	Parameter SIM_ASSERT_CHK bound to: 0 - type: integer 
	Parameter WRITE_PROTECT bound to: 1 - type: integer 
	Parameter WRITE_DATA_WIDTH_A bound to: 32 - type: integer 
	Parameter READ_DATA_WIDTH_A bound to: 32 - type: integer 
	Parameter BYTE_WRITE_WIDTH_A bound to: 8 - type: integer 
	Parameter ADDR_WIDTH_A bound to: 4 - type: integer 
	Parameter READ_RESET_VALUE_A bound to: 0 - type: string 
	Parameter READ_LATENCY_A bound to: 1 - type: integer 
	Parameter WRITE_MODE_A bound to: 1 - type: integer 
	Parameter RST_MODE_A bound to: SYNC - type: string 
	Parameter WRITE_DATA_WIDTH_B bound to: 32 - type: integer 
	Parameter READ_DATA_WIDTH_B bound to: 32 - type: integer 
	Parameter BYTE_WRITE_WIDTH_B bound to: 32 - type: integer 
	Parameter ADDR_WIDTH_B bound to: 4 - type: integer 
	Parameter READ_RESET_VALUE_B bound to: 0 - type: string 
	Parameter READ_LATENCY_B bound to: 1 - type: integer 
	Parameter WRITE_MODE_B bound to: 1 - type: integer 
	Parameter RST_MODE_B bound to: SYNC - type: string 
	Parameter P_MEMORY_PRIMITIVE bound to: distributed - type: string 
	Parameter P_MIN_WIDTH_DATA_A bound to: 32 - type: integer 
	Parameter P_MIN_WIDTH_DATA_B bound to: 32 - type: integer 
	Parameter P_MIN_WIDTH_DATA bound to: 32 - type: integer 
	Parameter P_MIN_WIDTH_DATA_ECC bound to: 32 - type: integer 
	Parameter P_MAX_DEPTH_DATA bound to: 16 - type: integer 
	Parameter P_ECC_MODE bound to: no_ecc - type: string 
	Parameter P_MEMORY_OPT bound to: yes - type: string 
	Parameter P_WIDTH_COL_WRITE_A bound to: 8 - type: integer 
	Parameter P_WIDTH_COL_WRITE_B bound to: 32 - type: integer 
	Parameter P_NUM_COLS_WRITE_A bound to: 4 - type: integer 
	Parameter P_NUM_COLS_WRITE_B bound to: 1 - type: integer 
	Parameter P_NUM_ROWS_WRITE_A bound to: 1 - type: integer 
	Parameter P_NUM_ROWS_WRITE_B bound to: 1 - type: integer 
	Parameter P_NUM_ROWS_READ_A bound to: 1 - type: integer 
	Parameter P_NUM_ROWS_READ_B bound to: 1 - type: integer 
	Parameter P_WIDTH_ADDR_WRITE_A bound to: 4 - type: integer 
	Parameter P_WIDTH_ADDR_WRITE_B bound to: 4 - type: integer 
	Parameter P_WIDTH_ADDR_READ_A bound to: 4 - type: integer 
	Parameter P_WIDTH_ADDR_READ_B bound to: 4 - type: integer 
	Parameter P_WIDTH_ADDR_LSB_WRITE_A bound to: 0 - type: integer 
	Parameter P_WIDTH_ADDR_LSB_WRITE_B bound to: 0 - type: integer 
	Parameter P_WIDTH_ADDR_LSB_READ_A bound to: 0 - type: integer 
	Parameter P_WIDTH_ADDR_LSB_READ_B bound to: 0 - type: integer 
	Parameter P_ENABLE_BYTE_WRITE_A bound to: 1 - type: integer 
	Parameter P_ENABLE_BYTE_WRITE_B bound to: 0 - type: integer 
	Parameter P_SDP_WRITE_MODE bound to: yes - type: string 
	Parameter rsta_loop_iter bound to: 32 - type: integer 
	Parameter rstb_loop_iter bound to: 32 - type: integer 
	Parameter NUM_CHAR_LOC bound to: 0 - type: integer 
	Parameter MAX_NUM_CHAR bound to: 0 - type: integer 
	Parameter P_MIN_WIDTH_DATA_SHFT bound to: 32 - type: integer 
	Parameter P_MIN_WIDTH_DATA_LDW bound to: 4 - type: integer 
INFO: [Synth 8-3876] $readmem data file 'design_1_axi_traffic_gen_0_0_data.mem' is read successfully [C:/Xilinx/Vivado/2020.1/data/ip/xpm/xpm_memory/hdl/xpm_memory.sv:1104]
INFO: [Synth 8-6155] done synthesizing module 'xpm_memory_base__parameterized2' (3#1) [C:/Xilinx/Vivado/2020.1/data/ip/xpm/xpm_memory/hdl/xpm_memory.sv:57]
INFO: [Synth 8-6155] done synthesizing module 'xpm_memory_spram__parameterized2' (3#1) [C:/Xilinx/Vivado/2020.1/data/ip/xpm/xpm_memory/hdl/xpm_memory.sv:8571]
INFO: [Synth 8-6155] done synthesizing module 'axi_traffic_gen_v3_0_7_systeminit_dmg__parameterized2' (3#1) [c:/DATA/2024/sem07/SEP/SEP_projects/memorice/memorice.srcs/sources_1/bd/design_1/ipshared/f2df/hdl/axi_traffic_gen_v3_0_rfs.v:13752]
INFO: [Synth 8-6157] synthesizing module 'axi_traffic_gen_v3_0_7_static_cmdgen' [c:/DATA/2024/sem07/SEP/SEP_projects/memorice/memorice.srcs/sources_1/bd/design_1/ipshared/f2df/hdl/axi_traffic_gen_v3_0_rfs.v:9720]
	Parameter C_ATG_STATIC_ADDRESS bound to: 312475648 - type: integer 
	Parameter C_M_AXI_DATA_WIDTH bound to: 32 - type: integer 
	Parameter C_ATG_MIF_ADDR_BITS bound to: 4 - type: integer 
	Parameter C_ATG_STATIC_LENGTH bound to: 3 - type: integer 
	Parameter C_ATG_SYSTEM_INIT bound to: 0 - type: integer 
	Parameter C_ATG_SYSTEM_TEST bound to: 1 - type: integer 
INFO: [Synth 8-6155] done synthesizing module 'axi_traffic_gen_v3_0_7_static_cmdgen' (4#1) [c:/DATA/2024/sem07/SEP/SEP_projects/memorice/memorice.srcs/sources_1/bd/design_1/ipshared/f2df/hdl/axi_traffic_gen_v3_0_rfs.v:9720]
INFO: [Synth 8-6157] synthesizing module 'axi_traffic_gen_v3_0_7_systeminit_mrdwr' [c:/DATA/2024/sem07/SEP/SEP_projects/memorice/memorice.srcs/sources_1/bd/design_1/ipshared/f2df/hdl/axi_traffic_gen_v3_0_rfs.v:13981]
	Parameter C_M_AXI_THREAD_ID_WIDTH bound to: 1 - type: integer 
	Parameter C_M_AXI_AWUSER_WIDTH bound to: 1 - type: integer 
	Parameter C_M_AXI_DATA_WIDTH bound to: 32 - type: integer 
	Parameter C_ATG_SYSTEM_INIT bound to: 0 - type: integer 
	Parameter C_ATG_SYSTEM_TEST bound to: 1 - type: integer 
	Parameter C_ATG_SYSTEM_CMD_MAX_RETRY bound to: 2147483647 - type: integer 
	Parameter C_ATG_SYSTEM_TEST_MAX_CLKS bound to: 5000 - type: integer 
	Parameter C_ATG_SYSTEM_MAX_CHANNELS bound to: 1 - type: integer 
	Parameter C_ATG_SYSTEM_CH1_LOW bound to: 0 - type: integer 
	Parameter C_ATG_SYSTEM_CH1_HIGH bound to: -1 - type: integer 
	Parameter C_ATG_SYSTEM_CH2_LOW bound to: 256 - type: integer 
	Parameter C_ATG_SYSTEM_CH2_HIGH bound to: 511 - type: integer 
	Parameter C_ATG_SYSTEM_CH3_LOW bound to: 512 - type: integer 
	Parameter C_ATG_SYSTEM_CH3_HIGH bound to: 767 - type: integer 
	Parameter C_ATG_SYSTEM_CH4_LOW bound to: 768 - type: integer 
	Parameter C_ATG_SYSTEM_CH4_HIGH bound to: 1023 - type: integer 
	Parameter C_ATG_SYSTEM_CH5_LOW bound to: 1024 - type: integer 
	Parameter C_ATG_SYSTEM_CH5_HIGH bound to: 1279 - type: integer 
INFO: [Synth 8-6155] done synthesizing module 'axi_traffic_gen_v3_0_7_systeminit_mrdwr' (5#1) [c:/DATA/2024/sem07/SEP/SEP_projects/memorice/memorice.srcs/sources_1/bd/design_1/ipshared/f2df/hdl/axi_traffic_gen_v3_0_rfs.v:13981]
INFO: [Synth 8-6155] done synthesizing module 'axi_traffic_gen_v3_0_7_systeminit_top' (6#1) [c:/DATA/2024/sem07/SEP/SEP_projects/memorice/memorice.srcs/sources_1/bd/design_1/ipshared/f2df/hdl/axi_traffic_gen_v3_0_rfs.v:14810]
INFO: [Synth 8-6157] synthesizing module 'axi_traffic_gen_v3_0_7_asynch_rst_ff' [c:/DATA/2024/sem07/SEP/SEP_projects/memorice/memorice.srcs/sources_1/bd/design_1/ipshared/f2df/hdl/axi_traffic_gen_v3_0_rfs.v:56]
INFO: [Synth 8-6155] done synthesizing module 'axi_traffic_gen_v3_0_7_asynch_rst_ff' (7#1) [c:/DATA/2024/sem07/SEP/SEP_projects/memorice/memorice.srcs/sources_1/bd/design_1/ipshared/f2df/hdl/axi_traffic_gen_v3_0_rfs.v:56]
INFO: [Synth 8-638] synthesizing module 'cdc_sync' [c:/DATA/2024/sem07/SEP/SEP_projects/memorice/memorice.srcs/sources_1/bd/design_1/ipshared/ef1e/hdl/lib_cdc_v1_0_rfs.vhd:106]
	Parameter C_CDC_TYPE bound to: 1 - type: integer 
	Parameter C_RESET_STATE bound to: 0 - type: integer 
	Parameter C_SINGLE_BIT bound to: 1 - type: integer 
	Parameter C_FLOP_INPUT bound to: 0 - type: integer 
	Parameter C_VECTOR_WIDTH bound to: 1 - type: integer 
	Parameter C_MTBF_STAGES bound to: 4 - type: integer 
	Parameter INIT bound to: 1'b0 
INFO: [Synth 8-113] binding component instance 'CROSS_PLEVEL_IN2SCNDRY_IN_cdc_to' to cell 'FDR' [c:/DATA/2024/sem07/SEP/SEP_projects/memorice/memorice.srcs/sources_1/bd/design_1/ipshared/ef1e/hdl/lib_cdc_v1_0_rfs.vhd:514]
	Parameter INIT bound to: 1'b0 
INFO: [Synth 8-113] binding component instance 'CROSS_PLEVEL_IN2SCNDRY_s_level_out_d2' to cell 'FDR' [c:/DATA/2024/sem07/SEP/SEP_projects/memorice/memorice.srcs/sources_1/bd/design_1/ipshared/ef1e/hdl/lib_cdc_v1_0_rfs.vhd:545]
	Parameter INIT bound to: 1'b0 
INFO: [Synth 8-113] binding component instance 'CROSS_PLEVEL_IN2SCNDRY_s_level_out_d3' to cell 'FDR' [c:/DATA/2024/sem07/SEP/SEP_projects/memorice/memorice.srcs/sources_1/bd/design_1/ipshared/ef1e/hdl/lib_cdc_v1_0_rfs.vhd:554]
	Parameter INIT bound to: 1'b0 
INFO: [Synth 8-113] binding component instance 'CROSS_PLEVEL_IN2SCNDRY_s_level_out_d4' to cell 'FDR' [c:/DATA/2024/sem07/SEP/SEP_projects/memorice/memorice.srcs/sources_1/bd/design_1/ipshared/ef1e/hdl/lib_cdc_v1_0_rfs.vhd:564]
	Parameter INIT bound to: 1'b0 
INFO: [Synth 8-113] binding component instance 'CROSS_PLEVEL_IN2SCNDRY_s_level_out_d5' to cell 'FDR' [c:/DATA/2024/sem07/SEP/SEP_projects/memorice/memorice.srcs/sources_1/bd/design_1/ipshared/ef1e/hdl/lib_cdc_v1_0_rfs.vhd:574]
	Parameter INIT bound to: 1'b0 
INFO: [Synth 8-113] binding component instance 'CROSS_PLEVEL_IN2SCNDRY_s_level_out_d6' to cell 'FDR' [c:/DATA/2024/sem07/SEP/SEP_projects/memorice/memorice.srcs/sources_1/bd/design_1/ipshared/ef1e/hdl/lib_cdc_v1_0_rfs.vhd:584]
INFO: [Synth 8-256] done synthesizing module 'cdc_sync' (8#1) [c:/DATA/2024/sem07/SEP/SEP_projects/memorice/memorice.srcs/sources_1/bd/design_1/ipshared/ef1e/hdl/lib_cdc_v1_0_rfs.vhd:106]
INFO: [Synth 8-6155] done synthesizing module 'axi_traffic_gen_v3_0_7_top' (9#1) [c:/DATA/2024/sem07/SEP/SEP_projects/memorice/memorice.srcs/sources_1/bd/design_1/ipshared/f2df/hdl/axi_traffic_gen_v3_0_rfs.v:15238]
INFO: [Synth 8-6155] done synthesizing module 'design_1_axi_traffic_gen_0_0' (10#1) [c:/DATA/2024/sem07/SEP/SEP_projects/memorice/memorice.srcs/sources_1/bd/design_1/ip/design_1_axi_traffic_gen_0_0/synth/design_1_axi_traffic_gen_0_0.v:62]
---------------------------------------------------------------------------------
Finished RTL Elaboration : Time (s): cpu = 00:00:08 ; elapsed = 00:00:13 . Memory (MB): peak = 1153.617 ; gain = 134.703
---------------------------------------------------------------------------------
---------------------------------------------------------------------------------
Start Handling Custom Attributes
---------------------------------------------------------------------------------
---------------------------------------------------------------------------------
Finished Handling Custom Attributes : Time (s): cpu = 00:00:08 ; elapsed = 00:00:13 . Memory (MB): peak = 1153.617 ; gain = 134.703
---------------------------------------------------------------------------------
---------------------------------------------------------------------------------
Finished RTL Optimization Phase 1 : Time (s): cpu = 00:00:08 ; elapsed = 00:00:13 . Memory (MB): peak = 1153.617 ; gain = 134.703
---------------------------------------------------------------------------------
Netlist sorting complete. Time (s): cpu = 00:00:00 ; elapsed = 00:00:00.043 . Memory (MB): peak = 1153.617 ; gain = 0.000
INFO: [Netlist 29-17] Analyzing 12 Unisim elements for replacement
INFO: [Netlist 29-28] Unisim Transformation completed in 0 CPU seconds
INFO: [Project 1-570] Preparing netlist for logic optimization

Processing XDC Constraints
Initializing timing engine
Parsing XDC File [c:/DATA/2024/sem07/SEP/SEP_projects/memorice/memorice.srcs/sources_1/bd/design_1/ip/design_1_axi_traffic_gen_0_0/design_1_axi_traffic_gen_0_0_ooc.xdc] for cell 'inst'
Finished Parsing XDC File [c:/DATA/2024/sem07/SEP/SEP_projects/memorice/memorice.srcs/sources_1/bd/design_1/ip/design_1_axi_traffic_gen_0_0/design_1_axi_traffic_gen_0_0_ooc.xdc] for cell 'inst'
Parsing XDC File [C:/DATA/2024/sem07/SEP/SEP_projects/memorice/memorice.runs/design_1_axi_traffic_gen_0_0_synth_1/dont_touch.xdc]
Finished Parsing XDC File [C:/DATA/2024/sem07/SEP/SEP_projects/memorice/memorice.runs/design_1_axi_traffic_gen_0_0_synth_1/dont_touch.xdc]
Completed Processing XDC Constraints

Netlist sorting complete. Time (s): cpu = 00:00:00 ; elapsed = 00:00:00.001 . Memory (MB): peak = 1200.617 ; gain = 0.000
INFO: [Project 1-111] Unisim Transformation Summary:
  A total of 12 instances were transformed.
  FDR => FDRE: 12 instances

Constraint Validation Runtime : Time (s): cpu = 00:00:00 ; elapsed = 00:00:00.028 . Memory (MB): peak = 1203.406 ; gain = 2.789
---------------------------------------------------------------------------------
Finished Constraint Validation : Time (s): cpu = 00:00:10 ; elapsed = 00:00:19 . Memory (MB): peak = 1203.406 ; gain = 184.492
---------------------------------------------------------------------------------
---------------------------------------------------------------------------------
Start Loading Part and Timing Information
---------------------------------------------------------------------------------
Loading part: xc7z010clg400-1
---------------------------------------------------------------------------------
Finished Loading Part and Timing Information : Time (s): cpu = 00:00:10 ; elapsed = 00:00:19 . Memory (MB): peak = 1203.406 ; gain = 184.492
---------------------------------------------------------------------------------
---------------------------------------------------------------------------------
Start Applying 'set_property' XDC Constraints
---------------------------------------------------------------------------------
Applied set_property DONT_TOUCH = true for inst. (constraint file  C:/DATA/2024/sem07/SEP/SEP_projects/memorice/memorice.runs/design_1_axi_traffic_gen_0_0_synth_1/dont_touch.xdc, line 9).
---------------------------------------------------------------------------------
Finished applying 'set_property' XDC Constraints : Time (s): cpu = 00:00:10 ; elapsed = 00:00:19 . Memory (MB): peak = 1203.406 ; gain = 184.492
---------------------------------------------------------------------------------
---------------------------------------------------------------------------------
Finished RTL Optimization Phase 2 : Time (s): cpu = 00:00:10 ; elapsed = 00:00:20 . Memory (MB): peak = 1203.406 ; gain = 184.492
---------------------------------------------------------------------------------
---------------------------------------------------------------------------------
Start RTL Component Statistics 
---------------------------------------------------------------------------------
Detailed RTL Component Info : 
+---Registers : 
	               32 Bit    Registers := 10    
	                9 Bit    Registers := 2     
	                2 Bit    Registers := 2     
	                1 Bit    Registers := 24    
+---Muxes : 
	   2 Input   32 Bit        Muxes := 19    
	   4 Input   16 Bit        Muxes := 1     
	   3 Input    9 Bit        Muxes := 1     
	   2 Input    9 Bit        Muxes := 4     
	   2 Input    8 Bit        Muxes := 1     
	   2 Input    2 Bit        Muxes := 1     
	   2 Input    1 Bit        Muxes := 16    
---------------------------------------------------------------------------------
Finished RTL Component Statistics 
---------------------------------------------------------------------------------
---------------------------------------------------------------------------------
Start Part Resource Summary
---------------------------------------------------------------------------------
Part Resources:
DSPs: 80 (col length:40)
BRAMs: 120 (col length: RAMB18 40 RAMB36 20)
---------------------------------------------------------------------------------
Finished Part Resource Summary
---------------------------------------------------------------------------------
---------------------------------------------------------------------------------
Start Cross Boundary and Area Optimization
---------------------------------------------------------------------------------
---------------------------------------------------------------------------------
Finished Cross Boundary and Area Optimization : Time (s): cpu = 00:00:12 ; elapsed = 00:00:22 . Memory (MB): peak = 1203.406 ; gain = 184.492
---------------------------------------------------------------------------------
---------------------------------------------------------------------------------
Start ROM, RAM, DSP and Shift Register Reporting
---------------------------------------------------------------------------------

Distributed RAM: Preliminary Mapping	Report (see note below)
+-------------------------------------------------------------------------------------------------------------------------------+--------------------------------------------------+----------------+----------------------+----------------+
|Module Name                                                                                                                    | RTL Object                                       | Inference      | Size (Depth x Width) | Primitives     | 
+-------------------------------------------------------------------------------------------------------------------------------+--------------------------------------------------+----------------+----------------------+----------------+
|inst/\ATG_MODE_SYSTEM_INIT_TEST.systeminit_top/ATG_SYSINIT_DMG.systeminit_dmg_mask/xpm_memory_spram_inst/xpm_memory_base_inst  | gen_wr_a.gen_byte_narrow.for_mem_cols[1].mem_reg | User Attribute | 16 x 32              | RAM16X1S x 32	 | 
|inst/\ATG_MODE_SYSTEM_INIT_TEST.systeminit_top/ATG_SYSINIT_DMG.systeminit_dmg_ctrl/xpm_memory_spram_inst/xpm_memory_base_inst  | gen_wr_a.gen_byte_narrow.for_mem_cols[1].mem_reg | User Attribute | 16 x 32              | RAM16X1S x 32	 | 
|inst/\ATG_MODE_SYSTEM_INIT_TEST.systeminit_top/systeminit_dmg_addr/xpm_memory_spram_inst/xpm_memory_base_inst                  | gen_wr_a.gen_byte_narrow.for_mem_cols[1].mem_reg | User Attribute | 16 x 32              | RAM16X1S x 32	 | 
|inst/\ATG_MODE_SYSTEM_INIT_TEST.systeminit_top/systeminit_dmg_data/xpm_memory_spram_inst/xpm_memory_base_inst                  | gen_wr_a.gen_byte_narrow.for_mem_cols[1].mem_reg | User Attribute | 16 x 32              | RAM16X1S x 32	 | 
+-------------------------------------------------------------------------------------------------------------------------------+--------------------------------------------------+----------------+----------------------+----------------+

Note: The table above is a preliminary report that shows the Distributed RAMs at the current stage of the synthesis flow. Some Distributed RAMs may be reimplemented as non Distributed RAM primitives later in the synthesis flow. Multiple instantiated RAMs are reported only once.
---------------------------------------------------------------------------------
Finished ROM, RAM, DSP and Shift Register Reporting
---------------------------------------------------------------------------------
---------------------------------------------------------------------------------
Start Applying XDC Timing Constraints
---------------------------------------------------------------------------------
---------------------------------------------------------------------------------
Finished Applying XDC Timing Constraints : Time (s): cpu = 00:00:15 ; elapsed = 00:00:27 . Memory (MB): peak = 1203.406 ; gain = 184.492
---------------------------------------------------------------------------------
---------------------------------------------------------------------------------
Start Timing Optimization
---------------------------------------------------------------------------------
---------------------------------------------------------------------------------
Finished Timing Optimization : Time (s): cpu = 00:00:15 ; elapsed = 00:00:28 . Memory (MB): peak = 1203.406 ; gain = 184.492
---------------------------------------------------------------------------------
---------------------------------------------------------------------------------
Start ROM, RAM, DSP and Shift Register Reporting
---------------------------------------------------------------------------------

Distributed RAM: Final Mapping	Report
+-------------------------------------------------------------------------------------------------------------------------------+--------------------------------------------------+----------------+----------------------+----------------+
|Module Name                                                                                                                    | RTL Object                                       | Inference      | Size (Depth x Width) | Primitives     | 
+-------------------------------------------------------------------------------------------------------------------------------+--------------------------------------------------+----------------+----------------------+----------------+
|inst/\ATG_MODE_SYSTEM_INIT_TEST.systeminit_top/ATG_SYSINIT_DMG.systeminit_dmg_mask/xpm_memory_spram_inst/xpm_memory_base_inst  | gen_wr_a.gen_byte_narrow.for_mem_cols[1].mem_reg | User Attribute | 16 x 32              | RAM16X1S x 32	 | 
|inst/\ATG_MODE_SYSTEM_INIT_TEST.systeminit_top/ATG_SYSINIT_DMG.systeminit_dmg_ctrl/xpm_memory_spram_inst/xpm_memory_base_inst  | gen_wr_a.gen_byte_narrow.for_mem_cols[1].mem_reg | User Attribute | 16 x 32              | RAM16X1S x 32	 | 
|inst/\ATG_MODE_SYSTEM_INIT_TEST.systeminit_top/systeminit_dmg_addr/xpm_memory_spram_inst/xpm_memory_base_inst                  | gen_wr_a.gen_byte_narrow.for_mem_cols[1].mem_reg | User Attribute | 16 x 32              | RAM16X1S x 32	 | 
|inst/\ATG_MODE_SYSTEM_INIT_TEST.systeminit_top/systeminit_dmg_data/xpm_memory_spram_inst/xpm_memory_base_inst                  | gen_wr_a.gen_byte_narrow.for_mem_cols[1].mem_reg | User Attribute | 16 x 32              | RAM16X1S x 32	 | 
+-------------------------------------------------------------------------------------------------------------------------------+--------------------------------------------------+----------------+----------------------+----------------+

---------------------------------------------------------------------------------
Finished ROM, RAM, DSP and Shift Register Reporting
---------------------------------------------------------------------------------
---------------------------------------------------------------------------------
Start Technology Mapping
---------------------------------------------------------------------------------
---------------------------------------------------------------------------------
Finished Technology Mapping : Time (s): cpu = 00:00:16 ; elapsed = 00:00:28 . Memory (MB): peak = 1203.406 ; gain = 184.492
---------------------------------------------------------------------------------
---------------------------------------------------------------------------------
Start IO Insertion
---------------------------------------------------------------------------------
---------------------------------------------------------------------------------
Start Flattening Before IO Insertion
---------------------------------------------------------------------------------
---------------------------------------------------------------------------------
Finished Flattening Before IO Insertion
---------------------------------------------------------------------------------
---------------------------------------------------------------------------------
Start Final Netlist Cleanup
---------------------------------------------------------------------------------
---------------------------------------------------------------------------------
Finished Final Netlist Cleanup
---------------------------------------------------------------------------------
---------------------------------------------------------------------------------
Finished IO Insertion : Time (s): cpu = 00:00:17 ; elapsed = 00:00:30 . Memory (MB): peak = 1203.406 ; gain = 184.492
---------------------------------------------------------------------------------
---------------------------------------------------------------------------------
Start Renaming Generated Instances
---------------------------------------------------------------------------------
---------------------------------------------------------------------------------
Finished Renaming Generated Instances : Time (s): cpu = 00:00:17 ; elapsed = 00:00:30 . Memory (MB): peak = 1203.406 ; gain = 184.492
---------------------------------------------------------------------------------
---------------------------------------------------------------------------------
Start Rebuilding User Hierarchy
---------------------------------------------------------------------------------
---------------------------------------------------------------------------------
Finished Rebuilding User Hierarchy : Time (s): cpu = 00:00:17 ; elapsed = 00:00:30 . Memory (MB): peak = 1203.406 ; gain = 184.492
---------------------------------------------------------------------------------
---------------------------------------------------------------------------------
Start Renaming Generated Ports
---------------------------------------------------------------------------------
---------------------------------------------------------------------------------
Finished Renaming Generated Ports : Time (s): cpu = 00:00:17 ; elapsed = 00:00:30 . Memory (MB): peak = 1203.406 ; gain = 184.492
---------------------------------------------------------------------------------
---------------------------------------------------------------------------------
Start Handling Custom Attributes
---------------------------------------------------------------------------------
---------------------------------------------------------------------------------
Finished Handling Custom Attributes : Time (s): cpu = 00:00:17 ; elapsed = 00:00:30 . Memory (MB): peak = 1203.406 ; gain = 184.492
---------------------------------------------------------------------------------
---------------------------------------------------------------------------------
Start Renaming Generated Nets
---------------------------------------------------------------------------------
---------------------------------------------------------------------------------
Finished Renaming Generated Nets : Time (s): cpu = 00:00:17 ; elapsed = 00:00:30 . Memory (MB): peak = 1203.406 ; gain = 184.492
---------------------------------------------------------------------------------
---------------------------------------------------------------------------------
Start Writing Synthesis Report
---------------------------------------------------------------------------------

Report BlackBoxes: 
+-+--------------+----------+
| |BlackBox name |Instances |
+-+--------------+----------+
+-+--------------+----------+

Report Cell Usage: 
+------+---------+------+
|      |Cell     |Count |
+------+---------+------+
|1     |CARRY4   |    38|
|2     |LUT1     |     4|
|3     |LUT2     |     8|
|4     |LUT3     |    11|
|5     |LUT4     |    79|
|6     |LUT5     |    26|
|7     |LUT6     |   101|
|8     |RAM16X1S |   116|
|9     |FDPE     |     4|
|10    |FDRE     |   435|
+------+---------+------+
---------------------------------------------------------------------------------
Finished Writing Synthesis Report : Time (s): cpu = 00:00:17 ; elapsed = 00:00:30 . Memory (MB): peak = 1203.406 ; gain = 184.492
---------------------------------------------------------------------------------
Synthesis finished with 0 errors, 0 critical warnings and 0 warnings.
Synthesis Optimization Runtime : Time (s): cpu = 00:00:08 ; elapsed = 00:00:28 . Memory (MB): peak = 1203.406 ; gain = 134.703
Synthesis Optimization Complete : Time (s): cpu = 00:00:17 ; elapsed = 00:00:30 . Memory (MB): peak = 1203.406 ; gain = 184.492
INFO: [Project 1-571] Translating synthesized netlist
Netlist sorting complete. Time (s): cpu = 00:00:00 ; elapsed = 00:00:00.017 . Memory (MB): peak = 1204.996 ; gain = 0.000
INFO: [Netlist 29-17] Analyzing 154 Unisim elements for replacement
INFO: [Netlist 29-28] Unisim Transformation completed in 0 CPU seconds
INFO: [Project 1-570] Preparing netlist for logic optimization
INFO: [Opt 31-138] Pushed 0 inverter(s) to 0 load pin(s).
Netlist sorting complete. Time (s): cpu = 00:00:00 ; elapsed = 00:00:00 . Memory (MB): peak = 1205.023 ; gain = 0.000
INFO: [Project 1-111] Unisim Transformation Summary:
  A total of 116 instances were transformed.
  RAM16X1S => RAM32X1S (RAMS32): 116 instances

INFO: [Common 17-83] Releasing license: Synthesis
67 Infos, 6 Warnings, 0 Critical Warnings and 0 Errors encountered.
synth_design completed successfully
synth_design: Time (s): cpu = 00:00:20 ; elapsed = 00:00:36 . Memory (MB): peak = 1205.023 ; gain = 186.109
INFO: [Common 17-1381] The checkpoint 'C:/DATA/2024/sem07/SEP/SEP_projects/memorice/memorice.runs/design_1_axi_traffic_gen_0_0_synth_1/design_1_axi_traffic_gen_0_0.dcp' has been generated.
WARNING: [Common 17-576] 'use_project_ipc' is deprecated. This option is deprecated and no longer used.
INFO: [Coretcl 2-1648] Added synthesis output to IP cache for IP design_1_axi_traffic_gen_0_0, cache-ID = 40d5c2e2d0d3c2e7
INFO: [Coretcl 2-1174] Renamed 19 cell refs.
INFO: [Common 17-1381] The checkpoint 'C:/DATA/2024/sem07/SEP/SEP_projects/memorice/memorice.runs/design_1_axi_traffic_gen_0_0_synth_1/design_1_axi_traffic_gen_0_0.dcp' has been generated.
INFO: [runtcl-4] Executing : report_utilization -file design_1_axi_traffic_gen_0_0_utilization_synth.rpt -pb design_1_axi_traffic_gen_0_0_utilization_synth.pb
INFO: [Common 17-206] Exiting Vivado at Sat May 11 20:15:21 2024...
