
*** Running vivado
    with args -log design_1_state_results_0_0.vds -m64 -product Vivado -mode batch -messageDb vivado.pb -notrace -source design_1_state_results_0_0.tcl



****** Vivado v2020.1 (64-bit)
  **** SW Build 2902540 on Wed May 27 19:54:49 MDT 2020
  **** IP Build 2902112 on Wed May 27 22:43:36 MDT 2020
    ** Copyright 1986-2020 Xilinx, Inc. All Rights Reserved.

source design_1_state_results_0_0.tcl -notrace
INFO: [IP_Flow 19-234] Refreshing IP repositories
INFO: [IP_Flow 19-1700] Loaded user IP repository 'c:/DATA/2024/sem07/SEP/SEP_projects'.
WARNING: [IP_Flow 19-3656] If you move the project, the path for repository 'c:/DATA/2024/sem07/SEP/SEP_projects' may become invalid. A better location for the repository would be in a path adjacent to the project. (Current project location is 'c:/DATA/2024/sem07/SEP/SEP_projects/memorice/memorice.runs/design_1_state_results_0_0_synth_1'.)
INFO: [IP_Flow 19-2313] Loaded Vivado IP repository 'C:/Xilinx/Vivado/2020.1/data/ip'.
WARNING: [IP_Flow 19-1663] Duplicate IP found for 'xilinx.com:user:ID_selector:1.0'. The one found in IP location 'c:/DATA/2024/sem07/SEP/SEP_projects/ID_selector' will take precedence over the same IP in location c:/DATA/2024/sem07/SEP/SEP_projects/ID_selector/ID_selector.srcs/sources_1/new
WARNING: [IP_Flow 19-1663] Duplicate IP found for 'xilinx.com:user:ram_reader:1.0'. The one found in IP location 'c:/DATA/2024/sem07/SEP/SEP_projects/ram_reader/ram_reader.srcs/sources_1' will take precedence over the same IP in location c:/DATA/2024/sem07/SEP/SEP_projects/ram_reader
WARNING: [IP_Flow 19-1663] Duplicate IP found for 'xilinx.com:user:state_init:1.0'. The one found in IP location 'c:/DATA/2024/sem07/SEP/SEP_projects/state_init/state_init.srcs/sources_1/new' will take precedence over the same IP in location c:/DATA/2024/sem07/SEP/SEP_projects/state_init/state_init.srcs
WARNING: [IP_Flow 19-1663] Duplicate IP found for 'xilinx.com:user:state_wait:1.0'. The one found in IP location 'c:/DATA/2024/sem07/SEP/SEP_projects/state_wait/state_wait.srcs/sources_1/new' will take precedence over the same IP in location c:/DATA/2024/sem07/SEP/SEP_projects/state_wait/state_wait.srcs
Command: synth_design -top design_1_state_results_0_0 -part xc7z010clg400-1 -mode out_of_context
Starting synth_design
Attempting to get a license for feature 'Synthesis' and/or device 'xc7z010'
INFO: [Common 17-349] Got license for feature 'Synthesis' and/or device 'xc7z010'
INFO: [Device 21-403] Loading part xc7z010clg400-1
INFO: [Synth 8-7079] Multithreading enabled for synth_design using a maximum of 2 processes.
INFO: [Synth 8-7078] Launching helper process for spawning children vivado processes
INFO: [Synth 8-7075] Helper process launched with PID 13536
---------------------------------------------------------------------------------
Starting RTL Elaboration : Time (s): cpu = 00:00:05 ; elapsed = 00:00:05 . Memory (MB): peak = 1018.141 ; gain = 0.000
---------------------------------------------------------------------------------
INFO: [Synth 8-638] synthesizing module 'design_1_state_results_0_0' [c:/DATA/2024/sem07/SEP/SEP_projects/memorice/memorice.srcs/sources_1/bd/design_1/ip/design_1_state_results_0_0/synth/design_1_state_results_0_0.vhd:66]
	Parameter red bound to: 3'b001 
	Parameter blue bound to: 3'b100 
	Parameter green bound to: 3'b010 
INFO: [Synth 8-3491] module 'state_results' declared at 'c:/DATA/2024/sem07/SEP/SEP_projects/memorice/memorice.srcs/sources_1/bd/design_1/ipshared/597c/state_results.vhd:8' bound to instance 'U0' of component 'state_results' [c:/DATA/2024/sem07/SEP/SEP_projects/memorice/memorice.srcs/sources_1/bd/design_1/ip/design_1_state_results_0_0/synth/design_1_state_results_0_0.vhd:96]
INFO: [Synth 8-638] synthesizing module 'state_results' [c:/DATA/2024/sem07/SEP/SEP_projects/memorice/memorice.srcs/sources_1/bd/design_1/ipshared/597c/state_results.vhd:24]
	Parameter red bound to: 3'b001 
	Parameter blue bound to: 3'b100 
	Parameter green bound to: 3'b010 
INFO: [Synth 8-256] done synthesizing module 'state_results' (1#1) [c:/DATA/2024/sem07/SEP/SEP_projects/memorice/memorice.srcs/sources_1/bd/design_1/ipshared/597c/state_results.vhd:24]
INFO: [Synth 8-256] done synthesizing module 'design_1_state_results_0_0' (2#1) [c:/DATA/2024/sem07/SEP/SEP_projects/memorice/memorice.srcs/sources_1/bd/design_1/ip/design_1_state_results_0_0/synth/design_1_state_results_0_0.vhd:66]
---------------------------------------------------------------------------------
Finished RTL Elaboration : Time (s): cpu = 00:00:05 ; elapsed = 00:00:06 . Memory (MB): peak = 1053.988 ; gain = 35.848
---------------------------------------------------------------------------------
---------------------------------------------------------------------------------
Start Handling Custom Attributes
---------------------------------------------------------------------------------
---------------------------------------------------------------------------------
Finished Handling Custom Attributes : Time (s): cpu = 00:00:06 ; elapsed = 00:00:07 . Memory (MB): peak = 1053.988 ; gain = 35.848
---------------------------------------------------------------------------------
---------------------------------------------------------------------------------
Finished RTL Optimization Phase 1 : Time (s): cpu = 00:00:06 ; elapsed = 00:00:07 . Memory (MB): peak = 1053.988 ; gain = 35.848
---------------------------------------------------------------------------------
Netlist sorting complete. Time (s): cpu = 00:00:00 ; elapsed = 00:00:00.001 . Memory (MB): peak = 1053.988 ; gain = 0.000
INFO: [Project 1-570] Preparing netlist for logic optimization

Processing XDC Constraints
Initializing timing engine
Completed Processing XDC Constraints

Netlist sorting complete. Time (s): cpu = 00:00:00 ; elapsed = 00:00:00.001 . Memory (MB): peak = 1136.328 ; gain = 0.000
INFO: [Project 1-111] Unisim Transformation Summary:
No Unisim elements were transformed.

Constraint Validation Runtime : Time (s): cpu = 00:00:00 ; elapsed = 00:00:00.012 . Memory (MB): peak = 1136.379 ; gain = 0.051
---------------------------------------------------------------------------------
Finished Constraint Validation : Time (s): cpu = 00:00:08 ; elapsed = 00:00:12 . Memory (MB): peak = 1136.379 ; gain = 118.238
---------------------------------------------------------------------------------
---------------------------------------------------------------------------------
Start Loading Part and Timing Information
---------------------------------------------------------------------------------
Loading part: xc7z010clg400-1
---------------------------------------------------------------------------------
Finished Loading Part and Timing Information : Time (s): cpu = 00:00:09 ; elapsed = 00:00:12 . Memory (MB): peak = 1136.379 ; gain = 118.238
---------------------------------------------------------------------------------
---------------------------------------------------------------------------------
Start Applying 'set_property' XDC Constraints
---------------------------------------------------------------------------------
---------------------------------------------------------------------------------
Finished applying 'set_property' XDC Constraints : Time (s): cpu = 00:00:09 ; elapsed = 00:00:13 . Memory (MB): peak = 1136.379 ; gain = 118.238
---------------------------------------------------------------------------------
---------------------------------------------------------------------------------
Finished RTL Optimization Phase 2 : Time (s): cpu = 00:00:09 ; elapsed = 00:00:13 . Memory (MB): peak = 1136.379 ; gain = 118.238
---------------------------------------------------------------------------------
---------------------------------------------------------------------------------
Start RTL Component Statistics 
---------------------------------------------------------------------------------
Detailed RTL Component Info : 
+---Adders : 
	   2 Input   32 Bit       Adders := 1     
+---Registers : 
	                3 Bit    Registers := 1     
	                1 Bit    Registers := 2     
+---Muxes : 
	   3 Input    3 Bit        Muxes := 1     
	   2 Input    1 Bit        Muxes := 3     
---------------------------------------------------------------------------------
Finished RTL Component Statistics 
---------------------------------------------------------------------------------
---------------------------------------------------------------------------------
Start Part Resource Summary
---------------------------------------------------------------------------------
Part Resources:
DSPs: 80 (col length:40)
BRAMs: 120 (col length: RAMB18 40 RAMB36 20)
---------------------------------------------------------------------------------
Finished Part Resource Summary
---------------------------------------------------------------------------------
---------------------------------------------------------------------------------
Start Cross Boundary and Area Optimization
---------------------------------------------------------------------------------
---------------------------------------------------------------------------------
Finished Cross Boundary and Area Optimization : Time (s): cpu = 00:00:09 ; elapsed = 00:00:14 . Memory (MB): peak = 1136.379 ; gain = 118.238
---------------------------------------------------------------------------------
---------------------------------------------------------------------------------
Start Applying XDC Timing Constraints
---------------------------------------------------------------------------------
---------------------------------------------------------------------------------
Finished Applying XDC Timing Constraints : Time (s): cpu = 00:00:12 ; elapsed = 00:00:20 . Memory (MB): peak = 1144.746 ; gain = 126.605
---------------------------------------------------------------------------------
---------------------------------------------------------------------------------
Start Timing Optimization
---------------------------------------------------------------------------------
---------------------------------------------------------------------------------
Finished Timing Optimization : Time (s): cpu = 00:00:12 ; elapsed = 00:00:20 . Memory (MB): peak = 1144.746 ; gain = 126.605
---------------------------------------------------------------------------------
---------------------------------------------------------------------------------
Start Technology Mapping
---------------------------------------------------------------------------------
---------------------------------------------------------------------------------
Finished Technology Mapping : Time (s): cpu = 00:00:12 ; elapsed = 00:00:20 . Memory (MB): peak = 1164.406 ; gain = 146.266
---------------------------------------------------------------------------------
---------------------------------------------------------------------------------
Start IO Insertion
---------------------------------------------------------------------------------
---------------------------------------------------------------------------------
Start Flattening Before IO Insertion
---------------------------------------------------------------------------------
---------------------------------------------------------------------------------
Finished Flattening Before IO Insertion
---------------------------------------------------------------------------------
---------------------------------------------------------------------------------
Start Final Netlist Cleanup
---------------------------------------------------------------------------------
---------------------------------------------------------------------------------
Finished Final Netlist Cleanup
---------------------------------------------------------------------------------
---------------------------------------------------------------------------------
Finished IO Insertion : Time (s): cpu = 00:00:13 ; elapsed = 00:00:23 . Memory (MB): peak = 1170.250 ; gain = 152.109
---------------------------------------------------------------------------------
---------------------------------------------------------------------------------
Start Renaming Generated Instances
---------------------------------------------------------------------------------
---------------------------------------------------------------------------------
Finished Renaming Generated Instances : Time (s): cpu = 00:00:13 ; elapsed = 00:00:23 . Memory (MB): peak = 1170.250 ; gain = 152.109
---------------------------------------------------------------------------------
---------------------------------------------------------------------------------
Start Rebuilding User Hierarchy
---------------------------------------------------------------------------------
---------------------------------------------------------------------------------
Finished Rebuilding User Hierarchy : Time (s): cpu = 00:00:13 ; elapsed = 00:00:23 . Memory (MB): peak = 1170.250 ; gain = 152.109
---------------------------------------------------------------------------------
---------------------------------------------------------------------------------
Start Renaming Generated Ports
---------------------------------------------------------------------------------
---------------------------------------------------------------------------------
Finished Renaming Generated Ports : Time (s): cpu = 00:00:13 ; elapsed = 00:00:23 . Memory (MB): peak = 1170.250 ; gain = 152.109
---------------------------------------------------------------------------------
---------------------------------------------------------------------------------
Start Handling Custom Attributes
---------------------------------------------------------------------------------
---------------------------------------------------------------------------------
Finished Handling Custom Attributes : Time (s): cpu = 00:00:13 ; elapsed = 00:00:23 . Memory (MB): peak = 1170.250 ; gain = 152.109
---------------------------------------------------------------------------------
---------------------------------------------------------------------------------
Start Renaming Generated Nets
---------------------------------------------------------------------------------
---------------------------------------------------------------------------------
Finished Renaming Generated Nets : Time (s): cpu = 00:00:13 ; elapsed = 00:00:23 . Memory (MB): peak = 1170.250 ; gain = 152.109
---------------------------------------------------------------------------------
---------------------------------------------------------------------------------
Start Writing Synthesis Report
---------------------------------------------------------------------------------

Report BlackBoxes: 
+-+--------------+----------+
| |BlackBox name |Instances |
+-+--------------+----------+
+-+--------------+----------+

Report Cell Usage: 
+------+-------+------+
|      |Cell   |Count |
+------+-------+------+
|1     |CARRY4 |    20|
|2     |LUT1   |     3|
|3     |LUT2   |    16|
|4     |LUT3   |     1|
|5     |LUT4   |     1|
|6     |LUT5   |     3|
|7     |FDRE   |    36|
+------+-------+------+
---------------------------------------------------------------------------------
Finished Writing Synthesis Report : Time (s): cpu = 00:00:13 ; elapsed = 00:00:23 . Memory (MB): peak = 1170.250 ; gain = 152.109
---------------------------------------------------------------------------------
Synthesis finished with 0 errors, 0 critical warnings and 0 warnings.
Synthesis Optimization Runtime : Time (s): cpu = 00:00:06 ; elapsed = 00:00:21 . Memory (MB): peak = 1170.250 ; gain = 69.719
Synthesis Optimization Complete : Time (s): cpu = 00:00:13 ; elapsed = 00:00:23 . Memory (MB): peak = 1170.250 ; gain = 152.109
INFO: [Project 1-571] Translating synthesized netlist
Netlist sorting complete. Time (s): cpu = 00:00:00 ; elapsed = 00:00:00.001 . Memory (MB): peak = 1182.344 ; gain = 0.000
INFO: [Netlist 29-17] Analyzing 20 Unisim elements for replacement
INFO: [Netlist 29-28] Unisim Transformation completed in 0 CPU seconds
INFO: [Project 1-570] Preparing netlist for logic optimization
INFO: [Opt 31-138] Pushed 0 inverter(s) to 0 load pin(s).
Netlist sorting complete. Time (s): cpu = 00:00:00 ; elapsed = 00:00:00 . Memory (MB): peak = 1187.281 ; gain = 0.000
INFO: [Project 1-111] Unisim Transformation Summary:
No Unisim elements were transformed.

INFO: [Common 17-83] Releasing license: Synthesis
22 Infos, 5 Warnings, 0 Critical Warnings and 0 Errors encountered.
synth_design completed successfully
synth_design: Time (s): cpu = 00:00:15 ; elapsed = 00:00:29 . Memory (MB): peak = 1187.281 ; gain = 169.141
INFO: [Common 17-1381] The checkpoint 'C:/DATA/2024/sem07/SEP/SEP_projects/memorice/memorice.runs/design_1_state_results_0_0_synth_1/design_1_state_results_0_0.dcp' has been generated.
WARNING: [Common 17-576] 'use_project_ipc' is deprecated. This option is deprecated and no longer used.
INFO: [Coretcl 2-1648] Added synthesis output to IP cache for IP design_1_state_results_0_0, cache-ID = 0b6a4a5b58c2ba13
INFO: [Common 17-1381] The checkpoint 'C:/DATA/2024/sem07/SEP/SEP_projects/memorice/memorice.runs/design_1_state_results_0_0_synth_1/design_1_state_results_0_0.dcp' has been generated.
INFO: [runtcl-4] Executing : report_utilization -file design_1_state_results_0_0_utilization_synth.rpt -pb design_1_state_results_0_0_utilization_synth.pb
INFO: [Common 17-206] Exiting Vivado at Sat May 11 20:15:14 2024...
