18:05:03 INFO  : Launching XSCT server: xsct.bat -n  -interactive C:\Users\gusta\OneDrive\Documents\universidad\4to\1r\SEP\Proyectos\pr2\SEPmonG3\temp_xsdb_launch_script.tcl
18:05:03 INFO  : Registering command handlers for Vitis TCF services
18:05:07 INFO  : Platform repository initialization has completed.
18:05:07 INFO  : XSCT server has started successfully.
18:05:07 INFO  : plnx-install-location is set to ''
18:05:13 INFO  : Successfully done setting XSCT server connection channel  
18:05:13 INFO  : Successfully done query RDI_DATADIR 
18:05:13 INFO  : Successfully done setting workspace for the tool. 
18:06:22 INFO  : Result from executing command 'getProjects': SEPmonG3
18:06:22 INFO  : Result from executing command 'getPlatforms': 
18:07:27 INFO  : Result from executing command 'getProjects': SEPmonG3
18:07:27 INFO  : Result from executing command 'getPlatforms': SEPmonG3|C:/Users/gusta/OneDrive/Documents/universidad/4to/1r/SEP/Proyectos/pr2/SEPmonG3/SEPmonG3/export/SEPmonG3/SEPmonG3.xpfm
18:09:05 INFO  : Checking for BSP changes to sync application flags for project 'SEPmon_SW'...
18:09:50 INFO  : Checking for BSP changes to sync application flags for project 'SEPmon_SW'...
18:11:18 INFO  : Checking for BSP changes to sync application flags for project 'SEPmon_SW'...
18:11:28 INFO  : Checking for BSP changes to sync application flags for project 'SEPmon_SW'...
18:11:37 INFO  : Connected to target on host '127.0.0.1' and port '3121'.
18:11:37 INFO  : Jtag cable 'Digilent Zybo Z7 210351B3FC88A' is selected.
18:11:37 INFO  : 'jtag frequency' command is executed.
18:11:37 INFO  : Context for 'APU' is selected.
18:11:37 INFO  : System reset is completed.
18:11:40 INFO  : 'after 3000' command is executed.
18:11:40 INFO  : 'targets -set -filter {jtag_cable_name =~ "Digilent Zybo Z7 210351B3FC88A" && level==0 && jtag_device_ctx=="jsn-Zybo Z7-210351B3FC88A-13722093-0"}' command is executed.
18:11:41 INFO  : FPGA configured successfully with bitstream "C:/Users/gusta/OneDrive/Documents/universidad/4to/1r/SEP/Proyectos/pr2/SEPmonG3/SEPmon_SW/_ide/bitstream/SEPmon.bit"
18:11:41 INFO  : Context for 'APU' is selected.
18:11:42 INFO  : Hardware design and registers information is loaded from 'C:/Users/gusta/OneDrive/Documents/universidad/4to/1r/SEP/Proyectos/pr2/SEPmonG3/SEPmonG3/export/SEPmonG3/hw/SEPmon.xsa'.
18:11:42 INFO  : 'configparams force-mem-access 1' command is executed.
18:11:42 INFO  : Context for 'APU' is selected.
18:11:42 INFO  : Sourcing of 'C:/Users/gusta/OneDrive/Documents/universidad/4to/1r/SEP/Proyectos/pr2/SEPmonG3/SEPmon_SW/_ide/psinit/ps7_init.tcl' is done.
18:11:42 INFO  : 'ps7_init' command is executed.
18:11:42 INFO  : 'ps7_post_config' command is executed.
18:11:42 INFO  : Context for processor 'ps7_cortexa9_0' is selected.
18:11:43 INFO  : The application 'C:/Users/gusta/OneDrive/Documents/universidad/4to/1r/SEP/Proyectos/pr2/SEPmonG3/SEPmon_SW/Debug/SEPmon_SW.elf' is downloaded to processor 'ps7_cortexa9_0'.
18:11:43 INFO  : 'configparams force-mem-access 0' command is executed.
18:11:43 INFO  : ----------------XSDB Script----------------
connect -url tcp:127.0.0.1:3121
targets -set -nocase -filter {name =~"APU*"}
rst -system
after 3000
targets -set -filter {jtag_cable_name =~ "Digilent Zybo Z7 210351B3FC88A" && level==0 && jtag_device_ctx=="jsn-Zybo Z7-210351B3FC88A-13722093-0"}
fpga -file C:/Users/gusta/OneDrive/Documents/universidad/4to/1r/SEP/Proyectos/pr2/SEPmonG3/SEPmon_SW/_ide/bitstream/SEPmon.bit
targets -set -nocase -filter {name =~"APU*"}
loadhw -hw C:/Users/gusta/OneDrive/Documents/universidad/4to/1r/SEP/Proyectos/pr2/SEPmonG3/SEPmonG3/export/SEPmonG3/hw/SEPmon.xsa -mem-ranges [list {0x40000000 0xbfffffff}] -regs
configparams force-mem-access 1
targets -set -nocase -filter {name =~"APU*"}
source C:/Users/gusta/OneDrive/Documents/universidad/4to/1r/SEP/Proyectos/pr2/SEPmonG3/SEPmon_SW/_ide/psinit/ps7_init.tcl
ps7_init
ps7_post_config
targets -set -nocase -filter {name =~ "*A9*#0"}
dow C:/Users/gusta/OneDrive/Documents/universidad/4to/1r/SEP/Proyectos/pr2/SEPmonG3/SEPmon_SW/Debug/SEPmon_SW.elf
configparams force-mem-access 0
----------------End of Script----------------

18:11:43 INFO  : Context for processor 'ps7_cortexa9_0' is selected.
18:11:43 INFO  : 'con' command is executed.
18:11:43 INFO  : ----------------XSDB Script (After Launch)----------------
targets -set -nocase -filter {name =~ "*A9*#0"}
con
----------------End of Script----------------

18:11:43 INFO  : Launch script is exported to file 'C:\Users\gusta\OneDrive\Documents\universidad\4to\1r\SEP\Proyectos\pr2\SEPmonG3\.sdk\launch_scripts\single_application_debug\debugger_sepmon_sw-default.tcl'
18:15:34 INFO  : Checking for BSP changes to sync application flags for project 'SEPmon_SW'...
18:15:39 INFO  : Disconnected from the channel tcfchan#2.
18:15:40 INFO  : Connected to target on host '127.0.0.1' and port '3121'.
18:15:40 INFO  : Jtag cable 'Digilent Zybo Z7 210351B3FC88A' is selected.
18:15:40 INFO  : 'jtag frequency' command is executed.
18:15:40 INFO  : Context for 'APU' is selected.
18:15:41 INFO  : System reset is completed.
18:15:44 INFO  : 'after 3000' command is executed.
18:15:44 INFO  : 'targets -set -filter {jtag_cable_name =~ "Digilent Zybo Z7 210351B3FC88A" && level==0 && jtag_device_ctx=="jsn-Zybo Z7-210351B3FC88A-13722093-0"}' command is executed.
18:15:45 INFO  : FPGA configured successfully with bitstream "C:/Users/gusta/OneDrive/Documents/universidad/4to/1r/SEP/Proyectos/pr2/SEPmonG3/SEPmon_SW/_ide/bitstream/SEPmon.bit"
18:15:45 INFO  : Context for 'APU' is selected.
18:15:45 INFO  : Hardware design and registers information is loaded from 'C:/Users/gusta/OneDrive/Documents/universidad/4to/1r/SEP/Proyectos/pr2/SEPmonG3/SEPmonG3/export/SEPmonG3/hw/SEPmon.xsa'.
18:15:45 INFO  : 'configparams force-mem-access 1' command is executed.
18:15:45 INFO  : Context for 'APU' is selected.
18:15:45 INFO  : Sourcing of 'C:/Users/gusta/OneDrive/Documents/universidad/4to/1r/SEP/Proyectos/pr2/SEPmonG3/SEPmon_SW/_ide/psinit/ps7_init.tcl' is done.
18:15:45 INFO  : 'ps7_init' command is executed.
18:15:45 INFO  : 'ps7_post_config' command is executed.
18:15:45 INFO  : Context for processor 'ps7_cortexa9_0' is selected.
18:15:46 INFO  : The application 'C:/Users/gusta/OneDrive/Documents/universidad/4to/1r/SEP/Proyectos/pr2/SEPmonG3/SEPmon_SW/Debug/SEPmon_SW.elf' is downloaded to processor 'ps7_cortexa9_0'.
18:15:46 INFO  : 'configparams force-mem-access 0' command is executed.
18:15:46 INFO  : ----------------XSDB Script----------------
connect -url tcp:127.0.0.1:3121
targets -set -nocase -filter {name =~"APU*"}
rst -system
after 3000
targets -set -filter {jtag_cable_name =~ "Digilent Zybo Z7 210351B3FC88A" && level==0 && jtag_device_ctx=="jsn-Zybo Z7-210351B3FC88A-13722093-0"}
fpga -file C:/Users/gusta/OneDrive/Documents/universidad/4to/1r/SEP/Proyectos/pr2/SEPmonG3/SEPmon_SW/_ide/bitstream/SEPmon.bit
targets -set -nocase -filter {name =~"APU*"}
loadhw -hw C:/Users/gusta/OneDrive/Documents/universidad/4to/1r/SEP/Proyectos/pr2/SEPmonG3/SEPmonG3/export/SEPmonG3/hw/SEPmon.xsa -mem-ranges [list {0x40000000 0xbfffffff}] -regs
configparams force-mem-access 1
targets -set -nocase -filter {name =~"APU*"}
source C:/Users/gusta/OneDrive/Documents/universidad/4to/1r/SEP/Proyectos/pr2/SEPmonG3/SEPmon_SW/_ide/psinit/ps7_init.tcl
ps7_init
ps7_post_config
targets -set -nocase -filter {name =~ "*A9*#0"}
dow C:/Users/gusta/OneDrive/Documents/universidad/4to/1r/SEP/Proyectos/pr2/SEPmonG3/SEPmon_SW/Debug/SEPmon_SW.elf
configparams force-mem-access 0
----------------End of Script----------------

18:15:46 INFO  : Context for processor 'ps7_cortexa9_0' is selected.
18:15:46 INFO  : 'con' command is executed.
18:15:46 INFO  : ----------------XSDB Script (After Launch)----------------
targets -set -nocase -filter {name =~ "*A9*#0"}
con
----------------End of Script----------------

18:15:46 INFO  : Launch script is exported to file 'C:\Users\gusta\OneDrive\Documents\universidad\4to\1r\SEP\Proyectos\pr2\SEPmonG3\.sdk\launch_scripts\single_application_debug\debugger_sepmon_sw-default.tcl'
18:17:03 INFO  : Disconnected from the channel tcfchan#3.
18:17:04 INFO  : Connected to target on host '127.0.0.1' and port '3121'.
18:17:05 INFO  : Jtag cable 'Digilent Zybo Z7 210351B3FC88A' is selected.
18:17:05 INFO  : 'jtag frequency' command is executed.
18:17:05 INFO  : Context for 'APU' is selected.
18:17:05 INFO  : System reset is completed.
18:17:08 INFO  : 'after 3000' command is executed.
18:17:08 INFO  : 'targets -set -filter {jtag_cable_name =~ "Digilent Zybo Z7 210351B3FC88A" && level==0 && jtag_device_ctx=="jsn-Zybo Z7-210351B3FC88A-13722093-0"}' command is executed.
18:17:09 INFO  : FPGA configured successfully with bitstream "C:/Users/gusta/OneDrive/Documents/universidad/4to/1r/SEP/Proyectos/pr2/SEPmonG3/SEPmon_SW/_ide/bitstream/SEPmon.bit"
18:17:09 INFO  : Context for 'APU' is selected.
18:17:09 INFO  : Hardware design and registers information is loaded from 'C:/Users/gusta/OneDrive/Documents/universidad/4to/1r/SEP/Proyectos/pr2/SEPmonG3/SEPmonG3/export/SEPmonG3/hw/SEPmon.xsa'.
18:17:09 INFO  : 'configparams force-mem-access 1' command is executed.
18:17:09 INFO  : Context for 'APU' is selected.
18:17:09 INFO  : Sourcing of 'C:/Users/gusta/OneDrive/Documents/universidad/4to/1r/SEP/Proyectos/pr2/SEPmonG3/SEPmon_SW/_ide/psinit/ps7_init.tcl' is done.
18:17:09 INFO  : 'ps7_init' command is executed.
18:17:09 INFO  : 'ps7_post_config' command is executed.
18:17:09 INFO  : Context for processor 'ps7_cortexa9_0' is selected.
18:17:10 INFO  : The application 'C:/Users/gusta/OneDrive/Documents/universidad/4to/1r/SEP/Proyectos/pr2/SEPmonG3/SEPmon_SW/Debug/SEPmon_SW.elf' is downloaded to processor 'ps7_cortexa9_0'.
18:17:10 INFO  : 'configparams force-mem-access 0' command is executed.
18:17:10 INFO  : ----------------XSDB Script----------------
connect -url tcp:127.0.0.1:3121
targets -set -nocase -filter {name =~"APU*"}
rst -system
after 3000
targets -set -filter {jtag_cable_name =~ "Digilent Zybo Z7 210351B3FC88A" && level==0 && jtag_device_ctx=="jsn-Zybo Z7-210351B3FC88A-13722093-0"}
fpga -file C:/Users/gusta/OneDrive/Documents/universidad/4to/1r/SEP/Proyectos/pr2/SEPmonG3/SEPmon_SW/_ide/bitstream/SEPmon.bit
targets -set -nocase -filter {name =~"APU*"}
loadhw -hw C:/Users/gusta/OneDrive/Documents/universidad/4to/1r/SEP/Proyectos/pr2/SEPmonG3/SEPmonG3/export/SEPmonG3/hw/SEPmon.xsa -mem-ranges [list {0x40000000 0xbfffffff}] -regs
configparams force-mem-access 1
targets -set -nocase -filter {name =~"APU*"}
source C:/Users/gusta/OneDrive/Documents/universidad/4to/1r/SEP/Proyectos/pr2/SEPmonG3/SEPmon_SW/_ide/psinit/ps7_init.tcl
ps7_init
ps7_post_config
targets -set -nocase -filter {name =~ "*A9*#0"}
dow C:/Users/gusta/OneDrive/Documents/universidad/4to/1r/SEP/Proyectos/pr2/SEPmonG3/SEPmon_SW/Debug/SEPmon_SW.elf
configparams force-mem-access 0
----------------End of Script----------------

18:17:10 INFO  : Context for processor 'ps7_cortexa9_0' is selected.
18:17:10 INFO  : 'con' command is executed.
18:17:10 INFO  : ----------------XSDB Script (After Launch)----------------
targets -set -nocase -filter {name =~ "*A9*#0"}
con
----------------End of Script----------------

18:17:10 INFO  : Launch script is exported to file 'C:\Users\gusta\OneDrive\Documents\universidad\4to\1r\SEP\Proyectos\pr2\SEPmonG3\.sdk\launch_scripts\single_application_debug\debugger_sepmon_sw-default.tcl'
18:17:47 INFO  : Checking for BSP changes to sync application flags for project 'SEPmon_SW'...
18:18:37 INFO  : Checking for BSP changes to sync application flags for project 'SEPmon_SW'...
18:19:03 INFO  : Checking for BSP changes to sync application flags for project 'SEPmon_SW'...
18:19:29 INFO  : Checking for BSP changes to sync application flags for project 'SEPmon_SW'...
18:19:36 INFO  : Disconnected from the channel tcfchan#4.
18:19:37 INFO  : Connected to target on host '127.0.0.1' and port '3121'.
18:19:37 INFO  : Jtag cable 'Digilent Zybo Z7 210351B3FC88A' is selected.
18:19:37 INFO  : 'jtag frequency' command is executed.
18:19:37 INFO  : Context for 'APU' is selected.
18:19:37 INFO  : System reset is completed.
18:19:40 INFO  : 'after 3000' command is executed.
18:19:40 INFO  : 'targets -set -filter {jtag_cable_name =~ "Digilent Zybo Z7 210351B3FC88A" && level==0 && jtag_device_ctx=="jsn-Zybo Z7-210351B3FC88A-13722093-0"}' command is executed.
18:19:41 INFO  : FPGA configured successfully with bitstream "C:/Users/gusta/OneDrive/Documents/universidad/4to/1r/SEP/Proyectos/pr2/SEPmonG3/SEPmon_SW/_ide/bitstream/SEPmon.bit"
18:19:41 INFO  : Context for 'APU' is selected.
18:19:41 INFO  : Hardware design and registers information is loaded from 'C:/Users/gusta/OneDrive/Documents/universidad/4to/1r/SEP/Proyectos/pr2/SEPmonG3/SEPmonG3/export/SEPmonG3/hw/SEPmon.xsa'.
18:19:41 INFO  : 'configparams force-mem-access 1' command is executed.
18:19:41 INFO  : Context for 'APU' is selected.
18:19:41 INFO  : Sourcing of 'C:/Users/gusta/OneDrive/Documents/universidad/4to/1r/SEP/Proyectos/pr2/SEPmonG3/SEPmon_SW/_ide/psinit/ps7_init.tcl' is done.
18:19:42 INFO  : 'ps7_init' command is executed.
18:19:42 INFO  : 'ps7_post_config' command is executed.
18:19:42 INFO  : Context for processor 'ps7_cortexa9_0' is selected.
18:19:42 INFO  : The application 'C:/Users/gusta/OneDrive/Documents/universidad/4to/1r/SEP/Proyectos/pr2/SEPmonG3/SEPmon_SW/Debug/SEPmon_SW.elf' is downloaded to processor 'ps7_cortexa9_0'.
18:19:42 INFO  : 'configparams force-mem-access 0' command is executed.
18:19:42 INFO  : ----------------XSDB Script----------------
connect -url tcp:127.0.0.1:3121
targets -set -nocase -filter {name =~"APU*"}
rst -system
after 3000
targets -set -filter {jtag_cable_name =~ "Digilent Zybo Z7 210351B3FC88A" && level==0 && jtag_device_ctx=="jsn-Zybo Z7-210351B3FC88A-13722093-0"}
fpga -file C:/Users/gusta/OneDrive/Documents/universidad/4to/1r/SEP/Proyectos/pr2/SEPmonG3/SEPmon_SW/_ide/bitstream/SEPmon.bit
targets -set -nocase -filter {name =~"APU*"}
loadhw -hw C:/Users/gusta/OneDrive/Documents/universidad/4to/1r/SEP/Proyectos/pr2/SEPmonG3/SEPmonG3/export/SEPmonG3/hw/SEPmon.xsa -mem-ranges [list {0x40000000 0xbfffffff}] -regs
configparams force-mem-access 1
targets -set -nocase -filter {name =~"APU*"}
source C:/Users/gusta/OneDrive/Documents/universidad/4to/1r/SEP/Proyectos/pr2/SEPmonG3/SEPmon_SW/_ide/psinit/ps7_init.tcl
ps7_init
ps7_post_config
targets -set -nocase -filter {name =~ "*A9*#0"}
dow C:/Users/gusta/OneDrive/Documents/universidad/4to/1r/SEP/Proyectos/pr2/SEPmonG3/SEPmon_SW/Debug/SEPmon_SW.elf
configparams force-mem-access 0
----------------End of Script----------------

18:19:42 INFO  : Context for processor 'ps7_cortexa9_0' is selected.
18:19:43 INFO  : 'con' command is executed.
18:19:43 INFO  : ----------------XSDB Script (After Launch)----------------
targets -set -nocase -filter {name =~ "*A9*#0"}
con
----------------End of Script----------------

18:19:43 INFO  : Launch script is exported to file 'C:\Users\gusta\OneDrive\Documents\universidad\4to\1r\SEP\Proyectos\pr2\SEPmonG3\.sdk\launch_scripts\single_application_debug\debugger_sepmon_sw-default.tcl'
18:24:07 INFO  : Checking for BSP changes to sync application flags for project 'SEPmon_SW'...
18:24:12 INFO  : Disconnected from the channel tcfchan#5.
18:24:13 INFO  : Connected to target on host '127.0.0.1' and port '3121'.
18:24:14 INFO  : Jtag cable 'Digilent Zybo Z7 210351B3FC88A' is selected.
18:24:14 INFO  : 'jtag frequency' command is executed.
18:24:14 INFO  : Context for 'APU' is selected.
18:24:14 INFO  : System reset is completed.
18:24:17 INFO  : 'after 3000' command is executed.
18:24:17 INFO  : 'targets -set -filter {jtag_cable_name =~ "Digilent Zybo Z7 210351B3FC88A" && level==0 && jtag_device_ctx=="jsn-Zybo Z7-210351B3FC88A-13722093-0"}' command is executed.
18:24:18 INFO  : FPGA configured successfully with bitstream "C:/Users/gusta/OneDrive/Documents/universidad/4to/1r/SEP/Proyectos/pr2/SEPmonG3/SEPmon_SW/_ide/bitstream/SEPmon.bit"
18:24:18 INFO  : Context for 'APU' is selected.
18:24:18 INFO  : Hardware design and registers information is loaded from 'C:/Users/gusta/OneDrive/Documents/universidad/4to/1r/SEP/Proyectos/pr2/SEPmonG3/SEPmonG3/export/SEPmonG3/hw/SEPmon.xsa'.
18:24:18 INFO  : 'configparams force-mem-access 1' command is executed.
18:24:18 INFO  : Context for 'APU' is selected.
18:24:18 INFO  : Sourcing of 'C:/Users/gusta/OneDrive/Documents/universidad/4to/1r/SEP/Proyectos/pr2/SEPmonG3/SEPmon_SW/_ide/psinit/ps7_init.tcl' is done.
18:24:18 INFO  : 'ps7_init' command is executed.
18:24:18 INFO  : 'ps7_post_config' command is executed.
18:24:18 INFO  : Context for processor 'ps7_cortexa9_0' is selected.
18:24:19 INFO  : The application 'C:/Users/gusta/OneDrive/Documents/universidad/4to/1r/SEP/Proyectos/pr2/SEPmonG3/SEPmon_SW/Debug/SEPmon_SW.elf' is downloaded to processor 'ps7_cortexa9_0'.
18:24:19 INFO  : 'configparams force-mem-access 0' command is executed.
18:24:19 INFO  : ----------------XSDB Script----------------
connect -url tcp:127.0.0.1:3121
targets -set -nocase -filter {name =~"APU*"}
rst -system
after 3000
targets -set -filter {jtag_cable_name =~ "Digilent Zybo Z7 210351B3FC88A" && level==0 && jtag_device_ctx=="jsn-Zybo Z7-210351B3FC88A-13722093-0"}
fpga -file C:/Users/gusta/OneDrive/Documents/universidad/4to/1r/SEP/Proyectos/pr2/SEPmonG3/SEPmon_SW/_ide/bitstream/SEPmon.bit
targets -set -nocase -filter {name =~"APU*"}
loadhw -hw C:/Users/gusta/OneDrive/Documents/universidad/4to/1r/SEP/Proyectos/pr2/SEPmonG3/SEPmonG3/export/SEPmonG3/hw/SEPmon.xsa -mem-ranges [list {0x40000000 0xbfffffff}] -regs
configparams force-mem-access 1
targets -set -nocase -filter {name =~"APU*"}
source C:/Users/gusta/OneDrive/Documents/universidad/4to/1r/SEP/Proyectos/pr2/SEPmonG3/SEPmon_SW/_ide/psinit/ps7_init.tcl
ps7_init
ps7_post_config
targets -set -nocase -filter {name =~ "*A9*#0"}
dow C:/Users/gusta/OneDrive/Documents/universidad/4to/1r/SEP/Proyectos/pr2/SEPmonG3/SEPmon_SW/Debug/SEPmon_SW.elf
configparams force-mem-access 0
----------------End of Script----------------

18:24:19 INFO  : Context for processor 'ps7_cortexa9_0' is selected.
18:24:19 INFO  : 'con' command is executed.
18:24:19 INFO  : ----------------XSDB Script (After Launch)----------------
targets -set -nocase -filter {name =~ "*A9*#0"}
con
----------------End of Script----------------

18:24:19 INFO  : Launch script is exported to file 'C:\Users\gusta\OneDrive\Documents\universidad\4to\1r\SEP\Proyectos\pr2\SEPmonG3\.sdk\launch_scripts\single_application_debug\debugger_sepmon_sw-default.tcl'
18:25:11 INFO  : Checking for BSP changes to sync application flags for project 'SEPmon_SW'...
18:25:17 INFO  : Disconnected from the channel tcfchan#6.
18:25:18 INFO  : Connected to target on host '127.0.0.1' and port '3121'.
18:25:18 INFO  : Jtag cable 'Digilent Zybo Z7 210351B3FC88A' is selected.
18:25:18 INFO  : 'jtag frequency' command is executed.
18:25:18 INFO  : Context for 'APU' is selected.
18:25:18 INFO  : System reset is completed.
18:25:21 INFO  : 'after 3000' command is executed.
18:25:21 INFO  : 'targets -set -filter {jtag_cable_name =~ "Digilent Zybo Z7 210351B3FC88A" && level==0 && jtag_device_ctx=="jsn-Zybo Z7-210351B3FC88A-13722093-0"}' command is executed.
18:25:22 INFO  : FPGA configured successfully with bitstream "C:/Users/gusta/OneDrive/Documents/universidad/4to/1r/SEP/Proyectos/pr2/SEPmonG3/SEPmon_SW/_ide/bitstream/SEPmon.bit"
18:25:22 INFO  : Context for 'APU' is selected.
18:25:22 INFO  : Hardware design and registers information is loaded from 'C:/Users/gusta/OneDrive/Documents/universidad/4to/1r/SEP/Proyectos/pr2/SEPmonG3/SEPmonG3/export/SEPmonG3/hw/SEPmon.xsa'.
18:25:22 INFO  : 'configparams force-mem-access 1' command is executed.
18:25:22 INFO  : Context for 'APU' is selected.
18:25:22 INFO  : Sourcing of 'C:/Users/gusta/OneDrive/Documents/universidad/4to/1r/SEP/Proyectos/pr2/SEPmonG3/SEPmon_SW/_ide/psinit/ps7_init.tcl' is done.
18:25:23 INFO  : 'ps7_init' command is executed.
18:25:23 INFO  : 'ps7_post_config' command is executed.
18:25:23 INFO  : Context for processor 'ps7_cortexa9_0' is selected.
18:25:23 INFO  : The application 'C:/Users/gusta/OneDrive/Documents/universidad/4to/1r/SEP/Proyectos/pr2/SEPmonG3/SEPmon_SW/Debug/SEPmon_SW.elf' is downloaded to processor 'ps7_cortexa9_0'.
18:25:24 INFO  : 'configparams force-mem-access 0' command is executed.
18:25:24 INFO  : ----------------XSDB Script----------------
connect -url tcp:127.0.0.1:3121
targets -set -nocase -filter {name =~"APU*"}
rst -system
after 3000
targets -set -filter {jtag_cable_name =~ "Digilent Zybo Z7 210351B3FC88A" && level==0 && jtag_device_ctx=="jsn-Zybo Z7-210351B3FC88A-13722093-0"}
fpga -file C:/Users/gusta/OneDrive/Documents/universidad/4to/1r/SEP/Proyectos/pr2/SEPmonG3/SEPmon_SW/_ide/bitstream/SEPmon.bit
targets -set -nocase -filter {name =~"APU*"}
loadhw -hw C:/Users/gusta/OneDrive/Documents/universidad/4to/1r/SEP/Proyectos/pr2/SEPmonG3/SEPmonG3/export/SEPmonG3/hw/SEPmon.xsa -mem-ranges [list {0x40000000 0xbfffffff}] -regs
configparams force-mem-access 1
targets -set -nocase -filter {name =~"APU*"}
source C:/Users/gusta/OneDrive/Documents/universidad/4to/1r/SEP/Proyectos/pr2/SEPmonG3/SEPmon_SW/_ide/psinit/ps7_init.tcl
ps7_init
ps7_post_config
targets -set -nocase -filter {name =~ "*A9*#0"}
dow C:/Users/gusta/OneDrive/Documents/universidad/4to/1r/SEP/Proyectos/pr2/SEPmonG3/SEPmon_SW/Debug/SEPmon_SW.elf
configparams force-mem-access 0
----------------End of Script----------------

18:25:24 INFO  : Context for processor 'ps7_cortexa9_0' is selected.
18:25:24 INFO  : 'con' command is executed.
18:25:24 INFO  : ----------------XSDB Script (After Launch)----------------
targets -set -nocase -filter {name =~ "*A9*#0"}
con
----------------End of Script----------------

18:25:24 INFO  : Launch script is exported to file 'C:\Users\gusta\OneDrive\Documents\universidad\4to\1r\SEP\Proyectos\pr2\SEPmonG3\.sdk\launch_scripts\single_application_debug\debugger_sepmon_sw-default.tcl'
18:26:01 INFO  : Checking for BSP changes to sync application flags for project 'SEPmon_SW'...
18:26:08 INFO  : Disconnected from the channel tcfchan#7.
18:26:09 INFO  : Connected to target on host '127.0.0.1' and port '3121'.
18:26:09 INFO  : Jtag cable 'Digilent Zybo Z7 210351B3FC88A' is selected.
18:26:09 INFO  : 'jtag frequency' command is executed.
18:26:09 INFO  : Context for 'APU' is selected.
18:26:09 INFO  : System reset is completed.
18:26:12 INFO  : 'after 3000' command is executed.
18:26:12 INFO  : 'targets -set -filter {jtag_cable_name =~ "Digilent Zybo Z7 210351B3FC88A" && level==0 && jtag_device_ctx=="jsn-Zybo Z7-210351B3FC88A-13722093-0"}' command is executed.
18:26:13 INFO  : FPGA configured successfully with bitstream "C:/Users/gusta/OneDrive/Documents/universidad/4to/1r/SEP/Proyectos/pr2/SEPmonG3/SEPmon_SW/_ide/bitstream/SEPmon.bit"
18:26:13 INFO  : Context for 'APU' is selected.
18:26:13 INFO  : Hardware design and registers information is loaded from 'C:/Users/gusta/OneDrive/Documents/universidad/4to/1r/SEP/Proyectos/pr2/SEPmonG3/SEPmonG3/export/SEPmonG3/hw/SEPmon.xsa'.
18:26:13 INFO  : 'configparams force-mem-access 1' command is executed.
18:26:13 INFO  : Context for 'APU' is selected.
18:26:13 INFO  : Sourcing of 'C:/Users/gusta/OneDrive/Documents/universidad/4to/1r/SEP/Proyectos/pr2/SEPmonG3/SEPmon_SW/_ide/psinit/ps7_init.tcl' is done.
18:26:14 INFO  : 'ps7_init' command is executed.
18:26:14 INFO  : 'ps7_post_config' command is executed.
18:26:14 INFO  : Context for processor 'ps7_cortexa9_0' is selected.
18:26:15 INFO  : The application 'C:/Users/gusta/OneDrive/Documents/universidad/4to/1r/SEP/Proyectos/pr2/SEPmonG3/SEPmon_SW/Debug/SEPmon_SW.elf' is downloaded to processor 'ps7_cortexa9_0'.
18:26:15 INFO  : 'configparams force-mem-access 0' command is executed.
18:26:15 INFO  : ----------------XSDB Script----------------
connect -url tcp:127.0.0.1:3121
targets -set -nocase -filter {name =~"APU*"}
rst -system
after 3000
targets -set -filter {jtag_cable_name =~ "Digilent Zybo Z7 210351B3FC88A" && level==0 && jtag_device_ctx=="jsn-Zybo Z7-210351B3FC88A-13722093-0"}
fpga -file C:/Users/gusta/OneDrive/Documents/universidad/4to/1r/SEP/Proyectos/pr2/SEPmonG3/SEPmon_SW/_ide/bitstream/SEPmon.bit
targets -set -nocase -filter {name =~"APU*"}
loadhw -hw C:/Users/gusta/OneDrive/Documents/universidad/4to/1r/SEP/Proyectos/pr2/SEPmonG3/SEPmonG3/export/SEPmonG3/hw/SEPmon.xsa -mem-ranges [list {0x40000000 0xbfffffff}] -regs
configparams force-mem-access 1
targets -set -nocase -filter {name =~"APU*"}
source C:/Users/gusta/OneDrive/Documents/universidad/4to/1r/SEP/Proyectos/pr2/SEPmonG3/SEPmon_SW/_ide/psinit/ps7_init.tcl
ps7_init
ps7_post_config
targets -set -nocase -filter {name =~ "*A9*#0"}
dow C:/Users/gusta/OneDrive/Documents/universidad/4to/1r/SEP/Proyectos/pr2/SEPmonG3/SEPmon_SW/Debug/SEPmon_SW.elf
configparams force-mem-access 0
----------------End of Script----------------

18:26:15 INFO  : Context for processor 'ps7_cortexa9_0' is selected.
18:26:15 INFO  : 'con' command is executed.
18:26:15 INFO  : ----------------XSDB Script (After Launch)----------------
targets -set -nocase -filter {name =~ "*A9*#0"}
con
----------------End of Script----------------

18:26:15 INFO  : Launch script is exported to file 'C:\Users\gusta\OneDrive\Documents\universidad\4to\1r\SEP\Proyectos\pr2\SEPmonG3\.sdk\launch_scripts\single_application_debug\debugger_sepmon_sw-default.tcl'
18:29:34 INFO  : Checking for BSP changes to sync application flags for project 'SEPmon_SW'...
18:29:41 INFO  : Disconnected from the channel tcfchan#8.
18:29:42 INFO  : Connected to target on host '127.0.0.1' and port '3121'.
18:29:42 INFO  : Jtag cable 'Digilent Zybo Z7 210351B3FC88A' is selected.
18:29:42 INFO  : 'jtag frequency' command is executed.
18:29:42 INFO  : Context for 'APU' is selected.
18:29:42 INFO  : System reset is completed.
18:29:45 INFO  : 'after 3000' command is executed.
18:29:45 INFO  : 'targets -set -filter {jtag_cable_name =~ "Digilent Zybo Z7 210351B3FC88A" && level==0 && jtag_device_ctx=="jsn-Zybo Z7-210351B3FC88A-13722093-0"}' command is executed.
18:29:46 INFO  : FPGA configured successfully with bitstream "C:/Users/gusta/OneDrive/Documents/universidad/4to/1r/SEP/Proyectos/pr2/SEPmonG3/SEPmon_SW/_ide/bitstream/SEPmon.bit"
18:29:46 INFO  : Context for 'APU' is selected.
18:29:46 INFO  : Hardware design and registers information is loaded from 'C:/Users/gusta/OneDrive/Documents/universidad/4to/1r/SEP/Proyectos/pr2/SEPmonG3/SEPmonG3/export/SEPmonG3/hw/SEPmon.xsa'.
18:29:46 INFO  : 'configparams force-mem-access 1' command is executed.
18:29:46 INFO  : Context for 'APU' is selected.
18:29:46 INFO  : Sourcing of 'C:/Users/gusta/OneDrive/Documents/universidad/4to/1r/SEP/Proyectos/pr2/SEPmonG3/SEPmon_SW/_ide/psinit/ps7_init.tcl' is done.
18:29:47 INFO  : 'ps7_init' command is executed.
18:29:47 INFO  : 'ps7_post_config' command is executed.
18:29:47 INFO  : Context for processor 'ps7_cortexa9_0' is selected.
18:29:47 INFO  : The application 'C:/Users/gusta/OneDrive/Documents/universidad/4to/1r/SEP/Proyectos/pr2/SEPmonG3/SEPmon_SW/Debug/SEPmon_SW.elf' is downloaded to processor 'ps7_cortexa9_0'.
18:29:47 INFO  : 'configparams force-mem-access 0' command is executed.
18:29:47 INFO  : ----------------XSDB Script----------------
connect -url tcp:127.0.0.1:3121
targets -set -nocase -filter {name =~"APU*"}
rst -system
after 3000
targets -set -filter {jtag_cable_name =~ "Digilent Zybo Z7 210351B3FC88A" && level==0 && jtag_device_ctx=="jsn-Zybo Z7-210351B3FC88A-13722093-0"}
fpga -file C:/Users/gusta/OneDrive/Documents/universidad/4to/1r/SEP/Proyectos/pr2/SEPmonG3/SEPmon_SW/_ide/bitstream/SEPmon.bit
targets -set -nocase -filter {name =~"APU*"}
loadhw -hw C:/Users/gusta/OneDrive/Documents/universidad/4to/1r/SEP/Proyectos/pr2/SEPmonG3/SEPmonG3/export/SEPmonG3/hw/SEPmon.xsa -mem-ranges [list {0x40000000 0xbfffffff}] -regs
configparams force-mem-access 1
targets -set -nocase -filter {name =~"APU*"}
source C:/Users/gusta/OneDrive/Documents/universidad/4to/1r/SEP/Proyectos/pr2/SEPmonG3/SEPmon_SW/_ide/psinit/ps7_init.tcl
ps7_init
ps7_post_config
targets -set -nocase -filter {name =~ "*A9*#0"}
dow C:/Users/gusta/OneDrive/Documents/universidad/4to/1r/SEP/Proyectos/pr2/SEPmonG3/SEPmon_SW/Debug/SEPmon_SW.elf
configparams force-mem-access 0
----------------End of Script----------------

18:29:47 INFO  : Context for processor 'ps7_cortexa9_0' is selected.
18:29:47 INFO  : 'con' command is executed.
18:29:47 INFO  : ----------------XSDB Script (After Launch)----------------
targets -set -nocase -filter {name =~ "*A9*#0"}
con
----------------End of Script----------------

18:29:47 INFO  : Launch script is exported to file 'C:\Users\gusta\OneDrive\Documents\universidad\4to\1r\SEP\Proyectos\pr2\SEPmonG3\.sdk\launch_scripts\single_application_debug\debugger_sepmon_sw-default.tcl'
18:32:11 INFO  : Checking for BSP changes to sync application flags for project 'SEPmon_SW'...
18:32:18 INFO  : Disconnected from the channel tcfchan#9.
18:32:19 INFO  : Connected to target on host '127.0.0.1' and port '3121'.
18:32:19 INFO  : Jtag cable 'Digilent Zybo Z7 210351B3FC88A' is selected.
18:32:19 INFO  : 'jtag frequency' command is executed.
18:32:19 INFO  : Context for 'APU' is selected.
18:32:19 INFO  : System reset is completed.
18:32:22 INFO  : 'after 3000' command is executed.
18:32:22 INFO  : 'targets -set -filter {jtag_cable_name =~ "Digilent Zybo Z7 210351B3FC88A" && level==0 && jtag_device_ctx=="jsn-Zybo Z7-210351B3FC88A-13722093-0"}' command is executed.
18:32:23 INFO  : FPGA configured successfully with bitstream "C:/Users/gusta/OneDrive/Documents/universidad/4to/1r/SEP/Proyectos/pr2/SEPmonG3/SEPmon_SW/_ide/bitstream/SEPmon.bit"
18:32:23 INFO  : Context for 'APU' is selected.
18:32:23 INFO  : Hardware design and registers information is loaded from 'C:/Users/gusta/OneDrive/Documents/universidad/4to/1r/SEP/Proyectos/pr2/SEPmonG3/SEPmonG3/export/SEPmonG3/hw/SEPmon.xsa'.
18:32:23 INFO  : 'configparams force-mem-access 1' command is executed.
18:32:23 INFO  : Context for 'APU' is selected.
18:32:23 INFO  : Sourcing of 'C:/Users/gusta/OneDrive/Documents/universidad/4to/1r/SEP/Proyectos/pr2/SEPmonG3/SEPmon_SW/_ide/psinit/ps7_init.tcl' is done.
18:32:24 INFO  : 'ps7_init' command is executed.
18:32:24 INFO  : 'ps7_post_config' command is executed.
18:32:24 INFO  : Context for processor 'ps7_cortexa9_0' is selected.
18:32:24 INFO  : The application 'C:/Users/gusta/OneDrive/Documents/universidad/4to/1r/SEP/Proyectos/pr2/SEPmonG3/SEPmon_SW/Debug/SEPmon_SW.elf' is downloaded to processor 'ps7_cortexa9_0'.
18:32:24 INFO  : 'configparams force-mem-access 0' command is executed.
18:32:24 INFO  : ----------------XSDB Script----------------
connect -url tcp:127.0.0.1:3121
targets -set -nocase -filter {name =~"APU*"}
rst -system
after 3000
targets -set -filter {jtag_cable_name =~ "Digilent Zybo Z7 210351B3FC88A" && level==0 && jtag_device_ctx=="jsn-Zybo Z7-210351B3FC88A-13722093-0"}
fpga -file C:/Users/gusta/OneDrive/Documents/universidad/4to/1r/SEP/Proyectos/pr2/SEPmonG3/SEPmon_SW/_ide/bitstream/SEPmon.bit
targets -set -nocase -filter {name =~"APU*"}
loadhw -hw C:/Users/gusta/OneDrive/Documents/universidad/4to/1r/SEP/Proyectos/pr2/SEPmonG3/SEPmonG3/export/SEPmonG3/hw/SEPmon.xsa -mem-ranges [list {0x40000000 0xbfffffff}] -regs
configparams force-mem-access 1
targets -set -nocase -filter {name =~"APU*"}
source C:/Users/gusta/OneDrive/Documents/universidad/4to/1r/SEP/Proyectos/pr2/SEPmonG3/SEPmon_SW/_ide/psinit/ps7_init.tcl
ps7_init
ps7_post_config
targets -set -nocase -filter {name =~ "*A9*#0"}
dow C:/Users/gusta/OneDrive/Documents/universidad/4to/1r/SEP/Proyectos/pr2/SEPmonG3/SEPmon_SW/Debug/SEPmon_SW.elf
configparams force-mem-access 0
----------------End of Script----------------

18:32:24 INFO  : Context for processor 'ps7_cortexa9_0' is selected.
18:32:24 INFO  : 'con' command is executed.
18:32:24 INFO  : ----------------XSDB Script (After Launch)----------------
targets -set -nocase -filter {name =~ "*A9*#0"}
con
----------------End of Script----------------

18:32:24 INFO  : Launch script is exported to file 'C:\Users\gusta\OneDrive\Documents\universidad\4to\1r\SEP\Proyectos\pr2\SEPmonG3\.sdk\launch_scripts\single_application_debug\debugger_sepmon_sw-default.tcl'
18:35:26 INFO  : Checking for BSP changes to sync application flags for project 'SEPmon_SW'...
18:35:31 INFO  : Disconnected from the channel tcfchan#10.
18:35:32 INFO  : Connected to target on host '127.0.0.1' and port '3121'.
18:35:32 INFO  : Jtag cable 'Digilent Zybo Z7 210351B3FC88A' is selected.
18:35:32 INFO  : 'jtag frequency' command is executed.
18:35:32 INFO  : Context for 'APU' is selected.
18:35:32 INFO  : System reset is completed.
18:35:35 INFO  : 'after 3000' command is executed.
18:35:35 INFO  : 'targets -set -filter {jtag_cable_name =~ "Digilent Zybo Z7 210351B3FC88A" && level==0 && jtag_device_ctx=="jsn-Zybo Z7-210351B3FC88A-13722093-0"}' command is executed.
18:35:37 INFO  : FPGA configured successfully with bitstream "C:/Users/gusta/OneDrive/Documents/universidad/4to/1r/SEP/Proyectos/pr2/SEPmonG3/SEPmon_SW/_ide/bitstream/SEPmon.bit"
18:35:37 INFO  : Context for 'APU' is selected.
18:35:37 INFO  : Hardware design and registers information is loaded from 'C:/Users/gusta/OneDrive/Documents/universidad/4to/1r/SEP/Proyectos/pr2/SEPmonG3/SEPmonG3/export/SEPmonG3/hw/SEPmon.xsa'.
18:35:37 INFO  : 'configparams force-mem-access 1' command is executed.
18:35:37 INFO  : Context for 'APU' is selected.
18:35:37 INFO  : Sourcing of 'C:/Users/gusta/OneDrive/Documents/universidad/4to/1r/SEP/Proyectos/pr2/SEPmonG3/SEPmon_SW/_ide/psinit/ps7_init.tcl' is done.
18:35:37 INFO  : 'ps7_init' command is executed.
18:35:37 INFO  : 'ps7_post_config' command is executed.
18:35:37 INFO  : Context for processor 'ps7_cortexa9_0' is selected.
18:35:38 INFO  : The application 'C:/Users/gusta/OneDrive/Documents/universidad/4to/1r/SEP/Proyectos/pr2/SEPmonG3/SEPmon_SW/Debug/SEPmon_SW.elf' is downloaded to processor 'ps7_cortexa9_0'.
18:35:38 INFO  : 'configparams force-mem-access 0' command is executed.
18:35:38 INFO  : ----------------XSDB Script----------------
connect -url tcp:127.0.0.1:3121
targets -set -nocase -filter {name =~"APU*"}
rst -system
after 3000
targets -set -filter {jtag_cable_name =~ "Digilent Zybo Z7 210351B3FC88A" && level==0 && jtag_device_ctx=="jsn-Zybo Z7-210351B3FC88A-13722093-0"}
fpga -file C:/Users/gusta/OneDrive/Documents/universidad/4to/1r/SEP/Proyectos/pr2/SEPmonG3/SEPmon_SW/_ide/bitstream/SEPmon.bit
targets -set -nocase -filter {name =~"APU*"}
loadhw -hw C:/Users/gusta/OneDrive/Documents/universidad/4to/1r/SEP/Proyectos/pr2/SEPmonG3/SEPmonG3/export/SEPmonG3/hw/SEPmon.xsa -mem-ranges [list {0x40000000 0xbfffffff}] -regs
configparams force-mem-access 1
targets -set -nocase -filter {name =~"APU*"}
source C:/Users/gusta/OneDrive/Documents/universidad/4to/1r/SEP/Proyectos/pr2/SEPmonG3/SEPmon_SW/_ide/psinit/ps7_init.tcl
ps7_init
ps7_post_config
targets -set -nocase -filter {name =~ "*A9*#0"}
dow C:/Users/gusta/OneDrive/Documents/universidad/4to/1r/SEP/Proyectos/pr2/SEPmonG3/SEPmon_SW/Debug/SEPmon_SW.elf
configparams force-mem-access 0
----------------End of Script----------------

18:35:38 INFO  : Context for processor 'ps7_cortexa9_0' is selected.
18:35:38 INFO  : 'con' command is executed.
18:35:38 INFO  : ----------------XSDB Script (After Launch)----------------
targets -set -nocase -filter {name =~ "*A9*#0"}
con
----------------End of Script----------------

18:35:38 INFO  : Launch script is exported to file 'C:\Users\gusta\OneDrive\Documents\universidad\4to\1r\SEP\Proyectos\pr2\SEPmonG3\.sdk\launch_scripts\single_application_debug\debugger_sepmon_sw-default.tcl'
18:37:56 INFO  : Checking for BSP changes to sync application flags for project 'SEPmon_SW'...
18:45:29 INFO  : Checking for BSP changes to sync application flags for project 'SEPmon_SW'...
19:05:07 INFO  : Checking for BSP changes to sync application flags for project 'SEPmon_SW'...
19:06:25 INFO  : Checking for BSP changes to sync application flags for project 'SEPmon_SW'...
19:06:32 INFO  : Disconnected from the channel tcfchan#11.
19:06:33 INFO  : Connected to target on host '127.0.0.1' and port '3121'.
19:06:33 INFO  : Jtag cable 'Digilent Zybo Z7 210351B3FC88A' is selected.
19:06:33 INFO  : 'jtag frequency' command is executed.
19:06:33 INFO  : Context for 'APU' is selected.
19:06:33 INFO  : System reset is completed.
19:06:36 INFO  : 'after 3000' command is executed.
19:06:36 INFO  : 'targets -set -filter {jtag_cable_name =~ "Digilent Zybo Z7 210351B3FC88A" && level==0 && jtag_device_ctx=="jsn-Zybo Z7-210351B3FC88A-13722093-0"}' command is executed.
19:06:37 INFO  : FPGA configured successfully with bitstream "C:/Users/gusta/OneDrive/Documents/universidad/4to/1r/SEP/Proyectos/pr2/SEPmonG3/SEPmon_SW/_ide/bitstream/SEPmon.bit"
19:06:37 INFO  : Context for 'APU' is selected.
19:06:37 INFO  : Hardware design and registers information is loaded from 'C:/Users/gusta/OneDrive/Documents/universidad/4to/1r/SEP/Proyectos/pr2/SEPmonG3/SEPmonG3/export/SEPmonG3/hw/SEPmon.xsa'.
19:06:37 INFO  : 'configparams force-mem-access 1' command is executed.
19:06:37 INFO  : Context for 'APU' is selected.
19:06:37 INFO  : Sourcing of 'C:/Users/gusta/OneDrive/Documents/universidad/4to/1r/SEP/Proyectos/pr2/SEPmonG3/SEPmon_SW/_ide/psinit/ps7_init.tcl' is done.
19:06:38 INFO  : 'ps7_init' command is executed.
19:06:38 INFO  : 'ps7_post_config' command is executed.
19:06:38 INFO  : Context for processor 'ps7_cortexa9_0' is selected.
19:06:38 INFO  : The application 'C:/Users/gusta/OneDrive/Documents/universidad/4to/1r/SEP/Proyectos/pr2/SEPmonG3/SEPmon_SW/Debug/SEPmon_SW.elf' is downloaded to processor 'ps7_cortexa9_0'.
19:06:39 INFO  : 'configparams force-mem-access 0' command is executed.
19:06:39 INFO  : ----------------XSDB Script----------------
connect -url tcp:127.0.0.1:3121
targets -set -nocase -filter {name =~"APU*"}
rst -system
after 3000
targets -set -filter {jtag_cable_name =~ "Digilent Zybo Z7 210351B3FC88A" && level==0 && jtag_device_ctx=="jsn-Zybo Z7-210351B3FC88A-13722093-0"}
fpga -file C:/Users/gusta/OneDrive/Documents/universidad/4to/1r/SEP/Proyectos/pr2/SEPmonG3/SEPmon_SW/_ide/bitstream/SEPmon.bit
targets -set -nocase -filter {name =~"APU*"}
loadhw -hw C:/Users/gusta/OneDrive/Documents/universidad/4to/1r/SEP/Proyectos/pr2/SEPmonG3/SEPmonG3/export/SEPmonG3/hw/SEPmon.xsa -mem-ranges [list {0x40000000 0xbfffffff}] -regs
configparams force-mem-access 1
targets -set -nocase -filter {name =~"APU*"}
source C:/Users/gusta/OneDrive/Documents/universidad/4to/1r/SEP/Proyectos/pr2/SEPmonG3/SEPmon_SW/_ide/psinit/ps7_init.tcl
ps7_init
ps7_post_config
targets -set -nocase -filter {name =~ "*A9*#0"}
dow C:/Users/gusta/OneDrive/Documents/universidad/4to/1r/SEP/Proyectos/pr2/SEPmonG3/SEPmon_SW/Debug/SEPmon_SW.elf
configparams force-mem-access 0
----------------End of Script----------------

19:06:39 INFO  : Context for processor 'ps7_cortexa9_0' is selected.
19:06:39 INFO  : 'con' command is executed.
19:06:39 INFO  : ----------------XSDB Script (After Launch)----------------
targets -set -nocase -filter {name =~ "*A9*#0"}
con
----------------End of Script----------------

19:06:39 INFO  : Launch script is exported to file 'C:\Users\gusta\OneDrive\Documents\universidad\4to\1r\SEP\Proyectos\pr2\SEPmonG3\.sdk\launch_scripts\single_application_debug\debugger_sepmon_sw-default.tcl'
19:08:27 INFO  : Checking for BSP changes to sync application flags for project 'SEPmon_SW'...
19:09:04 INFO  : Disconnected from the channel tcfchan#12.
19:09:05 INFO  : Connected to target on host '127.0.0.1' and port '3121'.
19:09:05 INFO  : Jtag cable 'Digilent Zybo Z7 210351B3FC88A' is selected.
19:09:05 INFO  : 'jtag frequency' command is executed.
19:09:05 INFO  : Context for 'APU' is selected.
19:09:05 INFO  : System reset is completed.
19:09:08 INFO  : 'after 3000' command is executed.
19:09:08 INFO  : 'targets -set -filter {jtag_cable_name =~ "Digilent Zybo Z7 210351B3FC88A" && level==0 && jtag_device_ctx=="jsn-Zybo Z7-210351B3FC88A-13722093-0"}' command is executed.
19:09:09 INFO  : FPGA configured successfully with bitstream "C:/Users/gusta/OneDrive/Documents/universidad/4to/1r/SEP/Proyectos/pr2/SEPmonG3/SEPmon_SW/_ide/bitstream/SEPmon.bit"
19:09:09 INFO  : Context for 'APU' is selected.
19:09:09 INFO  : Hardware design and registers information is loaded from 'C:/Users/gusta/OneDrive/Documents/universidad/4to/1r/SEP/Proyectos/pr2/SEPmonG3/SEPmonG3/export/SEPmonG3/hw/SEPmon.xsa'.
19:09:09 INFO  : 'configparams force-mem-access 1' command is executed.
19:09:09 INFO  : Context for 'APU' is selected.
19:09:09 INFO  : Sourcing of 'C:/Users/gusta/OneDrive/Documents/universidad/4to/1r/SEP/Proyectos/pr2/SEPmonG3/SEPmon_SW/_ide/psinit/ps7_init.tcl' is done.
19:09:10 INFO  : 'ps7_init' command is executed.
19:09:10 INFO  : 'ps7_post_config' command is executed.
19:09:10 INFO  : Context for processor 'ps7_cortexa9_0' is selected.
19:09:11 INFO  : The application 'C:/Users/gusta/OneDrive/Documents/universidad/4to/1r/SEP/Proyectos/pr2/SEPmonG3/SEPmon_SW/Debug/SEPmon_SW.elf' is downloaded to processor 'ps7_cortexa9_0'.
19:09:11 INFO  : 'configparams force-mem-access 0' command is executed.
19:09:11 INFO  : ----------------XSDB Script----------------
connect -url tcp:127.0.0.1:3121
targets -set -nocase -filter {name =~"APU*"}
rst -system
after 3000
targets -set -filter {jtag_cable_name =~ "Digilent Zybo Z7 210351B3FC88A" && level==0 && jtag_device_ctx=="jsn-Zybo Z7-210351B3FC88A-13722093-0"}
fpga -file C:/Users/gusta/OneDrive/Documents/universidad/4to/1r/SEP/Proyectos/pr2/SEPmonG3/SEPmon_SW/_ide/bitstream/SEPmon.bit
targets -set -nocase -filter {name =~"APU*"}
loadhw -hw C:/Users/gusta/OneDrive/Documents/universidad/4to/1r/SEP/Proyectos/pr2/SEPmonG3/SEPmonG3/export/SEPmonG3/hw/SEPmon.xsa -mem-ranges [list {0x40000000 0xbfffffff}] -regs
configparams force-mem-access 1
targets -set -nocase -filter {name =~"APU*"}
source C:/Users/gusta/OneDrive/Documents/universidad/4to/1r/SEP/Proyectos/pr2/SEPmonG3/SEPmon_SW/_ide/psinit/ps7_init.tcl
ps7_init
ps7_post_config
targets -set -nocase -filter {name =~ "*A9*#0"}
dow C:/Users/gusta/OneDrive/Documents/universidad/4to/1r/SEP/Proyectos/pr2/SEPmonG3/SEPmon_SW/Debug/SEPmon_SW.elf
configparams force-mem-access 0
----------------End of Script----------------

19:09:11 INFO  : Context for processor 'ps7_cortexa9_0' is selected.
19:09:11 INFO  : 'con' command is executed.
19:09:11 INFO  : ----------------XSDB Script (After Launch)----------------
targets -set -nocase -filter {name =~ "*A9*#0"}
con
----------------End of Script----------------

19:09:11 INFO  : Launch script is exported to file 'C:\Users\gusta\OneDrive\Documents\universidad\4to\1r\SEP\Proyectos\pr2\SEPmonG3\.sdk\launch_scripts\single_application_debug\debugger_sepmon_sw-default.tcl'
19:10:25 INFO  : Checking for BSP changes to sync application flags for project 'SEPmon_SW'...
19:10:30 INFO  : Disconnected from the channel tcfchan#13.
19:10:31 INFO  : Connected to target on host '127.0.0.1' and port '3121'.
19:10:31 INFO  : Jtag cable 'Digilent Zybo Z7 210351B3FC88A' is selected.
19:10:31 INFO  : 'jtag frequency' command is executed.
19:10:31 INFO  : Context for 'APU' is selected.
19:10:31 INFO  : System reset is completed.
19:10:34 INFO  : 'after 3000' command is executed.
19:10:34 INFO  : 'targets -set -filter {jtag_cable_name =~ "Digilent Zybo Z7 210351B3FC88A" && level==0 && jtag_device_ctx=="jsn-Zybo Z7-210351B3FC88A-13722093-0"}' command is executed.
19:10:36 INFO  : FPGA configured successfully with bitstream "C:/Users/gusta/OneDrive/Documents/universidad/4to/1r/SEP/Proyectos/pr2/SEPmonG3/SEPmon_SW/_ide/bitstream/SEPmon.bit"
19:10:36 INFO  : Context for 'APU' is selected.
19:10:36 INFO  : Hardware design and registers information is loaded from 'C:/Users/gusta/OneDrive/Documents/universidad/4to/1r/SEP/Proyectos/pr2/SEPmonG3/SEPmonG3/export/SEPmonG3/hw/SEPmon.xsa'.
19:10:36 INFO  : 'configparams force-mem-access 1' command is executed.
19:10:36 INFO  : Context for 'APU' is selected.
19:10:36 INFO  : Sourcing of 'C:/Users/gusta/OneDrive/Documents/universidad/4to/1r/SEP/Proyectos/pr2/SEPmonG3/SEPmon_SW/_ide/psinit/ps7_init.tcl' is done.
19:10:36 INFO  : 'ps7_init' command is executed.
19:10:36 INFO  : 'ps7_post_config' command is executed.
19:10:36 INFO  : Context for processor 'ps7_cortexa9_0' is selected.
19:10:37 INFO  : The application 'C:/Users/gusta/OneDrive/Documents/universidad/4to/1r/SEP/Proyectos/pr2/SEPmonG3/SEPmon_SW/Debug/SEPmon_SW.elf' is downloaded to processor 'ps7_cortexa9_0'.
19:10:37 INFO  : 'configparams force-mem-access 0' command is executed.
19:10:37 INFO  : ----------------XSDB Script----------------
connect -url tcp:127.0.0.1:3121
targets -set -nocase -filter {name =~"APU*"}
rst -system
after 3000
targets -set -filter {jtag_cable_name =~ "Digilent Zybo Z7 210351B3FC88A" && level==0 && jtag_device_ctx=="jsn-Zybo Z7-210351B3FC88A-13722093-0"}
fpga -file C:/Users/gusta/OneDrive/Documents/universidad/4to/1r/SEP/Proyectos/pr2/SEPmonG3/SEPmon_SW/_ide/bitstream/SEPmon.bit
targets -set -nocase -filter {name =~"APU*"}
loadhw -hw C:/Users/gusta/OneDrive/Documents/universidad/4to/1r/SEP/Proyectos/pr2/SEPmonG3/SEPmonG3/export/SEPmonG3/hw/SEPmon.xsa -mem-ranges [list {0x40000000 0xbfffffff}] -regs
configparams force-mem-access 1
targets -set -nocase -filter {name =~"APU*"}
source C:/Users/gusta/OneDrive/Documents/universidad/4to/1r/SEP/Proyectos/pr2/SEPmonG3/SEPmon_SW/_ide/psinit/ps7_init.tcl
ps7_init
ps7_post_config
targets -set -nocase -filter {name =~ "*A9*#0"}
dow C:/Users/gusta/OneDrive/Documents/universidad/4to/1r/SEP/Proyectos/pr2/SEPmonG3/SEPmon_SW/Debug/SEPmon_SW.elf
configparams force-mem-access 0
----------------End of Script----------------

19:10:37 INFO  : Context for processor 'ps7_cortexa9_0' is selected.
19:10:37 INFO  : 'con' command is executed.
19:10:37 INFO  : ----------------XSDB Script (After Launch)----------------
targets -set -nocase -filter {name =~ "*A9*#0"}
con
----------------End of Script----------------

19:10:37 INFO  : Launch script is exported to file 'C:\Users\gusta\OneDrive\Documents\universidad\4to\1r\SEP\Proyectos\pr2\SEPmonG3\.sdk\launch_scripts\single_application_debug\debugger_sepmon_sw-default.tcl'
19:28:50 INFO  : Checking for BSP changes to sync application flags for project 'SEPmon_SW'...
19:29:13 INFO  : Checking for BSP changes to sync application flags for project 'SEPmon_SW'...
19:29:41 INFO  : Disconnected from the channel tcfchan#14.
19:29:42 INFO  : Connected to target on host '127.0.0.1' and port '3121'.
19:29:49 INFO  : Jtag cable 'Digilent Zybo Z7 210351B3FC88A' is selected.
19:29:49 INFO  : 'jtag frequency' command is executed.
19:29:49 INFO  : Context for 'APU' is selected.
19:29:49 INFO  : System reset is completed.
19:29:52 INFO  : 'after 3000' command is executed.
19:29:52 INFO  : 'targets -set -filter {jtag_cable_name =~ "Digilent Zybo Z7 210351B3FC88A" && level==0 && jtag_device_ctx=="jsn-Zybo Z7-210351B3FC88A-13722093-0"}' command is executed.
19:29:53 INFO  : FPGA configured successfully with bitstream "C:/Users/gusta/OneDrive/Documents/universidad/4to/1r/SEP/Proyectos/pr2/SEPmonG3/SEPmon_SW/_ide/bitstream/SEPmon.bit"
19:29:53 INFO  : Context for 'APU' is selected.
19:29:53 INFO  : Hardware design and registers information is loaded from 'C:/Users/gusta/OneDrive/Documents/universidad/4to/1r/SEP/Proyectos/pr2/SEPmonG3/SEPmonG3/export/SEPmonG3/hw/SEPmon.xsa'.
19:29:53 INFO  : 'configparams force-mem-access 1' command is executed.
19:29:53 INFO  : Context for 'APU' is selected.
19:29:53 INFO  : Sourcing of 'C:/Users/gusta/OneDrive/Documents/universidad/4to/1r/SEP/Proyectos/pr2/SEPmonG3/SEPmon_SW/_ide/psinit/ps7_init.tcl' is done.
19:29:54 INFO  : 'ps7_init' command is executed.
19:29:54 INFO  : 'ps7_post_config' command is executed.
19:29:54 INFO  : Context for processor 'ps7_cortexa9_0' is selected.
19:29:56 INFO  : The application 'C:/Users/gusta/OneDrive/Documents/universidad/4to/1r/SEP/Proyectos/pr2/SEPmonG3/SEPmon_SW/Debug/SEPmon_SW.elf' is downloaded to processor 'ps7_cortexa9_0'.
19:29:56 INFO  : 'configparams force-mem-access 0' command is executed.
19:29:56 INFO  : ----------------XSDB Script----------------
connect -url tcp:127.0.0.1:3121
targets -set -nocase -filter {name =~"APU*"}
rst -system
after 3000
targets -set -filter {jtag_cable_name =~ "Digilent Zybo Z7 210351B3FC88A" && level==0 && jtag_device_ctx=="jsn-Zybo Z7-210351B3FC88A-13722093-0"}
fpga -file C:/Users/gusta/OneDrive/Documents/universidad/4to/1r/SEP/Proyectos/pr2/SEPmonG3/SEPmon_SW/_ide/bitstream/SEPmon.bit
targets -set -nocase -filter {name =~"APU*"}
loadhw -hw C:/Users/gusta/OneDrive/Documents/universidad/4to/1r/SEP/Proyectos/pr2/SEPmonG3/SEPmonG3/export/SEPmonG3/hw/SEPmon.xsa -mem-ranges [list {0x40000000 0xbfffffff}] -regs
configparams force-mem-access 1
targets -set -nocase -filter {name =~"APU*"}
source C:/Users/gusta/OneDrive/Documents/universidad/4to/1r/SEP/Proyectos/pr2/SEPmonG3/SEPmon_SW/_ide/psinit/ps7_init.tcl
ps7_init
ps7_post_config
targets -set -nocase -filter {name =~ "*A9*#0"}
dow C:/Users/gusta/OneDrive/Documents/universidad/4to/1r/SEP/Proyectos/pr2/SEPmonG3/SEPmon_SW/Debug/SEPmon_SW.elf
configparams force-mem-access 0
----------------End of Script----------------

19:29:56 INFO  : Context for processor 'ps7_cortexa9_0' is selected.
19:29:56 INFO  : 'con' command is executed.
19:29:56 INFO  : ----------------XSDB Script (After Launch)----------------
targets -set -nocase -filter {name =~ "*A9*#0"}
con
----------------End of Script----------------

19:29:56 INFO  : Launch script is exported to file 'C:\Users\gusta\OneDrive\Documents\universidad\4to\1r\SEP\Proyectos\pr2\SEPmonG3\.sdk\launch_scripts\single_application_debug\debugger_sepmon_sw-default.tcl'
19:31:02 INFO  : Disconnected from the channel tcfchan#15.
19:31:03 INFO  : Connected to target on host '127.0.0.1' and port '3121'.
19:31:04 INFO  : Jtag cable 'Digilent Zybo Z7 210351B3FC88A' is selected.
19:31:04 INFO  : 'jtag frequency' command is executed.
19:31:04 INFO  : Context for 'APU' is selected.
19:31:04 INFO  : System reset is completed.
19:31:07 INFO  : 'after 3000' command is executed.
19:31:07 INFO  : 'targets -set -filter {jtag_cable_name =~ "Digilent Zybo Z7 210351B3FC88A" && level==0 && jtag_device_ctx=="jsn-Zybo Z7-210351B3FC88A-13722093-0"}' command is executed.
19:31:08 INFO  : FPGA configured successfully with bitstream "C:/Users/gusta/OneDrive/Documents/universidad/4to/1r/SEP/Proyectos/pr2/SEPmonG3/SEPmon_SW/_ide/bitstream/SEPmon.bit"
19:31:08 INFO  : Context for 'APU' is selected.
19:31:08 INFO  : Hardware design and registers information is loaded from 'C:/Users/gusta/OneDrive/Documents/universidad/4to/1r/SEP/Proyectos/pr2/SEPmonG3/SEPmonG3/export/SEPmonG3/hw/SEPmon.xsa'.
19:31:08 INFO  : 'configparams force-mem-access 1' command is executed.
19:31:08 INFO  : Context for 'APU' is selected.
19:31:08 INFO  : Sourcing of 'C:/Users/gusta/OneDrive/Documents/universidad/4to/1r/SEP/Proyectos/pr2/SEPmonG3/SEPmon_SW/_ide/psinit/ps7_init.tcl' is done.
19:31:08 INFO  : 'ps7_init' command is executed.
19:31:08 INFO  : 'ps7_post_config' command is executed.
19:31:09 INFO  : Context for processor 'ps7_cortexa9_0' is selected.
19:31:10 INFO  : The application 'C:/Users/gusta/OneDrive/Documents/universidad/4to/1r/SEP/Proyectos/pr2/SEPmonG3/SEPmon_SW/Debug/SEPmon_SW.elf' is downloaded to processor 'ps7_cortexa9_0'.
19:31:10 INFO  : 'configparams force-mem-access 0' command is executed.
19:31:10 INFO  : ----------------XSDB Script----------------
connect -url tcp:127.0.0.1:3121
targets -set -nocase -filter {name =~"APU*"}
rst -system
after 3000
targets -set -filter {jtag_cable_name =~ "Digilent Zybo Z7 210351B3FC88A" && level==0 && jtag_device_ctx=="jsn-Zybo Z7-210351B3FC88A-13722093-0"}
fpga -file C:/Users/gusta/OneDrive/Documents/universidad/4to/1r/SEP/Proyectos/pr2/SEPmonG3/SEPmon_SW/_ide/bitstream/SEPmon.bit
targets -set -nocase -filter {name =~"APU*"}
loadhw -hw C:/Users/gusta/OneDrive/Documents/universidad/4to/1r/SEP/Proyectos/pr2/SEPmonG3/SEPmonG3/export/SEPmonG3/hw/SEPmon.xsa -mem-ranges [list {0x40000000 0xbfffffff}] -regs
configparams force-mem-access 1
targets -set -nocase -filter {name =~"APU*"}
source C:/Users/gusta/OneDrive/Documents/universidad/4to/1r/SEP/Proyectos/pr2/SEPmonG3/SEPmon_SW/_ide/psinit/ps7_init.tcl
ps7_init
ps7_post_config
targets -set -nocase -filter {name =~ "*A9*#0"}
dow C:/Users/gusta/OneDrive/Documents/universidad/4to/1r/SEP/Proyectos/pr2/SEPmonG3/SEPmon_SW/Debug/SEPmon_SW.elf
configparams force-mem-access 0
----------------End of Script----------------

19:31:10 INFO  : Context for processor 'ps7_cortexa9_0' is selected.
19:31:10 INFO  : 'con' command is executed.
19:31:10 INFO  : ----------------XSDB Script (After Launch)----------------
targets -set -nocase -filter {name =~ "*A9*#0"}
con
----------------End of Script----------------

19:31:10 INFO  : Launch script is exported to file 'C:\Users\gusta\OneDrive\Documents\universidad\4to\1r\SEP\Proyectos\pr2\SEPmonG3\.sdk\launch_scripts\single_application_debug\debugger_sepmon_sw-default.tcl'
19:33:49 INFO  : Checking for BSP changes to sync application flags for project 'SEPmon_SW'...
19:34:10 INFO  : Disconnected from the channel tcfchan#16.
19:34:11 INFO  : Connected to target on host '127.0.0.1' and port '3121'.
19:34:11 INFO  : Jtag cable 'Digilent Zybo Z7 210351B3FC88A' is selected.
19:34:11 INFO  : 'jtag frequency' command is executed.
19:34:12 INFO  : Context for 'APU' is selected.
19:34:12 INFO  : System reset is completed.
19:34:15 INFO  : 'after 3000' command is executed.
19:34:15 INFO  : 'targets -set -filter {jtag_cable_name =~ "Digilent Zybo Z7 210351B3FC88A" && level==0 && jtag_device_ctx=="jsn-Zybo Z7-210351B3FC88A-13722093-0"}' command is executed.
19:34:16 INFO  : FPGA configured successfully with bitstream "C:/Users/gusta/OneDrive/Documents/universidad/4to/1r/SEP/Proyectos/pr2/SEPmonG3/SEPmon_SW/_ide/bitstream/SEPmon.bit"
19:34:16 INFO  : Context for 'APU' is selected.
19:34:16 INFO  : Hardware design and registers information is loaded from 'C:/Users/gusta/OneDrive/Documents/universidad/4to/1r/SEP/Proyectos/pr2/SEPmonG3/SEPmonG3/export/SEPmonG3/hw/SEPmon.xsa'.
19:34:16 INFO  : 'configparams force-mem-access 1' command is executed.
19:34:16 INFO  : Context for 'APU' is selected.
19:34:16 INFO  : Sourcing of 'C:/Users/gusta/OneDrive/Documents/universidad/4to/1r/SEP/Proyectos/pr2/SEPmonG3/SEPmon_SW/_ide/psinit/ps7_init.tcl' is done.
19:34:16 INFO  : 'ps7_init' command is executed.
19:34:16 INFO  : 'ps7_post_config' command is executed.
19:34:16 INFO  : Context for processor 'ps7_cortexa9_0' is selected.
19:34:18 INFO  : The application 'C:/Users/gusta/OneDrive/Documents/universidad/4to/1r/SEP/Proyectos/pr2/SEPmonG3/SEPmon_SW/Debug/SEPmon_SW.elf' is downloaded to processor 'ps7_cortexa9_0'.
19:34:18 INFO  : 'configparams force-mem-access 0' command is executed.
19:34:18 INFO  : ----------------XSDB Script----------------
connect -url tcp:127.0.0.1:3121
targets -set -nocase -filter {name =~"APU*"}
rst -system
after 3000
targets -set -filter {jtag_cable_name =~ "Digilent Zybo Z7 210351B3FC88A" && level==0 && jtag_device_ctx=="jsn-Zybo Z7-210351B3FC88A-13722093-0"}
fpga -file C:/Users/gusta/OneDrive/Documents/universidad/4to/1r/SEP/Proyectos/pr2/SEPmonG3/SEPmon_SW/_ide/bitstream/SEPmon.bit
targets -set -nocase -filter {name =~"APU*"}
loadhw -hw C:/Users/gusta/OneDrive/Documents/universidad/4to/1r/SEP/Proyectos/pr2/SEPmonG3/SEPmonG3/export/SEPmonG3/hw/SEPmon.xsa -mem-ranges [list {0x40000000 0xbfffffff}] -regs
configparams force-mem-access 1
targets -set -nocase -filter {name =~"APU*"}
source C:/Users/gusta/OneDrive/Documents/universidad/4to/1r/SEP/Proyectos/pr2/SEPmonG3/SEPmon_SW/_ide/psinit/ps7_init.tcl
ps7_init
ps7_post_config
targets -set -nocase -filter {name =~ "*A9*#0"}
dow C:/Users/gusta/OneDrive/Documents/universidad/4to/1r/SEP/Proyectos/pr2/SEPmonG3/SEPmon_SW/Debug/SEPmon_SW.elf
configparams force-mem-access 0
----------------End of Script----------------

19:34:18 INFO  : Context for processor 'ps7_cortexa9_0' is selected.
19:34:18 INFO  : 'con' command is executed.
19:34:18 INFO  : ----------------XSDB Script (After Launch)----------------
targets -set -nocase -filter {name =~ "*A9*#0"}
con
----------------End of Script----------------

19:34:18 INFO  : Launch script is exported to file 'C:\Users\gusta\OneDrive\Documents\universidad\4to\1r\SEP\Proyectos\pr2\SEPmonG3\.sdk\launch_scripts\single_application_debug\debugger_sepmon_sw-default.tcl'
19:36:42 INFO  : Checking for BSP changes to sync application flags for project 'SEPmon_SW'...
19:36:49 INFO  : Disconnected from the channel tcfchan#17.
19:36:50 INFO  : Connected to target on host '127.0.0.1' and port '3121'.
19:36:50 INFO  : Jtag cable 'Digilent Zybo Z7 210351B3FC88A' is selected.
19:36:50 INFO  : 'jtag frequency' command is executed.
19:36:50 INFO  : Context for 'APU' is selected.
19:36:50 INFO  : System reset is completed.
19:36:53 INFO  : 'after 3000' command is executed.
19:36:53 INFO  : 'targets -set -filter {jtag_cable_name =~ "Digilent Zybo Z7 210351B3FC88A" && level==0 && jtag_device_ctx=="jsn-Zybo Z7-210351B3FC88A-13722093-0"}' command is executed.
19:36:54 INFO  : FPGA configured successfully with bitstream "C:/Users/gusta/OneDrive/Documents/universidad/4to/1r/SEP/Proyectos/pr2/SEPmonG3/SEPmon_SW/_ide/bitstream/SEPmon.bit"
19:36:54 INFO  : Context for 'APU' is selected.
19:36:54 INFO  : Hardware design and registers information is loaded from 'C:/Users/gusta/OneDrive/Documents/universidad/4to/1r/SEP/Proyectos/pr2/SEPmonG3/SEPmonG3/export/SEPmonG3/hw/SEPmon.xsa'.
19:36:54 INFO  : 'configparams force-mem-access 1' command is executed.
19:36:54 INFO  : Context for 'APU' is selected.
19:36:54 INFO  : Sourcing of 'C:/Users/gusta/OneDrive/Documents/universidad/4to/1r/SEP/Proyectos/pr2/SEPmonG3/SEPmon_SW/_ide/psinit/ps7_init.tcl' is done.
19:36:55 INFO  : 'ps7_init' command is executed.
19:36:55 INFO  : 'ps7_post_config' command is executed.
19:36:55 INFO  : Context for processor 'ps7_cortexa9_0' is selected.
19:36:56 INFO  : The application 'C:/Users/gusta/OneDrive/Documents/universidad/4to/1r/SEP/Proyectos/pr2/SEPmonG3/SEPmon_SW/Debug/SEPmon_SW.elf' is downloaded to processor 'ps7_cortexa9_0'.
19:36:56 INFO  : 'configparams force-mem-access 0' command is executed.
19:36:56 INFO  : ----------------XSDB Script----------------
connect -url tcp:127.0.0.1:3121
targets -set -nocase -filter {name =~"APU*"}
rst -system
after 3000
targets -set -filter {jtag_cable_name =~ "Digilent Zybo Z7 210351B3FC88A" && level==0 && jtag_device_ctx=="jsn-Zybo Z7-210351B3FC88A-13722093-0"}
fpga -file C:/Users/gusta/OneDrive/Documents/universidad/4to/1r/SEP/Proyectos/pr2/SEPmonG3/SEPmon_SW/_ide/bitstream/SEPmon.bit
targets -set -nocase -filter {name =~"APU*"}
loadhw -hw C:/Users/gusta/OneDrive/Documents/universidad/4to/1r/SEP/Proyectos/pr2/SEPmonG3/SEPmonG3/export/SEPmonG3/hw/SEPmon.xsa -mem-ranges [list {0x40000000 0xbfffffff}] -regs
configparams force-mem-access 1
targets -set -nocase -filter {name =~"APU*"}
source C:/Users/gusta/OneDrive/Documents/universidad/4to/1r/SEP/Proyectos/pr2/SEPmonG3/SEPmon_SW/_ide/psinit/ps7_init.tcl
ps7_init
ps7_post_config
targets -set -nocase -filter {name =~ "*A9*#0"}
dow C:/Users/gusta/OneDrive/Documents/universidad/4to/1r/SEP/Proyectos/pr2/SEPmonG3/SEPmon_SW/Debug/SEPmon_SW.elf
configparams force-mem-access 0
----------------End of Script----------------

19:36:56 INFO  : Context for processor 'ps7_cortexa9_0' is selected.
19:36:56 INFO  : 'con' command is executed.
19:36:56 INFO  : ----------------XSDB Script (After Launch)----------------
targets -set -nocase -filter {name =~ "*A9*#0"}
con
----------------End of Script----------------

19:36:56 INFO  : Launch script is exported to file 'C:\Users\gusta\OneDrive\Documents\universidad\4to\1r\SEP\Proyectos\pr2\SEPmonG3\.sdk\launch_scripts\single_application_debug\debugger_sepmon_sw-default.tcl'
19:39:42 INFO  : Checking for BSP changes to sync application flags for project 'SEPmon_SW'...
19:39:54 INFO  : Disconnected from the channel tcfchan#18.
19:39:55 INFO  : Connected to target on host '127.0.0.1' and port '3121'.
19:39:55 INFO  : Jtag cable 'Digilent Zybo Z7 210351B3FC88A' is selected.
19:39:55 INFO  : 'jtag frequency' command is executed.
19:39:55 INFO  : Context for 'APU' is selected.
19:39:55 INFO  : System reset is completed.
19:39:58 INFO  : 'after 3000' command is executed.
19:39:58 INFO  : 'targets -set -filter {jtag_cable_name =~ "Digilent Zybo Z7 210351B3FC88A" && level==0 && jtag_device_ctx=="jsn-Zybo Z7-210351B3FC88A-13722093-0"}' command is executed.
19:40:00 INFO  : FPGA configured successfully with bitstream "C:/Users/gusta/OneDrive/Documents/universidad/4to/1r/SEP/Proyectos/pr2/SEPmonG3/SEPmon_SW/_ide/bitstream/SEPmon.bit"
19:40:00 INFO  : Context for 'APU' is selected.
19:40:00 INFO  : Hardware design and registers information is loaded from 'C:/Users/gusta/OneDrive/Documents/universidad/4to/1r/SEP/Proyectos/pr2/SEPmonG3/SEPmonG3/export/SEPmonG3/hw/SEPmon.xsa'.
19:40:00 INFO  : 'configparams force-mem-access 1' command is executed.
19:40:00 INFO  : Context for 'APU' is selected.
19:40:00 INFO  : Sourcing of 'C:/Users/gusta/OneDrive/Documents/universidad/4to/1r/SEP/Proyectos/pr2/SEPmonG3/SEPmon_SW/_ide/psinit/ps7_init.tcl' is done.
19:40:00 INFO  : 'ps7_init' command is executed.
19:40:00 INFO  : 'ps7_post_config' command is executed.
19:40:00 INFO  : Context for processor 'ps7_cortexa9_0' is selected.
19:40:02 INFO  : The application 'C:/Users/gusta/OneDrive/Documents/universidad/4to/1r/SEP/Proyectos/pr2/SEPmonG3/SEPmon_SW/Debug/SEPmon_SW.elf' is downloaded to processor 'ps7_cortexa9_0'.
19:40:02 INFO  : 'configparams force-mem-access 0' command is executed.
19:40:02 INFO  : ----------------XSDB Script----------------
connect -url tcp:127.0.0.1:3121
targets -set -nocase -filter {name =~"APU*"}
rst -system
after 3000
targets -set -filter {jtag_cable_name =~ "Digilent Zybo Z7 210351B3FC88A" && level==0 && jtag_device_ctx=="jsn-Zybo Z7-210351B3FC88A-13722093-0"}
fpga -file C:/Users/gusta/OneDrive/Documents/universidad/4to/1r/SEP/Proyectos/pr2/SEPmonG3/SEPmon_SW/_ide/bitstream/SEPmon.bit
targets -set -nocase -filter {name =~"APU*"}
loadhw -hw C:/Users/gusta/OneDrive/Documents/universidad/4to/1r/SEP/Proyectos/pr2/SEPmonG3/SEPmonG3/export/SEPmonG3/hw/SEPmon.xsa -mem-ranges [list {0x40000000 0xbfffffff}] -regs
configparams force-mem-access 1
targets -set -nocase -filter {name =~"APU*"}
source C:/Users/gusta/OneDrive/Documents/universidad/4to/1r/SEP/Proyectos/pr2/SEPmonG3/SEPmon_SW/_ide/psinit/ps7_init.tcl
ps7_init
ps7_post_config
targets -set -nocase -filter {name =~ "*A9*#0"}
dow C:/Users/gusta/OneDrive/Documents/universidad/4to/1r/SEP/Proyectos/pr2/SEPmonG3/SEPmon_SW/Debug/SEPmon_SW.elf
configparams force-mem-access 0
----------------End of Script----------------

19:40:02 INFO  : Context for processor 'ps7_cortexa9_0' is selected.
19:40:02 INFO  : 'con' command is executed.
19:40:02 INFO  : ----------------XSDB Script (After Launch)----------------
targets -set -nocase -filter {name =~ "*A9*#0"}
con
----------------End of Script----------------

19:40:02 INFO  : Launch script is exported to file 'C:\Users\gusta\OneDrive\Documents\universidad\4to\1r\SEP\Proyectos\pr2\SEPmonG3\.sdk\launch_scripts\single_application_debug\debugger_sepmon_sw-default.tcl'
19:41:21 INFO  : Checking for BSP changes to sync application flags for project 'SEPmon_SW'...
19:41:27 INFO  : Disconnected from the channel tcfchan#19.
19:41:28 INFO  : Connected to target on host '127.0.0.1' and port '3121'.
19:41:28 INFO  : Jtag cable 'Digilent Zybo Z7 210351B3FC88A' is selected.
19:41:28 INFO  : 'jtag frequency' command is executed.
19:41:28 INFO  : Context for 'APU' is selected.
19:41:28 INFO  : System reset is completed.
19:41:31 INFO  : 'after 3000' command is executed.
19:41:31 INFO  : 'targets -set -filter {jtag_cable_name =~ "Digilent Zybo Z7 210351B3FC88A" && level==0 && jtag_device_ctx=="jsn-Zybo Z7-210351B3FC88A-13722093-0"}' command is executed.
19:41:33 INFO  : FPGA configured successfully with bitstream "C:/Users/gusta/OneDrive/Documents/universidad/4to/1r/SEP/Proyectos/pr2/SEPmonG3/SEPmon_SW/_ide/bitstream/SEPmon.bit"
19:41:33 INFO  : Context for 'APU' is selected.
19:41:33 INFO  : Hardware design and registers information is loaded from 'C:/Users/gusta/OneDrive/Documents/universidad/4to/1r/SEP/Proyectos/pr2/SEPmonG3/SEPmonG3/export/SEPmonG3/hw/SEPmon.xsa'.
19:41:33 INFO  : 'configparams force-mem-access 1' command is executed.
19:41:33 INFO  : Context for 'APU' is selected.
19:41:33 INFO  : Sourcing of 'C:/Users/gusta/OneDrive/Documents/universidad/4to/1r/SEP/Proyectos/pr2/SEPmonG3/SEPmon_SW/_ide/psinit/ps7_init.tcl' is done.
19:41:33 INFO  : 'ps7_init' command is executed.
19:41:33 INFO  : 'ps7_post_config' command is executed.
19:41:33 INFO  : Context for processor 'ps7_cortexa9_0' is selected.
19:41:35 INFO  : The application 'C:/Users/gusta/OneDrive/Documents/universidad/4to/1r/SEP/Proyectos/pr2/SEPmonG3/SEPmon_SW/Debug/SEPmon_SW.elf' is downloaded to processor 'ps7_cortexa9_0'.
19:41:35 INFO  : 'configparams force-mem-access 0' command is executed.
19:41:35 INFO  : ----------------XSDB Script----------------
connect -url tcp:127.0.0.1:3121
targets -set -nocase -filter {name =~"APU*"}
rst -system
after 3000
targets -set -filter {jtag_cable_name =~ "Digilent Zybo Z7 210351B3FC88A" && level==0 && jtag_device_ctx=="jsn-Zybo Z7-210351B3FC88A-13722093-0"}
fpga -file C:/Users/gusta/OneDrive/Documents/universidad/4to/1r/SEP/Proyectos/pr2/SEPmonG3/SEPmon_SW/_ide/bitstream/SEPmon.bit
targets -set -nocase -filter {name =~"APU*"}
loadhw -hw C:/Users/gusta/OneDrive/Documents/universidad/4to/1r/SEP/Proyectos/pr2/SEPmonG3/SEPmonG3/export/SEPmonG3/hw/SEPmon.xsa -mem-ranges [list {0x40000000 0xbfffffff}] -regs
configparams force-mem-access 1
targets -set -nocase -filter {name =~"APU*"}
source C:/Users/gusta/OneDrive/Documents/universidad/4to/1r/SEP/Proyectos/pr2/SEPmonG3/SEPmon_SW/_ide/psinit/ps7_init.tcl
ps7_init
ps7_post_config
targets -set -nocase -filter {name =~ "*A9*#0"}
dow C:/Users/gusta/OneDrive/Documents/universidad/4to/1r/SEP/Proyectos/pr2/SEPmonG3/SEPmon_SW/Debug/SEPmon_SW.elf
configparams force-mem-access 0
----------------End of Script----------------

19:41:35 INFO  : Context for processor 'ps7_cortexa9_0' is selected.
19:41:35 INFO  : 'con' command is executed.
19:41:35 INFO  : ----------------XSDB Script (After Launch)----------------
targets -set -nocase -filter {name =~ "*A9*#0"}
con
----------------End of Script----------------

19:41:35 INFO  : Launch script is exported to file 'C:\Users\gusta\OneDrive\Documents\universidad\4to\1r\SEP\Proyectos\pr2\SEPmonG3\.sdk\launch_scripts\single_application_debug\debugger_sepmon_sw-default.tcl'
20:06:03 INFO  : Checking for BSP changes to sync application flags for project 'SEPmon_SW'...
20:06:22 INFO  : Disconnected from the channel tcfchan#20.
20:06:23 INFO  : Connected to target on host '127.0.0.1' and port '3121'.
20:06:23 INFO  : Jtag cable 'Digilent Zybo Z7 210351B3FC88A' is selected.
20:06:23 INFO  : 'jtag frequency' command is executed.
20:06:23 INFO  : Context for 'APU' is selected.
20:06:23 INFO  : System reset is completed.
20:06:26 INFO  : 'after 3000' command is executed.
20:06:26 INFO  : 'targets -set -filter {jtag_cable_name =~ "Digilent Zybo Z7 210351B3FC88A" && level==0 && jtag_device_ctx=="jsn-Zybo Z7-210351B3FC88A-13722093-0"}' command is executed.
20:06:28 INFO  : FPGA configured successfully with bitstream "C:/Users/gusta/OneDrive/Documents/universidad/4to/1r/SEP/Proyectos/pr2/SEPmonG3/SEPmon_SW/_ide/bitstream/SEPmon.bit"
20:06:28 INFO  : Context for 'APU' is selected.
20:06:28 INFO  : Hardware design and registers information is loaded from 'C:/Users/gusta/OneDrive/Documents/universidad/4to/1r/SEP/Proyectos/pr2/SEPmonG3/SEPmonG3/export/SEPmonG3/hw/SEPmon.xsa'.
20:06:28 INFO  : 'configparams force-mem-access 1' command is executed.
20:06:28 INFO  : Context for 'APU' is selected.
20:06:28 INFO  : Sourcing of 'C:/Users/gusta/OneDrive/Documents/universidad/4to/1r/SEP/Proyectos/pr2/SEPmonG3/SEPmon_SW/_ide/psinit/ps7_init.tcl' is done.
20:06:28 INFO  : 'ps7_init' command is executed.
20:06:28 INFO  : 'ps7_post_config' command is executed.
20:06:28 INFO  : Context for processor 'ps7_cortexa9_0' is selected.
20:06:30 INFO  : The application 'C:/Users/gusta/OneDrive/Documents/universidad/4to/1r/SEP/Proyectos/pr2/SEPmonG3/SEPmon_SW/Debug/SEPmon_SW.elf' is downloaded to processor 'ps7_cortexa9_0'.
20:06:30 INFO  : 'configparams force-mem-access 0' command is executed.
20:06:30 INFO  : ----------------XSDB Script----------------
connect -url tcp:127.0.0.1:3121
targets -set -nocase -filter {name =~"APU*"}
rst -system
after 3000
targets -set -filter {jtag_cable_name =~ "Digilent Zybo Z7 210351B3FC88A" && level==0 && jtag_device_ctx=="jsn-Zybo Z7-210351B3FC88A-13722093-0"}
fpga -file C:/Users/gusta/OneDrive/Documents/universidad/4to/1r/SEP/Proyectos/pr2/SEPmonG3/SEPmon_SW/_ide/bitstream/SEPmon.bit
targets -set -nocase -filter {name =~"APU*"}
loadhw -hw C:/Users/gusta/OneDrive/Documents/universidad/4to/1r/SEP/Proyectos/pr2/SEPmonG3/SEPmonG3/export/SEPmonG3/hw/SEPmon.xsa -mem-ranges [list {0x40000000 0xbfffffff}] -regs
configparams force-mem-access 1
targets -set -nocase -filter {name =~"APU*"}
source C:/Users/gusta/OneDrive/Documents/universidad/4to/1r/SEP/Proyectos/pr2/SEPmonG3/SEPmon_SW/_ide/psinit/ps7_init.tcl
ps7_init
ps7_post_config
targets -set -nocase -filter {name =~ "*A9*#0"}
dow C:/Users/gusta/OneDrive/Documents/universidad/4to/1r/SEP/Proyectos/pr2/SEPmonG3/SEPmon_SW/Debug/SEPmon_SW.elf
configparams force-mem-access 0
----------------End of Script----------------

20:06:30 INFO  : Context for processor 'ps7_cortexa9_0' is selected.
20:06:30 INFO  : 'con' command is executed.
20:06:30 INFO  : ----------------XSDB Script (After Launch)----------------
targets -set -nocase -filter {name =~ "*A9*#0"}
con
----------------End of Script----------------

20:06:30 INFO  : Launch script is exported to file 'C:\Users\gusta\OneDrive\Documents\universidad\4to\1r\SEP\Proyectos\pr2\SEPmonG3\.sdk\launch_scripts\single_application_debug\debugger_sepmon_sw-default.tcl'
20:08:42 INFO  : Checking for BSP changes to sync application flags for project 'SEPmon_SW'...
20:08:47 INFO  : Disconnected from the channel tcfchan#21.
20:08:48 INFO  : Connected to target on host '127.0.0.1' and port '3121'.
20:08:48 INFO  : Jtag cable 'Digilent Zybo Z7 210351B3FC88A' is selected.
20:08:48 INFO  : 'jtag frequency' command is executed.
20:08:48 INFO  : Context for 'APU' is selected.
20:08:48 INFO  : System reset is completed.
20:08:51 INFO  : 'after 3000' command is executed.
20:08:51 INFO  : 'targets -set -filter {jtag_cable_name =~ "Digilent Zybo Z7 210351B3FC88A" && level==0 && jtag_device_ctx=="jsn-Zybo Z7-210351B3FC88A-13722093-0"}' command is executed.
20:08:52 INFO  : FPGA configured successfully with bitstream "C:/Users/gusta/OneDrive/Documents/universidad/4to/1r/SEP/Proyectos/pr2/SEPmonG3/SEPmon_SW/_ide/bitstream/SEPmon.bit"
20:08:52 INFO  : Context for 'APU' is selected.
20:08:52 INFO  : Hardware design and registers information is loaded from 'C:/Users/gusta/OneDrive/Documents/universidad/4to/1r/SEP/Proyectos/pr2/SEPmonG3/SEPmonG3/export/SEPmonG3/hw/SEPmon.xsa'.
20:08:52 INFO  : 'configparams force-mem-access 1' command is executed.
20:08:52 INFO  : Context for 'APU' is selected.
20:08:52 INFO  : Sourcing of 'C:/Users/gusta/OneDrive/Documents/universidad/4to/1r/SEP/Proyectos/pr2/SEPmonG3/SEPmon_SW/_ide/psinit/ps7_init.tcl' is done.
20:08:53 INFO  : 'ps7_init' command is executed.
20:08:53 INFO  : 'ps7_post_config' command is executed.
20:08:53 INFO  : Context for processor 'ps7_cortexa9_0' is selected.
20:08:54 INFO  : The application 'C:/Users/gusta/OneDrive/Documents/universidad/4to/1r/SEP/Proyectos/pr2/SEPmonG3/SEPmon_SW/Debug/SEPmon_SW.elf' is downloaded to processor 'ps7_cortexa9_0'.
20:08:54 INFO  : 'configparams force-mem-access 0' command is executed.
20:08:54 INFO  : ----------------XSDB Script----------------
connect -url tcp:127.0.0.1:3121
targets -set -nocase -filter {name =~"APU*"}
rst -system
after 3000
targets -set -filter {jtag_cable_name =~ "Digilent Zybo Z7 210351B3FC88A" && level==0 && jtag_device_ctx=="jsn-Zybo Z7-210351B3FC88A-13722093-0"}
fpga -file C:/Users/gusta/OneDrive/Documents/universidad/4to/1r/SEP/Proyectos/pr2/SEPmonG3/SEPmon_SW/_ide/bitstream/SEPmon.bit
targets -set -nocase -filter {name =~"APU*"}
loadhw -hw C:/Users/gusta/OneDrive/Documents/universidad/4to/1r/SEP/Proyectos/pr2/SEPmonG3/SEPmonG3/export/SEPmonG3/hw/SEPmon.xsa -mem-ranges [list {0x40000000 0xbfffffff}] -regs
configparams force-mem-access 1
targets -set -nocase -filter {name =~"APU*"}
source C:/Users/gusta/OneDrive/Documents/universidad/4to/1r/SEP/Proyectos/pr2/SEPmonG3/SEPmon_SW/_ide/psinit/ps7_init.tcl
ps7_init
ps7_post_config
targets -set -nocase -filter {name =~ "*A9*#0"}
dow C:/Users/gusta/OneDrive/Documents/universidad/4to/1r/SEP/Proyectos/pr2/SEPmonG3/SEPmon_SW/Debug/SEPmon_SW.elf
configparams force-mem-access 0
----------------End of Script----------------

20:08:54 INFO  : Context for processor 'ps7_cortexa9_0' is selected.
20:08:54 INFO  : 'con' command is executed.
20:08:54 INFO  : ----------------XSDB Script (After Launch)----------------
targets -set -nocase -filter {name =~ "*A9*#0"}
con
----------------End of Script----------------

20:08:54 INFO  : Launch script is exported to file 'C:\Users\gusta\OneDrive\Documents\universidad\4to\1r\SEP\Proyectos\pr2\SEPmonG3\.sdk\launch_scripts\single_application_debug\debugger_sepmon_sw-default.tcl'
20:09:41 INFO  : Checking for BSP changes to sync application flags for project 'SEPmon_SW'...
20:09:55 INFO  : Disconnected from the channel tcfchan#22.
20:09:56 INFO  : Connected to target on host '127.0.0.1' and port '3121'.
20:09:56 INFO  : Jtag cable 'Digilent Zybo Z7 210351B3FC88A' is selected.
20:09:56 INFO  : 'jtag frequency' command is executed.
20:09:56 INFO  : Context for 'APU' is selected.
20:09:56 INFO  : System reset is completed.
20:09:59 INFO  : 'after 3000' command is executed.
20:09:59 INFO  : 'targets -set -filter {jtag_cable_name =~ "Digilent Zybo Z7 210351B3FC88A" && level==0 && jtag_device_ctx=="jsn-Zybo Z7-210351B3FC88A-13722093-0"}' command is executed.
20:10:00 INFO  : FPGA configured successfully with bitstream "C:/Users/gusta/OneDrive/Documents/universidad/4to/1r/SEP/Proyectos/pr2/SEPmonG3/SEPmon_SW/_ide/bitstream/SEPmon.bit"
20:10:00 INFO  : Context for 'APU' is selected.
20:10:00 INFO  : Hardware design and registers information is loaded from 'C:/Users/gusta/OneDrive/Documents/universidad/4to/1r/SEP/Proyectos/pr2/SEPmonG3/SEPmonG3/export/SEPmonG3/hw/SEPmon.xsa'.
20:10:00 INFO  : 'configparams force-mem-access 1' command is executed.
20:10:00 INFO  : Context for 'APU' is selected.
20:10:00 INFO  : Sourcing of 'C:/Users/gusta/OneDrive/Documents/universidad/4to/1r/SEP/Proyectos/pr2/SEPmonG3/SEPmon_SW/_ide/psinit/ps7_init.tcl' is done.
20:10:01 INFO  : 'ps7_init' command is executed.
20:10:01 INFO  : 'ps7_post_config' command is executed.
20:10:01 INFO  : Context for processor 'ps7_cortexa9_0' is selected.
20:10:02 INFO  : The application 'C:/Users/gusta/OneDrive/Documents/universidad/4to/1r/SEP/Proyectos/pr2/SEPmonG3/SEPmon_SW/Debug/SEPmon_SW.elf' is downloaded to processor 'ps7_cortexa9_0'.
20:10:02 INFO  : 'configparams force-mem-access 0' command is executed.
20:10:02 INFO  : ----------------XSDB Script----------------
connect -url tcp:127.0.0.1:3121
targets -set -nocase -filter {name =~"APU*"}
rst -system
after 3000
targets -set -filter {jtag_cable_name =~ "Digilent Zybo Z7 210351B3FC88A" && level==0 && jtag_device_ctx=="jsn-Zybo Z7-210351B3FC88A-13722093-0"}
fpga -file C:/Users/gusta/OneDrive/Documents/universidad/4to/1r/SEP/Proyectos/pr2/SEPmonG3/SEPmon_SW/_ide/bitstream/SEPmon.bit
targets -set -nocase -filter {name =~"APU*"}
loadhw -hw C:/Users/gusta/OneDrive/Documents/universidad/4to/1r/SEP/Proyectos/pr2/SEPmonG3/SEPmonG3/export/SEPmonG3/hw/SEPmon.xsa -mem-ranges [list {0x40000000 0xbfffffff}] -regs
configparams force-mem-access 1
targets -set -nocase -filter {name =~"APU*"}
source C:/Users/gusta/OneDrive/Documents/universidad/4to/1r/SEP/Proyectos/pr2/SEPmonG3/SEPmon_SW/_ide/psinit/ps7_init.tcl
ps7_init
ps7_post_config
targets -set -nocase -filter {name =~ "*A9*#0"}
dow C:/Users/gusta/OneDrive/Documents/universidad/4to/1r/SEP/Proyectos/pr2/SEPmonG3/SEPmon_SW/Debug/SEPmon_SW.elf
configparams force-mem-access 0
----------------End of Script----------------

20:10:02 INFO  : Context for processor 'ps7_cortexa9_0' is selected.
20:10:02 INFO  : 'con' command is executed.
20:10:02 INFO  : ----------------XSDB Script (After Launch)----------------
targets -set -nocase -filter {name =~ "*A9*#0"}
con
----------------End of Script----------------

20:10:02 INFO  : Launch script is exported to file 'C:\Users\gusta\OneDrive\Documents\universidad\4to\1r\SEP\Proyectos\pr2\SEPmonG3\.sdk\launch_scripts\single_application_debug\debugger_sepmon_sw-default.tcl'
20:11:17 INFO  : Checking for BSP changes to sync application flags for project 'SEPmon_SW'...
20:11:22 INFO  : Disconnected from the channel tcfchan#23.
20:11:23 INFO  : Connected to target on host '127.0.0.1' and port '3121'.
20:11:23 INFO  : Jtag cable 'Digilent Zybo Z7 210351B3FC88A' is selected.
20:11:23 INFO  : 'jtag frequency' command is executed.
20:11:24 INFO  : Context for 'APU' is selected.
20:11:24 INFO  : System reset is completed.
20:11:27 INFO  : 'after 3000' command is executed.
20:11:27 INFO  : 'targets -set -filter {jtag_cable_name =~ "Digilent Zybo Z7 210351B3FC88A" && level==0 && jtag_device_ctx=="jsn-Zybo Z7-210351B3FC88A-13722093-0"}' command is executed.
20:11:28 INFO  : FPGA configured successfully with bitstream "C:/Users/gusta/OneDrive/Documents/universidad/4to/1r/SEP/Proyectos/pr2/SEPmonG3/SEPmon_SW/_ide/bitstream/SEPmon.bit"
20:11:28 INFO  : Context for 'APU' is selected.
20:11:28 INFO  : Hardware design and registers information is loaded from 'C:/Users/gusta/OneDrive/Documents/universidad/4to/1r/SEP/Proyectos/pr2/SEPmonG3/SEPmonG3/export/SEPmonG3/hw/SEPmon.xsa'.
20:11:28 INFO  : 'configparams force-mem-access 1' command is executed.
20:11:28 INFO  : Context for 'APU' is selected.
20:11:28 INFO  : Sourcing of 'C:/Users/gusta/OneDrive/Documents/universidad/4to/1r/SEP/Proyectos/pr2/SEPmonG3/SEPmon_SW/_ide/psinit/ps7_init.tcl' is done.
20:11:28 INFO  : 'ps7_init' command is executed.
20:11:28 INFO  : 'ps7_post_config' command is executed.
20:11:28 INFO  : Context for processor 'ps7_cortexa9_0' is selected.
20:11:30 INFO  : The application 'C:/Users/gusta/OneDrive/Documents/universidad/4to/1r/SEP/Proyectos/pr2/SEPmonG3/SEPmon_SW/Debug/SEPmon_SW.elf' is downloaded to processor 'ps7_cortexa9_0'.
20:11:30 INFO  : 'configparams force-mem-access 0' command is executed.
20:11:30 INFO  : ----------------XSDB Script----------------
connect -url tcp:127.0.0.1:3121
targets -set -nocase -filter {name =~"APU*"}
rst -system
after 3000
targets -set -filter {jtag_cable_name =~ "Digilent Zybo Z7 210351B3FC88A" && level==0 && jtag_device_ctx=="jsn-Zybo Z7-210351B3FC88A-13722093-0"}
fpga -file C:/Users/gusta/OneDrive/Documents/universidad/4to/1r/SEP/Proyectos/pr2/SEPmonG3/SEPmon_SW/_ide/bitstream/SEPmon.bit
targets -set -nocase -filter {name =~"APU*"}
loadhw -hw C:/Users/gusta/OneDrive/Documents/universidad/4to/1r/SEP/Proyectos/pr2/SEPmonG3/SEPmonG3/export/SEPmonG3/hw/SEPmon.xsa -mem-ranges [list {0x40000000 0xbfffffff}] -regs
configparams force-mem-access 1
targets -set -nocase -filter {name =~"APU*"}
source C:/Users/gusta/OneDrive/Documents/universidad/4to/1r/SEP/Proyectos/pr2/SEPmonG3/SEPmon_SW/_ide/psinit/ps7_init.tcl
ps7_init
ps7_post_config
targets -set -nocase -filter {name =~ "*A9*#0"}
dow C:/Users/gusta/OneDrive/Documents/universidad/4to/1r/SEP/Proyectos/pr2/SEPmonG3/SEPmon_SW/Debug/SEPmon_SW.elf
configparams force-mem-access 0
----------------End of Script----------------

20:11:30 INFO  : Context for processor 'ps7_cortexa9_0' is selected.
20:11:30 INFO  : 'con' command is executed.
20:11:30 INFO  : ----------------XSDB Script (After Launch)----------------
targets -set -nocase -filter {name =~ "*A9*#0"}
con
----------------End of Script----------------

20:11:30 INFO  : Launch script is exported to file 'C:\Users\gusta\OneDrive\Documents\universidad\4to\1r\SEP\Proyectos\pr2\SEPmonG3\.sdk\launch_scripts\single_application_debug\debugger_sepmon_sw-default.tcl'
20:12:39 INFO  : Checking for BSP changes to sync application flags for project 'SEPmon_SW'...
20:12:46 INFO  : Disconnected from the channel tcfchan#24.
20:12:47 INFO  : Connected to target on host '127.0.0.1' and port '3121'.
20:12:47 INFO  : Jtag cable 'Digilent Zybo Z7 210351B3FC88A' is selected.
20:12:47 INFO  : 'jtag frequency' command is executed.
20:12:47 INFO  : Context for 'APU' is selected.
20:12:47 INFO  : System reset is completed.
20:12:50 INFO  : 'after 3000' command is executed.
20:12:50 INFO  : 'targets -set -filter {jtag_cable_name =~ "Digilent Zybo Z7 210351B3FC88A" && level==0 && jtag_device_ctx=="jsn-Zybo Z7-210351B3FC88A-13722093-0"}' command is executed.
20:12:51 INFO  : FPGA configured successfully with bitstream "C:/Users/gusta/OneDrive/Documents/universidad/4to/1r/SEP/Proyectos/pr2/SEPmonG3/SEPmon_SW/_ide/bitstream/SEPmon.bit"
20:12:51 INFO  : Context for 'APU' is selected.
20:12:51 INFO  : Hardware design and registers information is loaded from 'C:/Users/gusta/OneDrive/Documents/universidad/4to/1r/SEP/Proyectos/pr2/SEPmonG3/SEPmonG3/export/SEPmonG3/hw/SEPmon.xsa'.
20:12:51 INFO  : 'configparams force-mem-access 1' command is executed.
20:12:51 INFO  : Context for 'APU' is selected.
20:12:51 INFO  : Sourcing of 'C:/Users/gusta/OneDrive/Documents/universidad/4to/1r/SEP/Proyectos/pr2/SEPmonG3/SEPmon_SW/_ide/psinit/ps7_init.tcl' is done.
20:12:52 INFO  : 'ps7_init' command is executed.
20:12:52 INFO  : 'ps7_post_config' command is executed.
20:12:52 INFO  : Context for processor 'ps7_cortexa9_0' is selected.
20:12:53 INFO  : The application 'C:/Users/gusta/OneDrive/Documents/universidad/4to/1r/SEP/Proyectos/pr2/SEPmonG3/SEPmon_SW/Debug/SEPmon_SW.elf' is downloaded to processor 'ps7_cortexa9_0'.
20:12:53 INFO  : 'configparams force-mem-access 0' command is executed.
20:12:53 INFO  : ----------------XSDB Script----------------
connect -url tcp:127.0.0.1:3121
targets -set -nocase -filter {name =~"APU*"}
rst -system
after 3000
targets -set -filter {jtag_cable_name =~ "Digilent Zybo Z7 210351B3FC88A" && level==0 && jtag_device_ctx=="jsn-Zybo Z7-210351B3FC88A-13722093-0"}
fpga -file C:/Users/gusta/OneDrive/Documents/universidad/4to/1r/SEP/Proyectos/pr2/SEPmonG3/SEPmon_SW/_ide/bitstream/SEPmon.bit
targets -set -nocase -filter {name =~"APU*"}
loadhw -hw C:/Users/gusta/OneDrive/Documents/universidad/4to/1r/SEP/Proyectos/pr2/SEPmonG3/SEPmonG3/export/SEPmonG3/hw/SEPmon.xsa -mem-ranges [list {0x40000000 0xbfffffff}] -regs
configparams force-mem-access 1
targets -set -nocase -filter {name =~"APU*"}
source C:/Users/gusta/OneDrive/Documents/universidad/4to/1r/SEP/Proyectos/pr2/SEPmonG3/SEPmon_SW/_ide/psinit/ps7_init.tcl
ps7_init
ps7_post_config
targets -set -nocase -filter {name =~ "*A9*#0"}
dow C:/Users/gusta/OneDrive/Documents/universidad/4to/1r/SEP/Proyectos/pr2/SEPmonG3/SEPmon_SW/Debug/SEPmon_SW.elf
configparams force-mem-access 0
----------------End of Script----------------

20:12:53 INFO  : Context for processor 'ps7_cortexa9_0' is selected.
20:12:53 INFO  : 'con' command is executed.
20:12:53 INFO  : ----------------XSDB Script (After Launch)----------------
targets -set -nocase -filter {name =~ "*A9*#0"}
con
----------------End of Script----------------

20:12:53 INFO  : Launch script is exported to file 'C:\Users\gusta\OneDrive\Documents\universidad\4to\1r\SEP\Proyectos\pr2\SEPmonG3\.sdk\launch_scripts\single_application_debug\debugger_sepmon_sw-default.tcl'
20:13:23 INFO  : Checking for BSP changes to sync application flags for project 'SEPmon_SW'...
20:13:29 INFO  : Disconnected from the channel tcfchan#25.
20:13:30 INFO  : Connected to target on host '127.0.0.1' and port '3121'.
20:13:30 INFO  : Jtag cable 'Digilent Zybo Z7 210351B3FC88A' is selected.
20:13:30 INFO  : 'jtag frequency' command is executed.
20:13:30 INFO  : Context for 'APU' is selected.
20:13:30 INFO  : System reset is completed.
20:13:33 INFO  : 'after 3000' command is executed.
20:13:33 INFO  : 'targets -set -filter {jtag_cable_name =~ "Digilent Zybo Z7 210351B3FC88A" && level==0 && jtag_device_ctx=="jsn-Zybo Z7-210351B3FC88A-13722093-0"}' command is executed.
20:13:35 INFO  : FPGA configured successfully with bitstream "C:/Users/gusta/OneDrive/Documents/universidad/4to/1r/SEP/Proyectos/pr2/SEPmonG3/SEPmon_SW/_ide/bitstream/SEPmon.bit"
20:13:35 INFO  : Context for 'APU' is selected.
20:13:35 INFO  : Hardware design and registers information is loaded from 'C:/Users/gusta/OneDrive/Documents/universidad/4to/1r/SEP/Proyectos/pr2/SEPmonG3/SEPmonG3/export/SEPmonG3/hw/SEPmon.xsa'.
20:13:35 INFO  : 'configparams force-mem-access 1' command is executed.
20:13:35 INFO  : Context for 'APU' is selected.
20:13:35 INFO  : Sourcing of 'C:/Users/gusta/OneDrive/Documents/universidad/4to/1r/SEP/Proyectos/pr2/SEPmonG3/SEPmon_SW/_ide/psinit/ps7_init.tcl' is done.
20:13:35 INFO  : 'ps7_init' command is executed.
20:13:35 INFO  : 'ps7_post_config' command is executed.
20:13:35 INFO  : Context for processor 'ps7_cortexa9_0' is selected.
20:13:37 INFO  : The application 'C:/Users/gusta/OneDrive/Documents/universidad/4to/1r/SEP/Proyectos/pr2/SEPmonG3/SEPmon_SW/Debug/SEPmon_SW.elf' is downloaded to processor 'ps7_cortexa9_0'.
20:13:37 INFO  : 'configparams force-mem-access 0' command is executed.
20:13:37 INFO  : ----------------XSDB Script----------------
connect -url tcp:127.0.0.1:3121
targets -set -nocase -filter {name =~"APU*"}
rst -system
after 3000
targets -set -filter {jtag_cable_name =~ "Digilent Zybo Z7 210351B3FC88A" && level==0 && jtag_device_ctx=="jsn-Zybo Z7-210351B3FC88A-13722093-0"}
fpga -file C:/Users/gusta/OneDrive/Documents/universidad/4to/1r/SEP/Proyectos/pr2/SEPmonG3/SEPmon_SW/_ide/bitstream/SEPmon.bit
targets -set -nocase -filter {name =~"APU*"}
loadhw -hw C:/Users/gusta/OneDrive/Documents/universidad/4to/1r/SEP/Proyectos/pr2/SEPmonG3/SEPmonG3/export/SEPmonG3/hw/SEPmon.xsa -mem-ranges [list {0x40000000 0xbfffffff}] -regs
configparams force-mem-access 1
targets -set -nocase -filter {name =~"APU*"}
source C:/Users/gusta/OneDrive/Documents/universidad/4to/1r/SEP/Proyectos/pr2/SEPmonG3/SEPmon_SW/_ide/psinit/ps7_init.tcl
ps7_init
ps7_post_config
targets -set -nocase -filter {name =~ "*A9*#0"}
dow C:/Users/gusta/OneDrive/Documents/universidad/4to/1r/SEP/Proyectos/pr2/SEPmonG3/SEPmon_SW/Debug/SEPmon_SW.elf
configparams force-mem-access 0
----------------End of Script----------------

20:13:37 INFO  : Context for processor 'ps7_cortexa9_0' is selected.
20:13:37 INFO  : 'con' command is executed.
20:13:37 INFO  : ----------------XSDB Script (After Launch)----------------
targets -set -nocase -filter {name =~ "*A9*#0"}
con
----------------End of Script----------------

20:13:37 INFO  : Launch script is exported to file 'C:\Users\gusta\OneDrive\Documents\universidad\4to\1r\SEP\Proyectos\pr2\SEPmonG3\.sdk\launch_scripts\single_application_debug\debugger_sepmon_sw-default.tcl'
