#-----------------------------------------------------------
# Vivado v2020.1 (64-bit)
# SW Build 2902540 on Wed May 27 19:54:49 MDT 2020
# IP Build 2902112 on Wed May 27 22:43:36 MDT 2020
# Start of session at: Sat May 11 12:46:36 2024
# Process ID: 9908
# Current directory: C:/Users/gusta/Documents/SEP_projects/ram_reader
# Command line: vivado.exe -gui_launcher_event rodinguilauncherevent21772 C:\Users\gusta\Documents\SEP_projects\ram_reader\ram_reader.xpr
# Log file: C:/Users/gusta/Documents/SEP_projects/ram_reader/vivado.log
# Journal file: C:/Users/gusta/Documents/SEP_projects/ram_reader\vivado.jou
#-----------------------------------------------------------
start_gui
open_project C:/Users/gusta/Documents/SEP_projects/ram_reader/ram_reader.xpr
INFO: [Project 1-313] Project file moved from 'C:/DATA/2024/7mo semestre/SEP/Proyectos/ram_reader' since last save.
Scanning sources...
Finished scanning sources
CRITICAL WARNING: [Board 49-67] The board_part definition was not found for digilentinc.com:zybo-z7-10:part0:1.2. This can happen sometimes when you use custom board part. You can resolve this issue by setting 'board.repoPaths' parameter, pointing to the location of custom board files. Valid board_part values can be retrieved with the 'get_board_parts' Tcl command.
INFO: [IP_Flow 19-234] Refreshing IP repositories
INFO: [IP_Flow 19-1704] No user IP repositories specified
INFO: [IP_Flow 19-2313] Loaded Vivado IP repository 'C:/Xilinx/Vivado/2020.1/data/ip'.
open_project: Time (s): cpu = 00:00:15 ; elapsed = 00:00:08 . Memory (MB): peak = 1049.625 ; gain = 0.000
update_compile_order -fileset sources_1
