#-----------------------------------------------------------
# Vivado v2020.1 (64-bit)
# SW Build 2902540 on Wed May 27 19:54:49 MDT 2020
# IP Build 2902112 on Wed May 27 22:43:36 MDT 2020
# Start of session at: Sat May 11 19:36:25 2024
# Process ID: 20412
# Current directory: C:/Users/gusta/Documents/SEP_projects/init_axi
# Command line: vivado.exe -gui_launcher_event rodinguilauncherevent8096 C:\Users\gusta\Documents\SEP_projects\init_axi\init_axi.xpr
# Log file: C:/Users/gusta/Documents/SEP_projects/init_axi/vivado.log
# Journal file: C:/Users/gusta/Documents/SEP_projects/init_axi\vivado.jou
#-----------------------------------------------------------
start_gui
open_project C:/Users/gusta/Documents/SEP_projects/init_axi/init_axi.xpr
INFO: [Project 1-313] Project file moved from 'C:/Users/gusta/OneDrive/Documents/universidad/4to/1r/SEP/Proyectos/pr1/init_axi' since last save.
WARNING: [Project 1-312] File not found as 'C:/Users/gusta/Documents/SEP_projects/init_coe_files/data.coe'; using path 'C:/Users/gusta/OneDrive/Documents/universidad/4to/1r/SEP/Proyectos/pr1/init_coe_files/data.coe' instead.
WARNING: [Project 1-312] File not found as 'C:/Users/gusta/Documents/SEP_projects/init_coe_files/addr.coe'; using path 'C:/Users/gusta/OneDrive/Documents/universidad/4to/1r/SEP/Proyectos/pr1/init_coe_files/addr.coe' instead.
WARNING: [Project 1-312] File not found as 'C:/Users/gusta/Documents/SEP_projects/init_coe_files/mask.coe'; using path 'C:/Users/gusta/OneDrive/Documents/universidad/4to/1r/SEP/Proyectos/pr1/init_coe_files/mask.coe' instead.
WARNING: [Project 1-312] File not found as 'C:/Users/gusta/Documents/SEP_projects/init_coe_files/ctrl.coe'; using path 'C:/Users/gusta/OneDrive/Documents/universidad/4to/1r/SEP/Proyectos/pr1/init_coe_files/ctrl.coe' instead.
Scanning sources...
Finished scanning sources
WARNING: [Project 1-509] GeneratedRun file for 'synth_1' not found
WARNING: [Project 1-509] GeneratedRun file for 'design_1_clk_wiz_2_synth_1' not found
WARNING: [Project 1-509] GeneratedRun file for 'design_1_axi_traffic_gen_0_1_synth_1' not found
WARNING: [Project 1-509] GeneratedRun file for 'design_1_vio_0_2_synth_1' not found
WARNING: [Project 1-509] GeneratedRun file for 'impl_1' not found
INFO: [filemgmt 56-1] IP Repository Path: Directory not found as 'C:/Users/gusta/Documents/SEP_projects/ip_repo/Init_1.0'; using path 'C:/Users/gusta/OneDrive/Documents/universidad/4to/1r/SEP/Proyectos/pr1/ip_repo/Init_1.0' instead.
INFO: [filemgmt 56-1] IPUserFilesDir: Directory not found as 'C:/Users/gusta/Documents/SEP_projects/init_axi/init_axi.ip_user_files'; using path 'C:/Users/gusta/OneDrive/Documents/universidad/4to/1r/SEP/Proyectos/pr1/init_axi/init_axi.ip_user_files' instead.
INFO: [IP_Flow 19-234] Refreshing IP repositories
INFO: [IP_Flow 19-1700] Loaded user IP repository 'c:/Users/gusta/OneDrive/Documents/universidad/4to/1r/SEP/Proyectos/pr1/ip_repo/Init_1.0'.
INFO: [IP_Flow 19-2313] Loaded Vivado IP repository 'C:/Xilinx/Vivado/2020.1/data/ip'.
open_project: Time (s): cpu = 00:00:11 ; elapsed = 00:00:08 . Memory (MB): peak = 1048.848 ; gain = 0.000
