#-----------------------------------------------------------
# Vivado v2020.1 (64-bit)
# SW Build 2902540 on Wed May 27 19:54:49 MDT 2020
# IP Build 2902112 on Wed May 27 22:43:36 MDT 2020
# Start of session at: Mon May  6 22:46:32 2024
# Process ID: 19184
# Current directory: C:/Users/gusta/Documents/SEP_projects/driver
# Command line: vivado.exe -gui_launcher_event rodinguilauncherevent1000 C:\Users\gusta\Documents\SEP_projects\driver\driver.xpr
# Log file: C:/Users/gusta/Documents/SEP_projects/driver/vivado.log
# Journal file: C:/Users/gusta/Documents/SEP_projects/driver\vivado.jou
#-----------------------------------------------------------
start_gui
open_project C:/Users/gusta/Documents/SEP_projects/driver/driver.xpr
INFO: [Project 1-313] Project file moved from 'C:/DATA/2024/7mo semestre/SEP/Proyectos/driver' since last save.
CRITICAL WARNING: [Project 1-311] Could not find the file 'C:/../data/2024/7mo semestre/sep/proyectos/driver/component.xml', nor could it be found using path 'C:/data/2024/7mo semestre/sep/proyectos/driver/component.xml'.
Scanning sources...
Finished scanning sources
WARNING: [filemgmt 56-2] IP Repository Path: Could not find the directory 'C:/../data/2024/7mo semestre/sep/proyectos/driver', nor could it be found using path 'C:/data/2024/7mo semestre/sep/proyectos/driver'.
WARNING: [filemgmt 56-2] IPUserFilesDir: Could not find the directory 'C:/Users/gusta/Documents/SEP_projects/driver/driver.ip_user_files', nor could it be found using path 'C:/DATA/2024/7mo semestre/SEP/Proyectos/driver/driver.ip_user_files'.
CRITICAL WARNING: [Board 49-67] The board_part definition was not found for digilentinc.com:zybo-z7-10:part0:1.2. This can happen sometimes when you use custom board part. You can resolve this issue by setting 'board.repoPaths' parameter, pointing to the location of custom board files. Valid board_part values can be retrieved with the 'get_board_parts' Tcl command.
INFO: [IP_Flow 19-234] Refreshing IP repositories
WARNING: [IP_Flow 19-2248] Failed to load user IP repository 'c:data/2024/7mo semestre/sep/proyectos/driver'; Can't find the specified path.
If this directory should no longer be in your list of user repositories, go to the IP Settings dialog and remove it.
INFO: [IP_Flow 19-2313] Loaded Vivado IP repository 'C:/Xilinx/Vivado/2020.1/data/ip'.
open_project: Time (s): cpu = 00:00:10 ; elapsed = 00:00:05 . Memory (MB): peak = 1063.957 ; gain = 0.000
update_compile_order -fileset sources_1
