#-----------------------------------------------------------
# Vivado v2020.1 (64-bit)
# SW Build 2902540 on Wed May 27 19:54:49 MDT 2020
# IP Build 2902112 on Wed May 27 22:43:36 MDT 2020
# Start of session at: Sat May 11 10:16:50 2024
# Process ID: 27084
# Current directory: C:/Users/gusta/Documents/SEP_projects/SM
# Command line: vivado.exe -gui_launcher_event rodinguilauncherevent4912 C:\Users\gusta\Documents\SEP_projects\SM\SM.xpr
# Log file: C:/Users/gusta/Documents/SEP_projects/SM/vivado.log
# Journal file: C:/Users/gusta/Documents/SEP_projects/SM\vivado.jou
#-----------------------------------------------------------
start_gui
open_project C:/Users/gusta/Documents/SEP_projects/SM/SM.xpr
Scanning sources...
Finished scanning sources
WARNING: [filemgmt 56-3] IPUserFilesDir: Could not find the directory 'C:/Users/gusta/Documents/SEP_projects/SM/SM.ip_user_files'.
INFO: [IP_Flow 19-234] Refreshing IP repositories
INFO: [IP_Flow 19-1700] Loaded user IP repository 'c:/Users/gusta/Documents/SEP_projects/SM/SM.srcs/sources_1/new'.
INFO: [IP_Flow 19-2313] Loaded Vivado IP repository 'C:/Xilinx/Vivado/2020.1/data/ip'.
open_project: Time (s): cpu = 00:00:12 ; elapsed = 00:00:05 . Memory (MB): peak = 1062.078 ; gain = 0.000
update_compile_order -fileset sources_1
