
*** Running vivado
    with args -log design_1_LightControlAXI_0_0.vds -m64 -product Vivado -mode batch -messageDb vivado.pb -notrace -source design_1_LightControlAXI_0_0.tcl



****** Vivado v2020.1 (64-bit)
  **** SW Build 2902540 on Wed May 27 19:54:49 MDT 2020
  **** IP Build 2902112 on Wed May 27 22:43:36 MDT 2020
    ** Copyright 1986-2020 Xilinx, Inc. All Rights Reserved.

source design_1_LightControlAXI_0_0.tcl -notrace
INFO: [IP_Flow 19-234] Refreshing IP repositories
INFO: [IP_Flow 19-1700] Loaded user IP repository 'c:/Users/gusta/OneDrive/Escritorio/ip_repo/LightControlAXI_1.0'.
INFO: [IP_Flow 19-2313] Loaded Vivado IP repository 'C:/Xilinx/Vivado/2020.1/data/ip'.
Command: synth_design -top design_1_LightControlAXI_0_0 -part xc7z010clg400-1 -mode out_of_context
Starting synth_design
Attempting to get a license for feature 'Synthesis' and/or device 'xc7z010'
INFO: [Common 17-349] Got license for feature 'Synthesis' and/or device 'xc7z010'
INFO: [Device 21-403] Loading part xc7z010clg400-1
INFO: [Synth 8-7079] Multithreading enabled for synth_design using a maximum of 2 processes.
INFO: [Synth 8-7078] Launching helper process for spawning children vivado processes
INFO: [Synth 8-7075] Helper process launched with PID 16072
---------------------------------------------------------------------------------
Starting RTL Elaboration : Time (s): cpu = 00:00:06 ; elapsed = 00:00:12 . Memory (MB): peak = 1059.531 ; gain = 0.000
---------------------------------------------------------------------------------
INFO: [Synth 8-638] synthesizing module 'design_1_LightControlAXI_0_0' [c:/Users/gusta/OneDrive/Escritorio/LightControlaxi/LightControlaxi.srcs/sources_1/bd/design_1/ip/design_1_LightControlAXI_0_0/synth/design_1_LightControlAXI_0_0.vhd:107]
	Parameter C_S00_AXI_ID_WIDTH bound to: 0 - type: integer 
	Parameter C_S00_AXI_DATA_WIDTH bound to: 32 - type: integer 
	Parameter C_S00_AXI_ADDR_WIDTH bound to: 6 - type: integer 
	Parameter C_S00_AXI_AWUSER_WIDTH bound to: 8 - type: integer 
	Parameter C_S00_AXI_ARUSER_WIDTH bound to: 8 - type: integer 
	Parameter C_S00_AXI_WUSER_WIDTH bound to: 0 - type: integer 
	Parameter C_S00_AXI_RUSER_WIDTH bound to: 0 - type: integer 
	Parameter C_S00_AXI_BUSER_WIDTH bound to: 0 - type: integer 
	Parameter state_init bound to: 3'b001 
	Parameter state_game bound to: 3'b011 
	Parameter state_result bound to: 3'b100 
INFO: [Synth 8-3491] module 'LightControlAXI_v1_0' declared at 'c:/Users/gusta/OneDrive/Escritorio/LightControlaxi/LightControlaxi.srcs/sources_1/bd/design_1/ipshared/9a67/hdl/LightControlAXI_v1_0.vhd:5' bound to instance 'U0' of component 'LightControlAXI_v1_0' [c:/Users/gusta/OneDrive/Escritorio/LightControlaxi/LightControlaxi.srcs/sources_1/bd/design_1/ip/design_1_LightControlAXI_0_0/synth/design_1_LightControlAXI_0_0.vhd:234]
INFO: [Synth 8-638] synthesizing module 'LightControlAXI_v1_0' [c:/Users/gusta/OneDrive/Escritorio/LightControlaxi/LightControlaxi.srcs/sources_1/bd/design_1/ipshared/9a67/hdl/LightControlAXI_v1_0.vhd:89]
	Parameter state_init bound to: 3'b001 
	Parameter state_game bound to: 3'b011 
	Parameter state_result bound to: 3'b100 
	Parameter C_S00_AXI_ID_WIDTH bound to: 0 - type: integer 
	Parameter C_S00_AXI_DATA_WIDTH bound to: 32 - type: integer 
	Parameter C_S00_AXI_ADDR_WIDTH bound to: 6 - type: integer 
	Parameter C_S00_AXI_AWUSER_WIDTH bound to: 8 - type: integer 
	Parameter C_S00_AXI_ARUSER_WIDTH bound to: 8 - type: integer 
	Parameter C_S00_AXI_WUSER_WIDTH bound to: 0 - type: integer 
	Parameter C_S00_AXI_RUSER_WIDTH bound to: 0 - type: integer 
	Parameter C_S00_AXI_BUSER_WIDTH bound to: 0 - type: integer 
WARNING: [Synth 8-506] null port 's00_axi_awid' ignored [c:/Users/gusta/OneDrive/Escritorio/LightControlaxi/LightControlaxi.srcs/sources_1/bd/design_1/ipshared/9a67/hdl/LightControlAXI_v1_0.vhd:42]
WARNING: [Synth 8-506] null port 's00_axi_wuser' ignored [c:/Users/gusta/OneDrive/Escritorio/LightControlaxi/LightControlaxi.srcs/sources_1/bd/design_1/ipshared/9a67/hdl/LightControlAXI_v1_0.vhd:58]
WARNING: [Synth 8-506] null port 's00_axi_bid' ignored [c:/Users/gusta/OneDrive/Escritorio/LightControlaxi/LightControlaxi.srcs/sources_1/bd/design_1/ipshared/9a67/hdl/LightControlAXI_v1_0.vhd:61]
WARNING: [Synth 8-506] null port 's00_axi_buser' ignored [c:/Users/gusta/OneDrive/Escritorio/LightControlaxi/LightControlaxi.srcs/sources_1/bd/design_1/ipshared/9a67/hdl/LightControlAXI_v1_0.vhd:63]
WARNING: [Synth 8-506] null port 's00_axi_arid' ignored [c:/Users/gusta/OneDrive/Escritorio/LightControlaxi/LightControlaxi.srcs/sources_1/bd/design_1/ipshared/9a67/hdl/LightControlAXI_v1_0.vhd:66]
WARNING: [Synth 8-506] null port 's00_axi_rid' ignored [c:/Users/gusta/OneDrive/Escritorio/LightControlaxi/LightControlaxi.srcs/sources_1/bd/design_1/ipshared/9a67/hdl/LightControlAXI_v1_0.vhd:79]
WARNING: [Synth 8-506] null port 's00_axi_ruser' ignored [c:/Users/gusta/OneDrive/Escritorio/LightControlaxi/LightControlaxi.srcs/sources_1/bd/design_1/ipshared/9a67/hdl/LightControlAXI_v1_0.vhd:83]
	Parameter state_init bound to: 3'b001 
	Parameter state_game bound to: 3'b011 
	Parameter state_result bound to: 3'b100 
	Parameter C_S_AXI_ID_WIDTH bound to: 0 - type: integer 
	Parameter C_S_AXI_DATA_WIDTH bound to: 32 - type: integer 
	Parameter C_S_AXI_ADDR_WIDTH bound to: 6 - type: integer 
	Parameter C_S_AXI_AWUSER_WIDTH bound to: 8 - type: integer 
	Parameter C_S_AXI_ARUSER_WIDTH bound to: 8 - type: integer 
	Parameter C_S_AXI_WUSER_WIDTH bound to: 0 - type: integer 
	Parameter C_S_AXI_RUSER_WIDTH bound to: 0 - type: integer 
	Parameter C_S_AXI_BUSER_WIDTH bound to: 0 - type: integer 
WARNING: [Synth 8-506] null port 'S_AXI_AWID' ignored [c:/Users/gusta/OneDrive/Escritorio/LightControlaxi/LightControlaxi.srcs/sources_1/bd/design_1/ipshared/9a67/hdl/LightControlAXI_v1_0.vhd:118]
WARNING: [Synth 8-506] null port 'S_AXI_WUSER' ignored [c:/Users/gusta/OneDrive/Escritorio/LightControlaxi/LightControlaxi.srcs/sources_1/bd/design_1/ipshared/9a67/hdl/LightControlAXI_v1_0.vhd:134]
WARNING: [Synth 8-506] null port 'S_AXI_BID' ignored [c:/Users/gusta/OneDrive/Escritorio/LightControlaxi/LightControlaxi.srcs/sources_1/bd/design_1/ipshared/9a67/hdl/LightControlAXI_v1_0.vhd:137]
WARNING: [Synth 8-506] null port 'S_AXI_BUSER' ignored [c:/Users/gusta/OneDrive/Escritorio/LightControlaxi/LightControlaxi.srcs/sources_1/bd/design_1/ipshared/9a67/hdl/LightControlAXI_v1_0.vhd:139]
WARNING: [Synth 8-506] null port 'S_AXI_ARID' ignored [c:/Users/gusta/OneDrive/Escritorio/LightControlaxi/LightControlaxi.srcs/sources_1/bd/design_1/ipshared/9a67/hdl/LightControlAXI_v1_0.vhd:142]
WARNING: [Synth 8-506] null port 'S_AXI_RID' ignored [c:/Users/gusta/OneDrive/Escritorio/LightControlaxi/LightControlaxi.srcs/sources_1/bd/design_1/ipshared/9a67/hdl/LightControlAXI_v1_0.vhd:155]
WARNING: [Synth 8-506] null port 'S_AXI_RUSER' ignored [c:/Users/gusta/OneDrive/Escritorio/LightControlaxi/LightControlaxi.srcs/sources_1/bd/design_1/ipshared/9a67/hdl/LightControlAXI_v1_0.vhd:159]
INFO: [Synth 8-3491] module 'LightControlAXI_v1_0_S00_AXI' declared at 'c:/Users/gusta/OneDrive/Escritorio/LightControlaxi/LightControlaxi.srcs/sources_1/bd/design_1/ipshared/9a67/hdl/LightControlAXI_v1_0_S00_AXI.vhd:5' bound to instance 'LightControlAXI_v1_0_S00_AXI_inst' of component 'LightControlAXI_v1_0_S00_AXI' [c:/Users/gusta/OneDrive/Escritorio/LightControlaxi/LightControlaxi.srcs/sources_1/bd/design_1/ipshared/9a67/hdl/LightControlAXI_v1_0.vhd:168]
INFO: [Synth 8-638] synthesizing module 'LightControlAXI_v1_0_S00_AXI' [c:/Users/gusta/OneDrive/Escritorio/LightControlaxi/LightControlaxi.srcs/sources_1/bd/design_1/ipshared/9a67/hdl/LightControlAXI_v1_0_S00_AXI.vhd:179]
	Parameter state_init bound to: 3'b001 
	Parameter state_game bound to: 3'b011 
	Parameter state_result bound to: 3'b100 
	Parameter C_S_AXI_ID_WIDTH bound to: 0 - type: integer 
	Parameter C_S_AXI_DATA_WIDTH bound to: 32 - type: integer 
	Parameter C_S_AXI_ADDR_WIDTH bound to: 6 - type: integer 
	Parameter C_S_AXI_AWUSER_WIDTH bound to: 8 - type: integer 
	Parameter C_S_AXI_ARUSER_WIDTH bound to: 8 - type: integer 
	Parameter C_S_AXI_WUSER_WIDTH bound to: 0 - type: integer 
	Parameter C_S_AXI_RUSER_WIDTH bound to: 0 - type: integer 
	Parameter C_S_AXI_BUSER_WIDTH bound to: 0 - type: integer 
WARNING: [Synth 8-506] null port 'S_AXI_AWID' ignored [c:/Users/gusta/OneDrive/Escritorio/LightControlaxi/LightControlaxi.srcs/sources_1/bd/design_1/ipshared/9a67/hdl/LightControlAXI_v1_0_S00_AXI.vhd:51]
WARNING: [Synth 8-506] null port 'S_AXI_WUSER' ignored [c:/Users/gusta/OneDrive/Escritorio/LightControlaxi/LightControlaxi.srcs/sources_1/bd/design_1/ipshared/9a67/hdl/LightControlAXI_v1_0_S00_AXI.vhd:97]
WARNING: [Synth 8-506] null port 'S_AXI_BID' ignored [c:/Users/gusta/OneDrive/Escritorio/LightControlaxi/LightControlaxi.srcs/sources_1/bd/design_1/ipshared/9a67/hdl/LightControlAXI_v1_0_S00_AXI.vhd:106]
WARNING: [Synth 8-506] null port 'S_AXI_BUSER' ignored [c:/Users/gusta/OneDrive/Escritorio/LightControlaxi/LightControlaxi.srcs/sources_1/bd/design_1/ipshared/9a67/hdl/LightControlAXI_v1_0_S00_AXI.vhd:111]
WARNING: [Synth 8-506] null port 'S_AXI_ARID' ignored [c:/Users/gusta/OneDrive/Escritorio/LightControlaxi/LightControlaxi.srcs/sources_1/bd/design_1/ipshared/9a67/hdl/LightControlAXI_v1_0_S00_AXI.vhd:120]
WARNING: [Synth 8-506] null port 'S_AXI_RID' ignored [c:/Users/gusta/OneDrive/Escritorio/LightControlaxi/LightControlaxi.srcs/sources_1/bd/design_1/ipshared/9a67/hdl/LightControlAXI_v1_0_S00_AXI.vhd:159]
WARNING: [Synth 8-506] null port 'S_AXI_RUSER' ignored [c:/Users/gusta/OneDrive/Escritorio/LightControlaxi/LightControlaxi.srcs/sources_1/bd/design_1/ipshared/9a67/hdl/LightControlAXI_v1_0_S00_AXI.vhd:169]
WARNING: [Synth 8-6774] Null subtype or type declaration found [c:/Users/gusta/OneDrive/Escritorio/LightControlaxi/LightControlaxi.srcs/sources_1/bd/design_1/ipshared/9a67/hdl/LightControlAXI_v1_0_S00_AXI.vhd:189]
WARNING: [Synth 8-6774] Null subtype or type declaration found [c:/Users/gusta/OneDrive/Escritorio/LightControlaxi/LightControlaxi.srcs/sources_1/bd/design_1/ipshared/9a67/hdl/LightControlAXI_v1_0_S00_AXI.vhd:196]
WARNING: [Synth 8-614] signal 'sm' is read in the process but is not in the sensitivity list [c:/Users/gusta/OneDrive/Escritorio/LightControlaxi/LightControlaxi.srcs/sources_1/bd/design_1/ipshared/9a67/hdl/LightControlAXI_v1_0_S00_AXI.vhd:569]
INFO: [Synth 8-256] done synthesizing module 'LightControlAXI_v1_0_S00_AXI' (1#1) [c:/Users/gusta/OneDrive/Escritorio/LightControlaxi/LightControlaxi.srcs/sources_1/bd/design_1/ipshared/9a67/hdl/LightControlAXI_v1_0_S00_AXI.vhd:179]
WARNING: [Synth 8-6778] Component port with null array found, Will be ignored [c:/Users/gusta/OneDrive/Escritorio/LightControlaxi/LightControlaxi.srcs/sources_1/bd/design_1/ipshared/9a67/hdl/LightControlAXI_v1_0.vhd:194]
WARNING: [Synth 8-6778] Component port with null array found, Will be ignored [c:/Users/gusta/OneDrive/Escritorio/LightControlaxi/LightControlaxi.srcs/sources_1/bd/design_1/ipshared/9a67/hdl/LightControlAXI_v1_0.vhd:210]
WARNING: [Synth 8-6778] Component port with null array found, Will be ignored [c:/Users/gusta/OneDrive/Escritorio/LightControlaxi/LightControlaxi.srcs/sources_1/bd/design_1/ipshared/9a67/hdl/LightControlAXI_v1_0.vhd:213]
WARNING: [Synth 8-6778] Component port with null array found, Will be ignored [c:/Users/gusta/OneDrive/Escritorio/LightControlaxi/LightControlaxi.srcs/sources_1/bd/design_1/ipshared/9a67/hdl/LightControlAXI_v1_0.vhd:215]
WARNING: [Synth 8-6778] Component port with null array found, Will be ignored [c:/Users/gusta/OneDrive/Escritorio/LightControlaxi/LightControlaxi.srcs/sources_1/bd/design_1/ipshared/9a67/hdl/LightControlAXI_v1_0.vhd:218]
WARNING: [Synth 8-6778] Component port with null array found, Will be ignored [c:/Users/gusta/OneDrive/Escritorio/LightControlaxi/LightControlaxi.srcs/sources_1/bd/design_1/ipshared/9a67/hdl/LightControlAXI_v1_0.vhd:231]
WARNING: [Synth 8-6778] Component port with null array found, Will be ignored [c:/Users/gusta/OneDrive/Escritorio/LightControlaxi/LightControlaxi.srcs/sources_1/bd/design_1/ipshared/9a67/hdl/LightControlAXI_v1_0.vhd:235]
INFO: [Synth 8-256] done synthesizing module 'LightControlAXI_v1_0' (2#1) [c:/Users/gusta/OneDrive/Escritorio/LightControlaxi/LightControlaxi.srcs/sources_1/bd/design_1/ipshared/9a67/hdl/LightControlAXI_v1_0.vhd:89]
INFO: [Synth 8-256] done synthesizing module 'design_1_LightControlAXI_0_0' (3#1) [c:/Users/gusta/OneDrive/Escritorio/LightControlaxi/LightControlaxi.srcs/sources_1/bd/design_1/ip/design_1_LightControlAXI_0_0/synth/design_1_LightControlAXI_0_0.vhd:107]
---------------------------------------------------------------------------------
Finished RTL Elaboration : Time (s): cpu = 00:00:08 ; elapsed = 00:00:15 . Memory (MB): peak = 1059.531 ; gain = 0.000
---------------------------------------------------------------------------------
---------------------------------------------------------------------------------
Start Handling Custom Attributes
---------------------------------------------------------------------------------
---------------------------------------------------------------------------------
Finished Handling Custom Attributes : Time (s): cpu = 00:00:08 ; elapsed = 00:00:16 . Memory (MB): peak = 1059.531 ; gain = 0.000
---------------------------------------------------------------------------------
---------------------------------------------------------------------------------
Finished RTL Optimization Phase 1 : Time (s): cpu = 00:00:08 ; elapsed = 00:00:16 . Memory (MB): peak = 1059.531 ; gain = 0.000
---------------------------------------------------------------------------------
Netlist sorting complete. Time (s): cpu = 00:00:01 ; elapsed = 00:00:00.020 . Memory (MB): peak = 1059.531 ; gain = 0.000
INFO: [Project 1-570] Preparing netlist for logic optimization

Processing XDC Constraints
Initializing timing engine
Completed Processing XDC Constraints

Netlist sorting complete. Time (s): cpu = 00:00:00 ; elapsed = 00:00:00.001 . Memory (MB): peak = 1142.281 ; gain = 0.000
INFO: [Project 1-111] Unisim Transformation Summary:
No Unisim elements were transformed.

Constraint Validation Runtime : Time (s): cpu = 00:00:00 ; elapsed = 00:00:00.062 . Memory (MB): peak = 1142.293 ; gain = 0.012
---------------------------------------------------------------------------------
Finished Constraint Validation : Time (s): cpu = 00:00:18 ; elapsed = 00:00:29 . Memory (MB): peak = 1142.293 ; gain = 82.762
---------------------------------------------------------------------------------
---------------------------------------------------------------------------------
Start Loading Part and Timing Information
---------------------------------------------------------------------------------
Loading part: xc7z010clg400-1
---------------------------------------------------------------------------------
Finished Loading Part and Timing Information : Time (s): cpu = 00:00:18 ; elapsed = 00:00:29 . Memory (MB): peak = 1142.293 ; gain = 82.762
---------------------------------------------------------------------------------
---------------------------------------------------------------------------------
Start Applying 'set_property' XDC Constraints
---------------------------------------------------------------------------------
---------------------------------------------------------------------------------
Finished applying 'set_property' XDC Constraints : Time (s): cpu = 00:00:18 ; elapsed = 00:00:29 . Memory (MB): peak = 1142.293 ; gain = 82.762
---------------------------------------------------------------------------------
---------------------------------------------------------------------------------
Finished RTL Optimization Phase 2 : Time (s): cpu = 00:00:19 ; elapsed = 00:00:30 . Memory (MB): peak = 1142.293 ; gain = 82.762
---------------------------------------------------------------------------------
---------------------------------------------------------------------------------
Start RTL Component Statistics 
---------------------------------------------------------------------------------
Detailed RTL Component Info : 
+---Adders : 
	   2 Input    8 Bit       Adders := 2     
	   3 Input    6 Bit       Adders := 2     
	   2 Input    4 Bit       Adders := 2     
+---XORs : 
	   2 Input      6 Bit         XORs := 2     
+---Registers : 
	                8 Bit    Registers := 10    
	                6 Bit    Registers := 2     
	                3 Bit    Registers := 1     
	                2 Bit    Registers := 4     
	                1 Bit    Registers := 8     
+---RAMs : 
	              128 Bit	(16 X 8 bit)          RAMs := 4     
+---Muxes : 
	   2 Input   32 Bit        Muxes := 1     
	   2 Input    6 Bit        Muxes := 4     
	   4 Input    6 Bit        Muxes := 2     
	   2 Input    4 Bit        Muxes := 3     
	   3 Input    4 Bit        Muxes := 1     
	   2 Input    3 Bit        Muxes := 2     
	   2 Input    2 Bit        Muxes := 1     
	   2 Input    1 Bit        Muxes := 19    
	   4 Input    1 Bit        Muxes := 2     
---------------------------------------------------------------------------------
Finished RTL Component Statistics 
---------------------------------------------------------------------------------
---------------------------------------------------------------------------------
Start Part Resource Summary
---------------------------------------------------------------------------------
Part Resources:
DSPs: 80 (col length:40)
BRAMs: 120 (col length: RAMB18 40 RAMB36 20)
---------------------------------------------------------------------------------
Finished Part Resource Summary
---------------------------------------------------------------------------------
---------------------------------------------------------------------------------
Start Cross Boundary and Area Optimization
---------------------------------------------------------------------------------
---------------------------------------------------------------------------------
Finished Cross Boundary and Area Optimization : Time (s): cpu = 00:00:22 ; elapsed = 00:00:34 . Memory (MB): peak = 1142.293 ; gain = 82.762
---------------------------------------------------------------------------------
---------------------------------------------------------------------------------
Start ROM, RAM, DSP and Shift Register Reporting
---------------------------------------------------------------------------------

Distributed RAM: Preliminary Mapping	Report (see note below)
+-----------------------------+--------------------------------------------------------------------------------+-----------+----------------------+---------------+
|Module Name                  | RTL Object                                                                     | Inference | Size (Depth x Width) | Primitives    | 
+-----------------------------+--------------------------------------------------------------------------------+-----------+----------------------+---------------+
|design_1_LightControlAXI_0_0 | U0/LightControlAXI_v1_0_S00_AXI_inst/BRAM_GEN[0].BYTE_BRAM_GEN[0].byte_ram_reg | Implied   | 16 x 8               | RAM16X1S x 8	 | 
|design_1_LightControlAXI_0_0 | U0/LightControlAXI_v1_0_S00_AXI_inst/BRAM_GEN[0].BYTE_BRAM_GEN[1].byte_ram_reg | Implied   | 16 x 8               | RAM16X1S x 8	 | 
|design_1_LightControlAXI_0_0 | U0/LightControlAXI_v1_0_S00_AXI_inst/BRAM_GEN[0].BYTE_BRAM_GEN[2].byte_ram_reg | Implied   | 16 x 8               | RAM16X1S x 8	 | 
|design_1_LightControlAXI_0_0 | U0/LightControlAXI_v1_0_S00_AXI_inst/BRAM_GEN[0].BYTE_BRAM_GEN[3].byte_ram_reg | Implied   | 16 x 8               | RAM16X1S x 8	 | 
+-----------------------------+--------------------------------------------------------------------------------+-----------+----------------------+---------------+

Note: The table above is a preliminary report that shows the Distributed RAMs at the current stage of the synthesis flow. Some Distributed RAMs may be reimplemented as non Distributed RAM primitives later in the synthesis flow. Multiple instantiated RAMs are reported only once.
---------------------------------------------------------------------------------
Finished ROM, RAM, DSP and Shift Register Reporting
---------------------------------------------------------------------------------
---------------------------------------------------------------------------------
Start Applying XDC Timing Constraints
---------------------------------------------------------------------------------
---------------------------------------------------------------------------------
Finished Applying XDC Timing Constraints : Time (s): cpu = 00:00:35 ; elapsed = 00:00:55 . Memory (MB): peak = 1142.293 ; gain = 82.762
---------------------------------------------------------------------------------
---------------------------------------------------------------------------------
Start Timing Optimization
---------------------------------------------------------------------------------
---------------------------------------------------------------------------------
Finished Timing Optimization : Time (s): cpu = 00:00:35 ; elapsed = 00:00:55 . Memory (MB): peak = 1142.293 ; gain = 82.762
---------------------------------------------------------------------------------
---------------------------------------------------------------------------------
Start ROM, RAM, DSP and Shift Register Reporting
---------------------------------------------------------------------------------

Distributed RAM: Final Mapping	Report
+-----------------------------+--------------------------------------------------------------------------------+-----------+----------------------+---------------+
|Module Name                  | RTL Object                                                                     | Inference | Size (Depth x Width) | Primitives    | 
+-----------------------------+--------------------------------------------------------------------------------+-----------+----------------------+---------------+
|design_1_LightControlAXI_0_0 | U0/LightControlAXI_v1_0_S00_AXI_inst/BRAM_GEN[0].BYTE_BRAM_GEN[0].byte_ram_reg | Implied   | 16 x 8               | RAM16X1S x 8	 | 
|design_1_LightControlAXI_0_0 | U0/LightControlAXI_v1_0_S00_AXI_inst/BRAM_GEN[0].BYTE_BRAM_GEN[1].byte_ram_reg | Implied   | 16 x 8               | RAM16X1S x 8	 | 
|design_1_LightControlAXI_0_0 | U0/LightControlAXI_v1_0_S00_AXI_inst/BRAM_GEN[0].BYTE_BRAM_GEN[2].byte_ram_reg | Implied   | 16 x 8               | RAM16X1S x 8	 | 
|design_1_LightControlAXI_0_0 | U0/LightControlAXI_v1_0_S00_AXI_inst/BRAM_GEN[0].BYTE_BRAM_GEN[3].byte_ram_reg | Implied   | 16 x 8               | RAM16X1S x 8	 | 
+-----------------------------+--------------------------------------------------------------------------------+-----------+----------------------+---------------+

---------------------------------------------------------------------------------
Finished ROM, RAM, DSP and Shift Register Reporting
---------------------------------------------------------------------------------
---------------------------------------------------------------------------------
Start Technology Mapping
---------------------------------------------------------------------------------
---------------------------------------------------------------------------------
Finished Technology Mapping : Time (s): cpu = 00:00:35 ; elapsed = 00:00:55 . Memory (MB): peak = 1145.066 ; gain = 85.535
---------------------------------------------------------------------------------
---------------------------------------------------------------------------------
Start IO Insertion
---------------------------------------------------------------------------------
---------------------------------------------------------------------------------
Start Flattening Before IO Insertion
---------------------------------------------------------------------------------
---------------------------------------------------------------------------------
Finished Flattening Before IO Insertion
---------------------------------------------------------------------------------
---------------------------------------------------------------------------------
Start Final Netlist Cleanup
---------------------------------------------------------------------------------
---------------------------------------------------------------------------------
Finished Final Netlist Cleanup
---------------------------------------------------------------------------------
---------------------------------------------------------------------------------
Finished IO Insertion : Time (s): cpu = 00:00:43 ; elapsed = 00:01:11 . Memory (MB): peak = 1150.887 ; gain = 91.355
---------------------------------------------------------------------------------
---------------------------------------------------------------------------------
Start Renaming Generated Instances
---------------------------------------------------------------------------------
---------------------------------------------------------------------------------
Finished Renaming Generated Instances : Time (s): cpu = 00:00:43 ; elapsed = 00:01:11 . Memory (MB): peak = 1150.887 ; gain = 91.355
---------------------------------------------------------------------------------
---------------------------------------------------------------------------------
Start Rebuilding User Hierarchy
---------------------------------------------------------------------------------
---------------------------------------------------------------------------------
Finished Rebuilding User Hierarchy : Time (s): cpu = 00:00:43 ; elapsed = 00:01:12 . Memory (MB): peak = 1150.887 ; gain = 91.355
---------------------------------------------------------------------------------
---------------------------------------------------------------------------------
Start Renaming Generated Ports
---------------------------------------------------------------------------------
---------------------------------------------------------------------------------
Finished Renaming Generated Ports : Time (s): cpu = 00:00:43 ; elapsed = 00:01:12 . Memory (MB): peak = 1150.887 ; gain = 91.355
---------------------------------------------------------------------------------
---------------------------------------------------------------------------------
Start Handling Custom Attributes
---------------------------------------------------------------------------------
---------------------------------------------------------------------------------
Finished Handling Custom Attributes : Time (s): cpu = 00:00:43 ; elapsed = 00:01:12 . Memory (MB): peak = 1150.887 ; gain = 91.355
---------------------------------------------------------------------------------
---------------------------------------------------------------------------------
Start Renaming Generated Nets
---------------------------------------------------------------------------------
---------------------------------------------------------------------------------
Finished Renaming Generated Nets : Time (s): cpu = 00:00:43 ; elapsed = 00:01:12 . Memory (MB): peak = 1150.887 ; gain = 91.355
---------------------------------------------------------------------------------
---------------------------------------------------------------------------------
Start Writing Synthesis Report
---------------------------------------------------------------------------------

Report BlackBoxes: 
+-+--------------+----------+
| |BlackBox name |Instances |
+-+--------------+----------+
+-+--------------+----------+

Report Cell Usage: 
+------+---------+------+
|      |Cell     |Count |
+------+---------+------+
|1     |CARRY4   |    19|
|2     |LUT1     |    15|
|3     |LUT2     |    40|
|4     |LUT3     |    17|
|5     |LUT4     |    53|
|6     |LUT5     |    12|
|7     |LUT6     |    35|
|8     |RAM16X1S |    32|
|9     |FDCE     |    32|
|10    |FDRE     |    87|
+------+---------+------+
---------------------------------------------------------------------------------
Finished Writing Synthesis Report : Time (s): cpu = 00:00:43 ; elapsed = 00:01:12 . Memory (MB): peak = 1150.887 ; gain = 91.355
---------------------------------------------------------------------------------
Synthesis finished with 0 errors, 0 critical warnings and 0 warnings.
Synthesis Optimization Runtime : Time (s): cpu = 00:00:32 ; elapsed = 00:01:09 . Memory (MB): peak = 1150.887 ; gain = 8.594
Synthesis Optimization Complete : Time (s): cpu = 00:00:43 ; elapsed = 00:01:13 . Memory (MB): peak = 1150.887 ; gain = 91.355
INFO: [Project 1-571] Translating synthesized netlist
Netlist sorting complete. Time (s): cpu = 00:00:00 ; elapsed = 00:00:00.021 . Memory (MB): peak = 1162.938 ; gain = 0.000
INFO: [Netlist 29-17] Analyzing 51 Unisim elements for replacement
INFO: [Netlist 29-28] Unisim Transformation completed in 0 CPU seconds
INFO: [Project 1-570] Preparing netlist for logic optimization
INFO: [Opt 31-138] Pushed 0 inverter(s) to 0 load pin(s).
Netlist sorting complete. Time (s): cpu = 00:00:00 ; elapsed = 00:00:00 . Memory (MB): peak = 1162.969 ; gain = 0.000
INFO: [Project 1-111] Unisim Transformation Summary:
  A total of 32 instances were transformed.
  RAM16X1S => RAM32X1S (RAMS32): 32 instances

INFO: [Common 17-83] Releasing license: Synthesis
25 Infos, 31 Warnings, 0 Critical Warnings and 0 Errors encountered.
synth_design completed successfully
synth_design: Time (s): cpu = 00:00:54 ; elapsed = 00:01:39 . Memory (MB): peak = 1162.969 ; gain = 103.438
INFO: [Common 17-1381] The checkpoint 'C:/Users/gusta/OneDrive/Escritorio/LightControlaxi/LightControlaxi.runs/design_1_LightControlAXI_0_0_synth_1/design_1_LightControlAXI_0_0.dcp' has been generated.
WARNING: [Common 17-576] 'use_project_ipc' is deprecated. This option is deprecated and no longer used.
INFO: [Coretcl 2-1648] Added synthesis output to IP cache for IP design_1_LightControlAXI_0_0, cache-ID = 102d9d052db98771
INFO: [Coretcl 2-1174] Renamed 2 cell refs.
INFO: [Common 17-1381] The checkpoint 'C:/Users/gusta/OneDrive/Escritorio/LightControlaxi/LightControlaxi.runs/design_1_LightControlAXI_0_0_synth_1/design_1_LightControlAXI_0_0.dcp' has been generated.
INFO: [runtcl-4] Executing : report_utilization -file design_1_LightControlAXI_0_0_utilization_synth.rpt -pb design_1_LightControlAXI_0_0_utilization_synth.pb
INFO: [Common 17-206] Exiting Vivado at Sat May 11 23:16:52 2024...
